[3.006s] Invoking command in '/home/rasp/桌面/smart-cane/src/pkg_helloworld_py': PYTHONPATH=/home/rasp/桌面/smart-cane/build/pkg_helloworld_py/prefix_override:/usr/lib/python3/dist-packages/colcon_core/task/python/colcon_distutils_commands:/home/rasp/桌面/smart-cane/install/pkg_helloworld_py/lib/python3.10/site-packages:${PYTHONPATH} /usr/bin/python3 -W ignore:setup.py install is deprecated -W ignore:easy_install command is deprecated setup.py egg_info --egg-base ../../build/pkg_helloworld_py build --build-base /home/rasp/桌面/smart-cane/build/pkg_helloworld_py/build install --record /home/rasp/桌面/smart-cane/build/pkg_helloworld_py/install.log --single-version-externally-managed install_data
[4.320s] running egg_info
[4.323s] writing ../../build/pkg_helloworld_py/pkg_helloworld_py.egg-info/PKG-INFO
[4.326s] writing dependency_links to ../../build/pkg_helloworld_py/pkg_helloworld_py.egg-info/dependency_links.txt
[4.327s] writing entry points to ../../build/pkg_helloworld_py/pkg_helloworld_py.egg-info/entry_points.txt
[4.329s] writing requirements to ../../build/pkg_helloworld_py/pkg_helloworld_py.egg-info/requires.txt
[4.329s] writing top-level names to ../../build/pkg_helloworld_py/pkg_helloworld_py.egg-info/top_level.txt
[4.338s] reading manifest file '../../build/pkg_helloworld_py/pkg_helloworld_py.egg-info/SOURCES.txt'
[4.343s] writing manifest file '../../build/pkg_helloworld_py/pkg_helloworld_py.egg-info/SOURCES.txt'
[4.344s] running build
[4.345s] running build_py
[4.346s] running install
[4.347s] running install_lib
[4.353s] running install_data
[4.355s] running install_egg_info
[4.361s] removing '/home/rasp/桌面/smart-cane/install/pkg_helloworld_py/lib/python3.10/site-packages/pkg_helloworld_py-0.0.0-py3.10.egg-info' (and everything under it)
[4.365s] Copying ../../build/pkg_helloworld_py/pkg_helloworld_py.egg-info to /home/rasp/桌面/smart-cane/install/pkg_helloworld_py/lib/python3.10/site-packages/pkg_helloworld_py-0.0.0-py3.10.egg-info
[4.372s] running install_scripts
[4.454s] Installing helloworld script to /home/rasp/桌面/smart-cane/install/pkg_helloworld_py/lib/pkg_helloworld_py
[4.456s] writing list of installed files to '/home/rasp/桌面/smart-cane/build/pkg_helloworld_py/install.log'
[4.595s] Invoked command in '/home/rasp/桌面/smart-cane/src/pkg_helloworld_py' returned '0': PYTHONPATH=/home/rasp/桌面/smart-cane/build/pkg_helloworld_py/prefix_override:/usr/lib/python3/dist-packages/colcon_core/task/python/colcon_distutils_commands:/home/rasp/桌面/smart-cane/install/pkg_helloworld_py/lib/python3.10/site-packages:${PYTHONPATH} /usr/bin/python3 -W ignore:setup.py install is deprecated -W ignore:easy_install command is deprecated setup.py egg_info --egg-base ../../build/pkg_helloworld_py build --build-base /home/rasp/桌面/smart-cane/build/pkg_helloworld_py/build install --record /home/rasp/桌面/smart-cane/build/pkg_helloworld_py/install.log --single-version-externally-managed install_data
