[3.087s] Invoking command in '/home/rasp/桌面/smart-cane/src/pkg_helloworld_py': PYTHONPATH=/home/rasp/桌面/smart-cane/build/pkg_helloworld_py/prefix_override:/usr/lib/python3/dist-packages/colcon_core/task/python/colcon_distutils_commands:/home/rasp/桌面/smart-cane/install/pkg_helloworld_py/lib/python3.10/site-packages:${PYTHONPATH} /usr/bin/python3 -W ignore:setup.py install is deprecated -W ignore:easy_install command is deprecated setup.py egg_info --egg-base ../../build/pkg_helloworld_py build --build-base /home/rasp/桌面/smart-cane/build/pkg_helloworld_py/build install --record /home/rasp/桌面/smart-cane/build/pkg_helloworld_py/install.log --single-version-externally-managed install_data
[4.470s] running egg_info
[4.473s] creating ../../build/pkg_helloworld_py/pkg_helloworld_py.egg-info
[4.474s] writing ../../build/pkg_helloworld_py/pkg_helloworld_py.egg-info/PKG-INFO
[4.475s] writing dependency_links to ../../build/pkg_helloworld_py/pkg_helloworld_py.egg-info/dependency_links.txt
[4.476s] writing entry points to ../../build/pkg_helloworld_py/pkg_helloworld_py.egg-info/entry_points.txt
[4.477s] writing requirements to ../../build/pkg_helloworld_py/pkg_helloworld_py.egg-info/requires.txt
[4.477s] writing top-level names to ../../build/pkg_helloworld_py/pkg_helloworld_py.egg-info/top_level.txt
[4.478s] writing manifest file '../../build/pkg_helloworld_py/pkg_helloworld_py.egg-info/SOURCES.txt'
[4.485s] reading manifest file '../../build/pkg_helloworld_py/pkg_helloworld_py.egg-info/SOURCES.txt'
[4.488s] writing manifest file '../../build/pkg_helloworld_py/pkg_helloworld_py.egg-info/SOURCES.txt'
[4.489s] running build
[4.489s] running build_py
[4.490s] creating /home/rasp/桌面/smart-cane/build/pkg_helloworld_py/build
[4.491s] creating /home/rasp/桌面/smart-cane/build/pkg_helloworld_py/build/lib
[4.491s] creating /home/rasp/桌面/smart-cane/build/pkg_helloworld_py/build/lib/pkg_helloworld_py
[4.492s] copying pkg_helloworld_py/helloworld.py -> /home/rasp/桌面/smart-cane/build/pkg_helloworld_py/build/lib/pkg_helloworld_py
[4.492s] copying pkg_helloworld_py/__init__.py -> /home/rasp/桌面/smart-cane/build/pkg_helloworld_py/build/lib/pkg_helloworld_py
[4.493s] running install
[4.494s] running install_lib
[4.498s] creating /home/rasp/桌面/smart-cane/install/pkg_helloworld_py/lib/python3.10/site-packages/pkg_helloworld_py
[4.498s] copying /home/rasp/桌面/smart-cane/build/pkg_helloworld_py/build/lib/pkg_helloworld_py/helloworld.py -> /home/rasp/桌面/smart-cane/install/pkg_helloworld_py/lib/python3.10/site-packages/pkg_helloworld_py
[4.499s] copying /home/rasp/桌面/smart-cane/build/pkg_helloworld_py/build/lib/pkg_helloworld_py/__init__.py -> /home/rasp/桌面/smart-cane/install/pkg_helloworld_py/lib/python3.10/site-packages/pkg_helloworld_py
[4.502s] byte-compiling /home/rasp/桌面/smart-cane/install/pkg_helloworld_py/lib/python3.10/site-packages/pkg_helloworld_py/helloworld.py to helloworld.cpython-310.pyc
[4.504s] byte-compiling /home/rasp/桌面/smart-cane/install/pkg_helloworld_py/lib/python3.10/site-packages/pkg_helloworld_py/__init__.py to __init__.cpython-310.pyc
[4.505s] running install_data
[4.506s] creating /home/rasp/桌面/smart-cane/install/pkg_helloworld_py/share/ament_index
[4.506s] creating /home/rasp/桌面/smart-cane/install/pkg_helloworld_py/share/ament_index/resource_index
[4.506s] creating /home/rasp/桌面/smart-cane/install/pkg_helloworld_py/share/ament_index/resource_index/packages
[4.507s] copying resource/pkg_helloworld_py -> /home/rasp/桌面/smart-cane/install/pkg_helloworld_py/share/ament_index/resource_index/packages
[4.508s] copying package.xml -> /home/rasp/桌面/smart-cane/install/pkg_helloworld_py/share/pkg_helloworld_py
[4.508s] running install_egg_info
[4.516s] Copying ../../build/pkg_helloworld_py/pkg_helloworld_py.egg-info to /home/rasp/桌面/smart-cane/install/pkg_helloworld_py/lib/python3.10/site-packages/pkg_helloworld_py-0.0.0-py3.10.egg-info
[4.521s] running install_scripts
[4.603s] Installing helloworld script to /home/rasp/桌面/smart-cane/install/pkg_helloworld_py/lib/pkg_helloworld_py
[4.605s] writing list of installed files to '/home/rasp/桌面/smart-cane/build/pkg_helloworld_py/install.log'
[4.736s] Invoked command in '/home/rasp/桌面/smart-cane/src/pkg_helloworld_py' returned '0': PYTHONPATH=/home/rasp/桌面/smart-cane/build/pkg_helloworld_py/prefix_override:/usr/lib/python3/dist-packages/colcon_core/task/python/colcon_distutils_commands:/home/rasp/桌面/smart-cane/install/pkg_helloworld_py/lib/python3.10/site-packages:${PYTHONPATH} /usr/bin/python3 -W ignore:setup.py install is deprecated -W ignore:easy_install command is deprecated setup.py egg_info --egg-base ../../build/pkg_helloworld_py build --build-base /home/rasp/桌面/smart-cane/build/pkg_helloworld_py/build install --record /home/rasp/桌面/smart-cane/build/pkg_helloworld_py/install.log --single-version-externally-managed install_data
