[1.298s] DEBUG:colcon:Command line arguments: ['/usr/bin/colcon', 'build', '--symlink-install']
[1.299s] DEBUG:colcon:Parsed command line arguments: Namespace(log_base=None, log_level=None, verb_name='build', build_base='build', install_base='install', merge_install=False, symlink_install=True, test_result_base=None, continue_on_error=False, executor='parallel', parallel_workers=4, event_handlers=None, ignore_user_meta=False, metas=['./colcon.meta'], base_paths=['.'], packages_ignore=None, packages_ignore_regex=None, paths=None, packages_up_to=None, packages_up_to_regex=None, packages_above=None, packages_above_and_dependencies=None, packages_above_depth=None, packages_select_by_dep=None, packages_skip_by_dep=None, packages_skip_up_to=None, packages_select_build_failed=False, packages_skip_build_finished=False, packages_select_test_failures=False, packages_skip_test_passed=False, packages_select=None, packages_skip=None, packages_select_regex=None, packages_skip_regex=None, packages_start=None, packages_end=None, allow_overriding=[], cmake_args=None, cmake_target=None, cmake_target_skip_unavailable=False, cmake_clean_cache=False, cmake_clean_first=False, cmake_force_configure=False, ament_cmake_args=None, catkin_cmake_args=None, catkin_skip_building_tests=False, verb_parser=<colcon_defaults.argument_parser.defaults.DefaultArgumentsDecorator object at 0xffffad4faec0>, verb_extension=<colcon_core.verb.build.BuildVerb object at 0xffffad6e8370>, main=<bound method BuildVerb.main of <colcon_core.verb.build.BuildVerb object at 0xffffad6e8370>>)
[2.589s] Level 1:colcon.colcon_core.package_discovery:discover_packages(colcon_meta) check parameters
[2.590s] Level 1:colcon.colcon_core.package_discovery:discover_packages(recursive) check parameters
[2.591s] Level 1:colcon.colcon_core.package_discovery:discover_packages(ignore) check parameters
[2.591s] Level 1:colcon.colcon_core.package_discovery:discover_packages(path) check parameters
[2.591s] Level 1:colcon.colcon_core.package_discovery:discover_packages(colcon_meta) discover
[2.591s] Level 1:colcon.colcon_core.package_discovery:discover_packages(recursive) discover
[2.592s] INFO:colcon.colcon_core.package_discovery:Crawling recursively for packages in '/home/rasp/桌面/smart-cane'
[2.592s] Level 1:colcon.colcon_core.package_identification:_identify(.) by extensions ['ignore', 'ignore_ament_install']
[2.593s] Level 1:colcon.colcon_core.package_identification:_identify(.) by extension 'ignore'
[2.593s] Level 1:colcon.colcon_core.package_identification:_identify(.) by extension 'ignore_ament_install'
[2.594s] Level 1:colcon.colcon_core.package_identification:_identify(.) by extensions ['colcon_pkg']
[2.594s] Level 1:colcon.colcon_core.package_identification:_identify(.) by extension 'colcon_pkg'
[2.594s] Level 1:colcon.colcon_core.package_identification:_identify(.) by extensions ['colcon_meta']
[2.595s] Level 1:colcon.colcon_core.package_identification:_identify(.) by extension 'colcon_meta'
[2.595s] Level 1:colcon.colcon_core.package_identification:_identify(.) by extensions ['ros']
[2.595s] Level 1:colcon.colcon_core.package_identification:_identify(.) by extension 'ros'
[2.672s] Level 1:colcon.colcon_core.package_identification:_identify(.) by extensions ['cmake', 'python']
[2.673s] Level 1:colcon.colcon_core.package_identification:_identify(.) by extension 'cmake'
[2.673s] Level 1:colcon.colcon_core.package_identification:_identify(.) by extension 'python'
[2.673s] Level 1:colcon.colcon_core.package_identification:_identify(.) by extensions ['python_setup_py']
[2.673s] Level 1:colcon.colcon_core.package_identification:_identify(.) by extension 'python_setup_py'
[2.674s] Level 1:colcon.colcon_core.package_identification:_identify(3D模型技术规格) by extensions ['ignore', 'ignore_ament_install']
[2.675s] Level 1:colcon.colcon_core.package_identification:_identify(3D模型技术规格) by extension 'ignore'
[2.675s] Level 1:colcon.colcon_core.package_identification:_identify(3D模型技术规格) by extension 'ignore_ament_install'
[2.675s] Level 1:colcon.colcon_core.package_identification:_identify(3D模型技术规格) by extensions ['colcon_pkg']
[2.676s] Level 1:colcon.colcon_core.package_identification:_identify(3D模型技术规格) by extension 'colcon_pkg'
[2.676s] Level 1:colcon.colcon_core.package_identification:_identify(3D模型技术规格) by extensions ['colcon_meta']
[2.676s] Level 1:colcon.colcon_core.package_identification:_identify(3D模型技术规格) by extension 'colcon_meta'
[2.676s] Level 1:colcon.colcon_core.package_identification:_identify(3D模型技术规格) by extensions ['ros']
[2.676s] Level 1:colcon.colcon_core.package_identification:_identify(3D模型技术规格) by extension 'ros'
[2.677s] Level 1:colcon.colcon_core.package_identification:_identify(3D模型技术规格) by extensions ['cmake', 'python']
[2.677s] Level 1:colcon.colcon_core.package_identification:_identify(3D模型技术规格) by extension 'cmake'
[2.677s] Level 1:colcon.colcon_core.package_identification:_identify(3D模型技术规格) by extension 'python'
[2.678s] Level 1:colcon.colcon_core.package_identification:_identify(3D模型技术规格) by extensions ['python_setup_py']
[2.678s] Level 1:colcon.colcon_core.package_identification:_identify(3D模型技术规格) by extension 'python_setup_py'
[2.678s] Level 1:colcon.colcon_core.package_identification:_identify(YDLidar-SDK-master) by extensions ['ignore', 'ignore_ament_install']
[2.679s] Level 1:colcon.colcon_core.package_identification:_identify(YDLidar-SDK-master) by extension 'ignore'
[2.679s] Level 1:colcon.colcon_core.package_identification:_identify(YDLidar-SDK-master) by extension 'ignore_ament_install'
[2.679s] Level 1:colcon.colcon_core.package_identification:_identify(YDLidar-SDK-master) by extensions ['colcon_pkg']
[2.679s] Level 1:colcon.colcon_core.package_identification:_identify(YDLidar-SDK-master) by extension 'colcon_pkg'
[2.680s] Level 1:colcon.colcon_core.package_identification:_identify(YDLidar-SDK-master) by extensions ['colcon_meta']
[2.680s] Level 1:colcon.colcon_core.package_identification:_identify(YDLidar-SDK-master) by extension 'colcon_meta'
[2.680s] Level 1:colcon.colcon_core.package_identification:_identify(YDLidar-SDK-master) by extensions ['ros']
[2.680s] Level 1:colcon.colcon_core.package_identification:_identify(YDLidar-SDK-master) by extension 'ros'
[2.681s] Level 1:colcon.colcon_core.package_identification:_identify(YDLidar-SDK-master) by extensions ['cmake', 'python']
[2.681s] Level 1:colcon.colcon_core.package_identification:_identify(YDLidar-SDK-master) by extension 'cmake'
[2.812s] Level 1:colcon.colcon_core.package_identification:_identify(YDLidar-SDK-master) by extension 'python'
[2.812s] DEBUG:colcon.colcon_core.package_identification:Package 'YDLidar-SDK-master' with type 'cmake' and name 'ydlidar_sdk'
[2.813s] Level 1:colcon.colcon_core.package_identification:_identify(build) by extensions ['ignore', 'ignore_ament_install']
[2.813s] Level 1:colcon.colcon_core.package_identification:_identify(build) by extension 'ignore'
[2.813s] Level 1:colcon.colcon_core.package_identification:_identify(build) ignored
[2.814s] Level 1:colcon.colcon_core.package_identification:_identify(install) by extensions ['ignore', 'ignore_ament_install']
[2.815s] Level 1:colcon.colcon_core.package_identification:_identify(install) by extension 'ignore'
[2.815s] Level 1:colcon.colcon_core.package_identification:_identify(install) ignored
[2.815s] Level 1:colcon.colcon_core.package_identification:_identify(log) by extensions ['ignore', 'ignore_ament_install']
[2.816s] Level 1:colcon.colcon_core.package_identification:_identify(log) by extension 'ignore'
[2.816s] Level 1:colcon.colcon_core.package_identification:_identify(log) ignored
[2.816s] Level 1:colcon.colcon_core.package_identification:_identify(src) by extensions ['ignore', 'ignore_ament_install']
[2.817s] Level 1:colcon.colcon_core.package_identification:_identify(src) by extension 'ignore'
[2.817s] Level 1:colcon.colcon_core.package_identification:_identify(src) by extension 'ignore_ament_install'
[2.817s] Level 1:colcon.colcon_core.package_identification:_identify(src) by extensions ['colcon_pkg']
[2.818s] Level 1:colcon.colcon_core.package_identification:_identify(src) by extension 'colcon_pkg'
[2.818s] Level 1:colcon.colcon_core.package_identification:_identify(src) by extensions ['colcon_meta']
[2.818s] Level 1:colcon.colcon_core.package_identification:_identify(src) by extension 'colcon_meta'
[2.818s] Level 1:colcon.colcon_core.package_identification:_identify(src) by extensions ['ros']
[2.818s] Level 1:colcon.colcon_core.package_identification:_identify(src) by extension 'ros'
[2.819s] Level 1:colcon.colcon_core.package_identification:_identify(src) by extensions ['cmake', 'python']
[2.819s] Level 1:colcon.colcon_core.package_identification:_identify(src) by extension 'cmake'
[2.819s] Level 1:colcon.colcon_core.package_identification:_identify(src) by extension 'python'
[2.819s] Level 1:colcon.colcon_core.package_identification:_identify(src) by extensions ['python_setup_py']
[2.819s] Level 1:colcon.colcon_core.package_identification:_identify(src) by extension 'python_setup_py'
[2.820s] Level 1:colcon.colcon_core.package_identification:_identify(src/pkg_helloworld_py) by extensions ['ignore', 'ignore_ament_install']
[2.820s] Level 1:colcon.colcon_core.package_identification:_identify(src/pkg_helloworld_py) by extension 'ignore'
[2.821s] Level 1:colcon.colcon_core.package_identification:_identify(src/pkg_helloworld_py) by extension 'ignore_ament_install'
[2.821s] Level 1:colcon.colcon_core.package_identification:_identify(src/pkg_helloworld_py) by extensions ['colcon_pkg']
[2.821s] Level 1:colcon.colcon_core.package_identification:_identify(src/pkg_helloworld_py) by extension 'colcon_pkg'
[2.821s] Level 1:colcon.colcon_core.package_identification:_identify(src/pkg_helloworld_py) by extensions ['colcon_meta']
[2.821s] Level 1:colcon.colcon_core.package_identification:_identify(src/pkg_helloworld_py) by extension 'colcon_meta'
[2.822s] Level 1:colcon.colcon_core.package_identification:_identify(src/pkg_helloworld_py) by extensions ['ros']
[2.822s] Level 1:colcon.colcon_core.package_identification:_identify(src/pkg_helloworld_py) by extension 'ros'
[2.846s] DEBUG:colcon.colcon_core.package_identification:Package 'src/pkg_helloworld_py' with type 'ros.ament_python' and name 'pkg_helloworld_py'
[2.847s] Level 1:colcon.colcon_core.package_identification:_identify(src/ydlidar_ros2_driver-master) by extensions ['ignore', 'ignore_ament_install']
[2.848s] Level 1:colcon.colcon_core.package_identification:_identify(src/ydlidar_ros2_driver-master) by extension 'ignore'
[2.848s] Level 1:colcon.colcon_core.package_identification:_identify(src/ydlidar_ros2_driver-master) by extension 'ignore_ament_install'
[2.848s] Level 1:colcon.colcon_core.package_identification:_identify(src/ydlidar_ros2_driver-master) by extensions ['colcon_pkg']
[2.849s] Level 1:colcon.colcon_core.package_identification:_identify(src/ydlidar_ros2_driver-master) by extension 'colcon_pkg'
[2.849s] Level 1:colcon.colcon_core.package_identification:_identify(src/ydlidar_ros2_driver-master) by extensions ['colcon_meta']
[2.849s] Level 1:colcon.colcon_core.package_identification:_identify(src/ydlidar_ros2_driver-master) by extension 'colcon_meta'
[2.849s] Level 1:colcon.colcon_core.package_identification:_identify(src/ydlidar_ros2_driver-master) by extensions ['ros']
[2.850s] Level 1:colcon.colcon_core.package_identification:_identify(src/ydlidar_ros2_driver-master) by extension 'ros'
[2.854s] DEBUG:colcon.colcon_core.package_identification:Package 'src/ydlidar_ros2_driver-master' with type 'ros.ament_cmake' and name 'ydlidar_ros2_driver'
[2.854s] Level 1:colcon.colcon_core.package_discovery:discover_packages(recursive) using defaults
[2.855s] Level 1:colcon.colcon_core.package_discovery:discover_packages(ignore) discover
[2.855s] Level 1:colcon.colcon_core.package_discovery:discover_packages(ignore) using defaults
[2.855s] Level 1:colcon.colcon_core.package_discovery:discover_packages(path) discover
[2.855s] Level 1:colcon.colcon_core.package_discovery:discover_packages(path) using defaults
[3.001s] Level 1:colcon.colcon_core.package_discovery:discover_packages(prefix_path) check parameters
[3.002s] Level 1:colcon.colcon_core.package_discovery:discover_packages(prefix_path) discover
[3.018s] DEBUG:colcon.colcon_installed_package_information.package_discovery:Found 3 installed packages in /home/rasp/桌面/smart-cane/install
[3.027s] DEBUG:colcon.colcon_installed_package_information.package_discovery:Found 271 installed packages in /opt/ros/humble
[3.070s] Level 1:colcon.colcon_core.package_discovery:discover_packages(prefix_path) using defaults
[3.243s] Level 5:colcon.colcon_core.verb:set package 'pkg_helloworld_py' build argument 'cmake_args' from command line to 'None'
[3.243s] Level 5:colcon.colcon_core.verb:set package 'pkg_helloworld_py' build argument 'cmake_target' from command line to 'None'
[3.243s] Level 5:colcon.colcon_core.verb:set package 'pkg_helloworld_py' build argument 'cmake_target_skip_unavailable' from command line to 'False'
[3.243s] Level 5:colcon.colcon_core.verb:set package 'pkg_helloworld_py' build argument 'cmake_clean_cache' from command line to 'False'
[3.244s] Level 5:colcon.colcon_core.verb:set package 'pkg_helloworld_py' build argument 'cmake_clean_first' from command line to 'False'
[3.244s] Level 5:colcon.colcon_core.verb:set package 'pkg_helloworld_py' build argument 'cmake_force_configure' from command line to 'False'
[3.244s] Level 5:colcon.colcon_core.verb:set package 'pkg_helloworld_py' build argument 'ament_cmake_args' from command line to 'None'
[3.244s] Level 5:colcon.colcon_core.verb:set package 'pkg_helloworld_py' build argument 'catkin_cmake_args' from command line to 'None'
[3.244s] Level 5:colcon.colcon_core.verb:set package 'pkg_helloworld_py' build argument 'catkin_skip_building_tests' from command line to 'False'
[3.244s] DEBUG:colcon.colcon_core.verb:Building package 'pkg_helloworld_py' with the following arguments: {'ament_cmake_args': None, 'build_base': '/home/rasp/桌面/smart-cane/build/pkg_helloworld_py', 'catkin_cmake_args': None, 'catkin_skip_building_tests': False, 'cmake_args': None, 'cmake_clean_cache': False, 'cmake_clean_first': False, 'cmake_force_configure': False, 'cmake_target': None, 'cmake_target_skip_unavailable': False, 'install_base': '/home/rasp/桌面/smart-cane/install/pkg_helloworld_py', 'merge_install': False, 'path': '/home/rasp/桌面/smart-cane/src/pkg_helloworld_py', 'symlink_install': True, 'test_result_base': None}
[3.246s] Level 5:colcon.colcon_core.verb:set package 'ydlidar_ros2_driver' build argument 'cmake_args' from command line to 'None'
[3.246s] Level 5:colcon.colcon_core.verb:set package 'ydlidar_ros2_driver' build argument 'cmake_target' from command line to 'None'
[3.246s] Level 5:colcon.colcon_core.verb:set package 'ydlidar_ros2_driver' build argument 'cmake_target_skip_unavailable' from command line to 'False'
[3.246s] Level 5:colcon.colcon_core.verb:set package 'ydlidar_ros2_driver' build argument 'cmake_clean_cache' from command line to 'False'
[3.246s] Level 5:colcon.colcon_core.verb:set package 'ydlidar_ros2_driver' build argument 'cmake_clean_first' from command line to 'False'
[3.247s] Level 5:colcon.colcon_core.verb:set package 'ydlidar_ros2_driver' build argument 'cmake_force_configure' from command line to 'False'
[3.247s] Level 5:colcon.colcon_core.verb:set package 'ydlidar_ros2_driver' build argument 'ament_cmake_args' from command line to 'None'
[3.247s] Level 5:colcon.colcon_core.verb:set package 'ydlidar_ros2_driver' build argument 'catkin_cmake_args' from command line to 'None'
[3.247s] Level 5:colcon.colcon_core.verb:set package 'ydlidar_ros2_driver' build argument 'catkin_skip_building_tests' from command line to 'False'
[3.247s] DEBUG:colcon.colcon_core.verb:Building package 'ydlidar_ros2_driver' with the following arguments: {'ament_cmake_args': None, 'build_base': '/home/rasp/桌面/smart-cane/build/ydlidar_ros2_driver', 'catkin_cmake_args': None, 'catkin_skip_building_tests': False, 'cmake_args': None, 'cmake_clean_cache': False, 'cmake_clean_first': False, 'cmake_force_configure': False, 'cmake_target': None, 'cmake_target_skip_unavailable': False, 'install_base': '/home/rasp/桌面/smart-cane/install/ydlidar_ros2_driver', 'merge_install': False, 'path': '/home/rasp/桌面/smart-cane/src/ydlidar_ros2_driver-master', 'symlink_install': True, 'test_result_base': None}
[3.249s] Level 5:colcon.colcon_core.verb:set package 'ydlidar_sdk' build argument 'cmake_args' from command line to 'None'
[3.249s] Level 5:colcon.colcon_core.verb:set package 'ydlidar_sdk' build argument 'cmake_target' from command line to 'None'
[3.249s] Level 5:colcon.colcon_core.verb:set package 'ydlidar_sdk' build argument 'cmake_target_skip_unavailable' from command line to 'False'
[3.249s] Level 5:colcon.colcon_core.verb:set package 'ydlidar_sdk' build argument 'cmake_clean_cache' from command line to 'False'
[3.249s] Level 5:colcon.colcon_core.verb:set package 'ydlidar_sdk' build argument 'cmake_clean_first' from command line to 'False'
[3.249s] Level 5:colcon.colcon_core.verb:set package 'ydlidar_sdk' build argument 'cmake_force_configure' from command line to 'False'
[3.249s] Level 5:colcon.colcon_core.verb:set package 'ydlidar_sdk' build argument 'ament_cmake_args' from command line to 'None'
[3.249s] Level 5:colcon.colcon_core.verb:set package 'ydlidar_sdk' build argument 'catkin_cmake_args' from command line to 'None'
[3.250s] Level 5:colcon.colcon_core.verb:set package 'ydlidar_sdk' build argument 'catkin_skip_building_tests' from command line to 'False'
[3.250s] DEBUG:colcon.colcon_core.verb:Building package 'ydlidar_sdk' with the following arguments: {'ament_cmake_args': None, 'build_base': '/home/rasp/桌面/smart-cane/build/ydlidar_sdk', 'catkin_cmake_args': None, 'catkin_skip_building_tests': False, 'cmake_args': None, 'cmake_clean_cache': False, 'cmake_clean_first': False, 'cmake_force_configure': False, 'cmake_target': None, 'cmake_target_skip_unavailable': False, 'install_base': '/home/rasp/桌面/smart-cane/install/ydlidar_sdk', 'merge_install': False, 'path': '/home/rasp/桌面/smart-cane/YDLidar-SDK-master', 'symlink_install': True, 'test_result_base': None}
[3.250s] INFO:colcon.colcon_core.executor:Executing jobs using 'parallel' executor
[3.254s] DEBUG:colcon.colcon_parallel_executor.executor.parallel:run_until_complete
[3.255s] INFO:colcon.colcon_ros.task.ament_python.build:Building ROS package in '/home/rasp/桌面/smart-cane/src/pkg_helloworld_py' with build type 'ament_python'
[3.256s] Level 1:colcon.colcon_core.shell:create_environment_hook('pkg_helloworld_py', 'ament_prefix_path')
[3.278s] INFO:colcon.colcon_core.plugin_system:Skipping extension 'colcon_core.shell.bat': Not used on non-Windows systems
[3.279s] INFO:colcon.colcon_core.shell:Creating environment hook '/home/rasp/桌面/smart-cane/install/pkg_helloworld_py/share/pkg_helloworld_py/hook/ament_prefix_path.ps1'
[3.284s] INFO:colcon.colcon_core.shell:Creating environment descriptor '/home/rasp/桌面/smart-cane/install/pkg_helloworld_py/share/pkg_helloworld_py/hook/ament_prefix_path.dsv'
[3.288s] INFO:colcon.colcon_core.shell:Creating environment hook '/home/rasp/桌面/smart-cane/install/pkg_helloworld_py/share/pkg_helloworld_py/hook/ament_prefix_path.sh'
[3.293s] INFO:colcon.colcon_core.shell:Skip shell extension 'powershell' for command environment: Not usable outside of PowerShell
[3.294s] DEBUG:colcon.colcon_core.shell:Skip shell extension 'dsv' for command environment
[3.314s] INFO:colcon.colcon_ros.task.ament_cmake.build:Building ROS package in '/home/rasp/桌面/smart-cane/src/ydlidar_ros2_driver-master' with build type 'ament_cmake'
[3.315s] INFO:colcon.colcon_cmake.task.cmake.build:Building CMake package in '/home/rasp/桌面/smart-cane/src/ydlidar_ros2_driver-master'
[3.317s] INFO:colcon.colcon_core.shell:Skip shell extension 'powershell' for command environment: Not usable outside of PowerShell
[3.317s] DEBUG:colcon.colcon_core.shell:Skip shell extension 'dsv' for command environment
[3.338s] INFO:colcon.colcon_cmake.task.cmake.build:Building CMake package in '/home/rasp/桌面/smart-cane/YDLidar-SDK-master'
[3.340s] INFO:colcon.colcon_core.shell:Skip shell extension 'powershell' for command environment: Not usable outside of PowerShell
[3.341s] DEBUG:colcon.colcon_core.shell:Skip shell extension 'dsv' for command environment
[4.586s] INFO:colcon.colcon_core.task.python.build:Building Python package in '/home/rasp/桌面/smart-cane/src/pkg_helloworld_py'
[4.587s] INFO:colcon.colcon_core.shell:Skip shell extension 'powershell' for command environment: Not usable outside of PowerShell
[4.588s] DEBUG:colcon.colcon_core.shell:Skip shell extension 'dsv' for command environment
[4.624s] DEBUG:colcon.colcon_core.event_handler.log_command:Invoking command in '/home/rasp/桌面/smart-cane/build/ydlidar_ros2_driver': CMAKE_PREFIX_PATH=${CMAKE_PREFIX_PATH}:/home/rasp/桌面/smart-cane/install/pkg_helloworld_py:/opt/ros/humble /usr/bin/cmake --build /home/rasp/桌面/smart-cane/build/ydlidar_ros2_driver -- -j4 -l4
[4.669s] DEBUG:colcon.colcon_core.event_handler.log_command:Invoking command in '/home/rasp/桌面/smart-cane/build/ydlidar_sdk': /usr/bin/cmake --build /home/rasp/桌面/smart-cane/build/ydlidar_sdk -- -j4 -l4
[5.813s] DEBUG:colcon.colcon_core.event_handler.log_command:Invoked command in '/home/rasp/桌面/smart-cane/build/ydlidar_sdk' returned '0': /usr/bin/cmake --build /home/rasp/桌面/smart-cane/build/ydlidar_sdk -- -j4 -l4
[5.870s] DEBUG:colcon.colcon_core.event_handler.log_command:Invoking command in '/home/rasp/桌面/smart-cane/build/ydlidar_sdk': /usr/bin/cmake --install /home/rasp/桌面/smart-cane/build/ydlidar_sdk
[6.075s] Level 1:colcon.colcon_core.environment:create_environment_scripts_only(ydlidar_sdk)
[6.077s] DEBUG:colcon.colcon_core.event_handler.log_command:Invoked command in '/home/rasp/桌面/smart-cane/build/ydlidar_sdk' returned '0': /usr/bin/cmake --install /home/rasp/桌面/smart-cane/build/ydlidar_sdk
[6.107s] Level 1:colcon.colcon_core.environment:checking '/home/rasp/桌面/smart-cane/install/ydlidar_sdk' for CMake module files
[6.110s] Level 1:colcon.colcon_core.environment:checking '/home/rasp/桌面/smart-cane/install/ydlidar_sdk' for CMake config files
[6.112s] Level 1:colcon.colcon_core.shell:create_environment_hook('ydlidar_sdk', 'cmake_prefix_path')
[6.114s] INFO:colcon.colcon_core.shell:Creating environment hook '/home/rasp/桌面/smart-cane/install/ydlidar_sdk/share/ydlidar_sdk/hook/cmake_prefix_path.ps1'
[6.134s] INFO:colcon.colcon_core.shell:Creating environment descriptor '/home/rasp/桌面/smart-cane/install/ydlidar_sdk/share/ydlidar_sdk/hook/cmake_prefix_path.dsv'
[6.141s] INFO:colcon.colcon_core.shell:Creating environment hook '/home/rasp/桌面/smart-cane/install/ydlidar_sdk/share/ydlidar_sdk/hook/cmake_prefix_path.sh'
[6.147s] Level 1:colcon.colcon_core.environment:checking '/home/rasp/桌面/smart-cane/install/ydlidar_sdk/lib'
[6.148s] Level 1:colcon.colcon_core.environment:checking '/home/rasp/桌面/smart-cane/install/ydlidar_sdk/bin'
[6.149s] Level 1:colcon.colcon_core.shell:create_environment_hook('ydlidar_sdk', 'path')
[6.151s] INFO:colcon.colcon_core.shell:Creating environment hook '/home/rasp/桌面/smart-cane/install/ydlidar_sdk/share/ydlidar_sdk/hook/path.ps1'
[6.155s] INFO:colcon.colcon_core.shell:Creating environment descriptor '/home/rasp/桌面/smart-cane/install/ydlidar_sdk/share/ydlidar_sdk/hook/path.dsv'
[6.160s] INFO:colcon.colcon_core.shell:Creating environment hook '/home/rasp/桌面/smart-cane/install/ydlidar_sdk/share/ydlidar_sdk/hook/path.sh'
[6.163s] Level 1:colcon.colcon_core.environment:checking '/home/rasp/桌面/smart-cane/install/ydlidar_sdk/lib/pkgconfig/ydlidar_sdk.pc'
[6.165s] Level 1:colcon.colcon_core.environment:checking '/home/rasp/桌面/smart-cane/install/ydlidar_sdk/lib/python3.10/site-packages'
[6.167s] Level 1:colcon.colcon_core.environment:checking '/home/rasp/桌面/smart-cane/install/ydlidar_sdk/bin'
[6.169s] Level 1:colcon.colcon_core.shell:create_environment_hook('ydlidar_sdk', 'pythonscriptspath')
[6.171s] INFO:colcon.colcon_core.shell:Creating environment hook '/home/rasp/桌面/smart-cane/install/ydlidar_sdk/share/ydlidar_sdk/hook/pythonscriptspath.ps1'
[6.176s] INFO:colcon.colcon_core.shell:Creating environment descriptor '/home/rasp/桌面/smart-cane/install/ydlidar_sdk/share/ydlidar_sdk/hook/pythonscriptspath.dsv'
[6.180s] INFO:colcon.colcon_core.shell:Creating environment hook '/home/rasp/桌面/smart-cane/install/ydlidar_sdk/share/ydlidar_sdk/hook/pythonscriptspath.sh'
[6.185s] INFO:colcon.colcon_core.shell:Creating package script '/home/rasp/桌面/smart-cane/install/ydlidar_sdk/share/ydlidar_sdk/package.ps1'
[6.195s] INFO:colcon.colcon_core.shell:Creating package descriptor '/home/rasp/桌面/smart-cane/install/ydlidar_sdk/share/ydlidar_sdk/package.dsv'
[6.200s] INFO:colcon.colcon_core.shell:Creating package script '/home/rasp/桌面/smart-cane/install/ydlidar_sdk/share/ydlidar_sdk/package.sh'
[6.209s] INFO:colcon.colcon_core.shell:Creating package script '/home/rasp/桌面/smart-cane/install/ydlidar_sdk/share/ydlidar_sdk/package.bash'
[6.216s] INFO:colcon.colcon_core.shell:Creating package script '/home/rasp/桌面/smart-cane/install/ydlidar_sdk/share/ydlidar_sdk/package.zsh'
[6.227s] Level 1:colcon.colcon_core.environment:create_file_with_runtime_dependencies(/home/rasp/桌面/smart-cane/install/ydlidar_sdk/share/colcon-core/packages/ydlidar_sdk)
[7.096s] DEBUG:colcon.colcon_core.event_handler.log_command:Invoking command in '/home/rasp/桌面/smart-cane/build/pkg_helloworld_py': PYTHONPATH=/home/rasp/桌面/smart-cane/build/pkg_helloworld_py/prefix_override:/usr/lib/python3/dist-packages/colcon_core/task/python/colcon_distutils_commands:/home/rasp/桌面/smart-cane/install/pkg_helloworld_py/lib/python3.10/site-packages:${PYTHONPATH} /usr/bin/python3 -W ignore:setup.py install is deprecated -W ignore:easy_install command is deprecated setup.py develop --editable --build-directory /home/rasp/桌面/smart-cane/build/pkg_helloworld_py/build --no-deps symlink_data
[10.638s] Level 1:colcon.colcon_core.shell:create_environment_hook('pkg_helloworld_py', 'pythonpath_develop')
[10.640s] INFO:colcon.colcon_core.shell:Creating environment hook '/home/rasp/桌面/smart-cane/build/pkg_helloworld_py/share/pkg_helloworld_py/hook/pythonpath_develop.ps1'
[10.642s] DEBUG:colcon.colcon_core.event_handler.log_command:Invoked command in '/home/rasp/桌面/smart-cane/build/pkg_helloworld_py' returned '0': PYTHONPATH=/home/rasp/桌面/smart-cane/build/pkg_helloworld_py/prefix_override:/usr/lib/python3/dist-packages/colcon_core/task/python/colcon_distutils_commands:/home/rasp/桌面/smart-cane/install/pkg_helloworld_py/lib/python3.10/site-packages:${PYTHONPATH} /usr/bin/python3 -W ignore:setup.py install is deprecated -W ignore:easy_install command is deprecated setup.py develop --editable --build-directory /home/rasp/桌面/smart-cane/build/pkg_helloworld_py/build --no-deps symlink_data
[10.647s] INFO:colcon.colcon_core.shell:Creating environment descriptor '/home/rasp/桌面/smart-cane/build/pkg_helloworld_py/share/pkg_helloworld_py/hook/pythonpath_develop.dsv'
[10.651s] INFO:colcon.colcon_core.shell:Creating environment hook '/home/rasp/桌面/smart-cane/build/pkg_helloworld_py/share/pkg_helloworld_py/hook/pythonpath_develop.sh'
[10.657s] Level 1:colcon.colcon_core.environment:checking '/home/rasp/桌面/smart-cane/install/pkg_helloworld_py' for CMake module files
[10.660s] Level 1:colcon.colcon_core.environment:checking '/home/rasp/桌面/smart-cane/install/pkg_helloworld_py' for CMake config files
[10.667s] Level 1:colcon.colcon_core.environment:checking '/home/rasp/桌面/smart-cane/install/pkg_helloworld_py/lib'
[10.667s] Level 1:colcon.colcon_core.environment:checking '/home/rasp/桌面/smart-cane/install/pkg_helloworld_py/bin'
[10.668s] Level 1:colcon.colcon_core.environment:checking '/home/rasp/桌面/smart-cane/install/pkg_helloworld_py/lib/pkgconfig/pkg_helloworld_py.pc'
[10.670s] Level 1:colcon.colcon_core.environment:checking '/home/rasp/桌面/smart-cane/install/pkg_helloworld_py/lib/python3.10/site-packages'
[10.672s] Level 1:colcon.colcon_core.shell:create_environment_hook('pkg_helloworld_py', 'pythonpath')
[10.674s] INFO:colcon.colcon_core.shell:Creating environment hook '/home/rasp/桌面/smart-cane/install/pkg_helloworld_py/share/pkg_helloworld_py/hook/pythonpath.ps1'
[10.681s] INFO:colcon.colcon_core.shell:Creating environment descriptor '/home/rasp/桌面/smart-cane/install/pkg_helloworld_py/share/pkg_helloworld_py/hook/pythonpath.dsv'
[10.687s] INFO:colcon.colcon_core.shell:Creating environment hook '/home/rasp/桌面/smart-cane/install/pkg_helloworld_py/share/pkg_helloworld_py/hook/pythonpath.sh'
[10.693s] Level 1:colcon.colcon_core.environment:checking '/home/rasp/桌面/smart-cane/install/pkg_helloworld_py/bin'
[10.695s] Level 1:colcon.colcon_core.environment:create_environment_scripts_only(pkg_helloworld_py)
[10.697s] INFO:colcon.colcon_core.shell:Creating package script '/home/rasp/桌面/smart-cane/install/pkg_helloworld_py/share/pkg_helloworld_py/package.ps1'
[10.706s] INFO:colcon.colcon_core.shell:Creating package descriptor '/home/rasp/桌面/smart-cane/install/pkg_helloworld_py/share/pkg_helloworld_py/package.dsv'
[10.712s] INFO:colcon.colcon_core.shell:Creating package script '/home/rasp/桌面/smart-cane/install/pkg_helloworld_py/share/pkg_helloworld_py/package.sh'
[10.717s] INFO:colcon.colcon_core.shell:Creating package script '/home/rasp/桌面/smart-cane/install/pkg_helloworld_py/share/pkg_helloworld_py/package.bash'
[10.722s] INFO:colcon.colcon_core.shell:Creating package script '/home/rasp/桌面/smart-cane/install/pkg_helloworld_py/share/pkg_helloworld_py/package.zsh'
[10.727s] Level 1:colcon.colcon_core.environment:create_file_with_runtime_dependencies(/home/rasp/桌面/smart-cane/install/pkg_helloworld_py/share/colcon-core/packages/pkg_helloworld_py)
[102.934s] DEBUG:colcon.colcon_core.event_handler.log_command:Invoked command in '/home/rasp/桌面/smart-cane/build/ydlidar_ros2_driver' returned '2': CMAKE_PREFIX_PATH=${CMAKE_PREFIX_PATH}:/home/rasp/桌面/smart-cane/install/pkg_helloworld_py:/opt/ros/humble /usr/bin/cmake --build /home/rasp/桌面/smart-cane/build/ydlidar_ros2_driver -- -j4 -l4
[102.946s] Level 1:colcon.colcon_core.environment:create_environment_scripts_only(ydlidar_ros2_driver)
[102.949s] Level 1:colcon.colcon_core.environment:checking '/home/rasp/桌面/smart-cane/install/ydlidar_ros2_driver' for CMake module files
[102.961s] Level 1:colcon.colcon_core.environment:checking '/home/rasp/桌面/smart-cane/install/ydlidar_ros2_driver' for CMake config files
[102.970s] Level 1:colcon.colcon_core.environment:checking '/home/rasp/桌面/smart-cane/install/ydlidar_ros2_driver/bin'
[102.971s] Level 1:colcon.colcon_core.environment:checking '/home/rasp/桌面/smart-cane/install/ydlidar_ros2_driver/lib/pkgconfig/ydlidar_ros2_driver.pc'
[102.976s] Level 1:colcon.colcon_core.environment:checking '/home/rasp/桌面/smart-cane/install/ydlidar_ros2_driver/lib/python3.10/site-packages'
[102.980s] Level 1:colcon.colcon_core.environment:checking '/home/rasp/桌面/smart-cane/install/ydlidar_ros2_driver/bin'
[102.984s] INFO:colcon.colcon_core.shell:Creating package script '/home/rasp/桌面/smart-cane/install/ydlidar_ros2_driver/share/ydlidar_ros2_driver/package.ps1'
[103.123s] INFO:colcon.colcon_core.shell:Creating package descriptor '/home/rasp/桌面/smart-cane/install/ydlidar_ros2_driver/share/ydlidar_ros2_driver/package.dsv'
[103.147s] INFO:colcon.colcon_core.shell:Creating package script '/home/rasp/桌面/smart-cane/install/ydlidar_ros2_driver/share/ydlidar_ros2_driver/package.sh'
[103.160s] INFO:colcon.colcon_core.shell:Creating package script '/home/rasp/桌面/smart-cane/install/ydlidar_ros2_driver/share/ydlidar_ros2_driver/package.bash'
[103.180s] INFO:colcon.colcon_core.shell:Creating package script '/home/rasp/桌面/smart-cane/install/ydlidar_ros2_driver/share/ydlidar_ros2_driver/package.zsh'
[103.194s] Level 1:colcon.colcon_core.environment:create_file_with_runtime_dependencies(/home/rasp/桌面/smart-cane/install/ydlidar_ros2_driver/share/colcon-core/packages/ydlidar_ros2_driver)
[103.222s] DEBUG:colcon.colcon_parallel_executor.executor.parallel:closing loop
[103.230s] DEBUG:colcon.colcon_parallel_executor.executor.parallel:loop closed
[103.231s] DEBUG:colcon.colcon_parallel_executor.executor.parallel:run_until_complete finished with '2'
[103.232s] DEBUG:colcon.colcon_core.event_reactor:joining thread
[103.723s] INFO:colcon.colcon_core.plugin_system:Skipping extension 'colcon_notification.desktop_notification.terminal_notifier': Not used on non-Darwin systems
[103.725s] INFO:colcon.colcon_core.plugin_system:Skipping extension 'colcon_notification.desktop_notification.win32': Not used on non-Windows systems
[103.726s] INFO:colcon.colcon_notification.desktop_notification:Sending desktop notification using 'notify2'
[104.885s] DEBUG:colcon.colcon_core.event_reactor:joined thread
[104.887s] INFO:colcon.colcon_core.shell:Creating prefix script '/home/rasp/桌面/smart-cane/install/local_setup.ps1'
[104.934s] INFO:colcon.colcon_core.shell:Creating prefix util module '/home/rasp/桌面/smart-cane/install/_local_setup_util_ps1.py'
[105.010s] INFO:colcon.colcon_core.shell:Creating prefix chain script '/home/rasp/桌面/smart-cane/install/setup.ps1'
[105.216s] INFO:colcon.colcon_core.shell:Creating prefix script '/home/rasp/桌面/smart-cane/install/local_setup.sh'
[105.230s] INFO:colcon.colcon_core.shell:Creating prefix util module '/home/rasp/桌面/smart-cane/install/_local_setup_util_sh.py'
[105.253s] INFO:colcon.colcon_core.shell:Creating prefix chain script '/home/rasp/桌面/smart-cane/install/setup.sh'
[105.284s] INFO:colcon.colcon_core.shell:Creating prefix script '/home/rasp/桌面/smart-cane/install/local_setup.bash'
[105.304s] INFO:colcon.colcon_core.shell:Creating prefix chain script '/home/rasp/桌面/smart-cane/install/setup.bash'
[105.321s] INFO:colcon.colcon_core.shell:Creating prefix script '/home/rasp/桌面/smart-cane/install/local_setup.zsh'
[105.333s] INFO:colcon.colcon_core.shell:Creating prefix chain script '/home/rasp/桌面/smart-cane/install/setup.zsh'
