[1.290s] Invoking command in '/home/rasp/桌面/smart-cane/build/ydlidar_sdk': /usr/bin/cmake --build /home/rasp/桌面/smart-cane/build/ydlidar_sdk -- -j4 -l4
[1.576s] [ 60%] Built target ydlidar_sdk
[1.748s] [ 68%] Built target ydlidar_test
[1.782s] [ 76%] Built target etlidar_test
[1.800s] [ 84%] Built target tof_test
[1.861s] [ 92%] Built target lidar_c_api_test
[1.925s] [100%] Built target lidar_test
[1.974s] Invoked command in '/home/rasp/桌面/smart-cane/build/ydlidar_sdk' returned '0': /usr/bin/cmake --build /home/rasp/桌面/smart-cane/build/ydlidar_sdk -- -j4 -l4
[2.024s] Invoking command in '/home/rasp/桌面/smart-cane/build/ydlidar_sdk': /usr/bin/cmake --install /home/rasp/桌面/smart-cane/build/ydlidar_sdk
[2.056s] -- Install configuration: ""
[2.058s] -- Up-to-date: /home/rasp/桌面/smart-cane/install/ydlidar_sdk/include/core/base/datatype.h
[2.060s] -- Up-to-date: /home/rasp/桌面/smart-cane/install/ydlidar_sdk/include/core/base/locker.h
[2.061s] -- Up-to-date: /home/rasp/桌面/smart-cane/install/ydlidar_sdk/include/core/base/thread.h
[2.065s] -- Up-to-date: /home/rasp/桌面/smart-cane/install/ydlidar_sdk/include/core/base/timer.h
[2.069s] -- Up-to-date: /home/rasp/桌面/smart-cane/install/ydlidar_sdk/include/core/base/typedef.h
[2.071s] -- Up-to-date: /home/rasp/桌面/smart-cane/install/ydlidar_sdk/include/core/base/utils.h
[2.074s] -- Up-to-date: /home/rasp/桌面/smart-cane/install/ydlidar_sdk/include/core/base/v8stdint.h
[2.077s] -- Up-to-date: /home/rasp/桌面/smart-cane/install/ydlidar_sdk/include/core/base/ydlidar.h
[2.078s] -- Up-to-date: /home/rasp/桌面/smart-cane/install/ydlidar_sdk/include/core/common/ChannelDevice.h
[2.082s] -- Up-to-date: /home/rasp/桌面/smart-cane/install/ydlidar_sdk/include/core/common/DriverInterface.h
[2.083s] -- Up-to-date: /home/rasp/桌面/smart-cane/install/ydlidar_sdk/include/core/common/ydlidar_datatype.h
[2.083s] -- Up-to-date: /home/rasp/桌面/smart-cane/install/ydlidar_sdk/include/core/common/ydlidar_def.h
[2.084s] -- Up-to-date: /home/rasp/桌面/smart-cane/install/ydlidar_sdk/include/core/common/ydlidar_help.h
[2.084s] -- Up-to-date: /home/rasp/桌面/smart-cane/install/ydlidar_sdk/include/core/common/ydlidar_protocol.h
[2.085s] -- Up-to-date: /home/rasp/桌面/smart-cane/install/ydlidar_sdk/include/core/math/angles.h
[2.085s] -- Up-to-date: /home/rasp/桌面/smart-cane/install/ydlidar_sdk/include/core/network/ActiveSocket.h
[2.087s] -- Up-to-date: /home/rasp/桌面/smart-cane/install/ydlidar_sdk/include/core/network/PassiveSocket.h
[2.090s] -- Up-to-date: /home/rasp/桌面/smart-cane/install/ydlidar_sdk/include/core/network/SimpleSocket.h
[2.090s] -- Up-to-date: /home/rasp/桌面/smart-cane/install/ydlidar_sdk/include/core/network/StatTimer.h
[2.091s] -- Up-to-date: /home/rasp/桌面/smart-cane/install/ydlidar_sdk/include/core/serial/common.h
[2.091s] -- Up-to-date: /home/rasp/桌面/smart-cane/install/ydlidar_sdk/include/core/serial/serial.h
[2.099s] -- Up-to-date: /home/rasp/桌面/smart-cane/install/ydlidar_sdk/include/core/serial/impl/unix/lock.h
[2.099s] -- Up-to-date: /home/rasp/桌面/smart-cane/install/ydlidar_sdk/include/core/serial/impl/unix/unix.h
[2.100s] -- Up-to-date: /home/rasp/桌面/smart-cane/install/ydlidar_sdk/include/core/serial/impl/unix/unix_serial.h
[2.102s] -- Up-to-date: /home/rasp/桌面/smart-cane/install/ydlidar_sdk/include/src/CYdLidar.h
[2.103s] -- Up-to-date: /home/rasp/桌面/smart-cane/install/ydlidar_sdk/include/src/ETLidarDriver.h
[2.107s] -- Up-to-date: /home/rasp/桌面/smart-cane/install/ydlidar_sdk/include/src/ydlidar_driver.h
[2.110s] -- Up-to-date: /home/rasp/桌面/smart-cane/install/ydlidar_sdk/include/src/ydlidar_sdk.h
[2.119s] -- Up-to-date: /home/rasp/桌面/smart-cane/install/ydlidar_sdk/include/src/filters/FilterInterface.h
[2.120s] -- Up-to-date: /home/rasp/桌面/smart-cane/install/ydlidar_sdk/include/src/filters/NoiseFilter.h
[2.121s] -- Up-to-date: /home/rasp/桌面/smart-cane/install/ydlidar_sdk/include/ydlidar_config.h
[2.122s] -- Up-to-date: /home/rasp/桌面/smart-cane/install/ydlidar_sdk/lib/libydlidar_sdk.a
[2.123s] -- Up-to-date: /home/rasp/桌面/smart-cane/install/ydlidar_sdk/lib/pkgconfig/YDLIDAR_SDK.pc
[2.128s] -- Up-to-date: /home/rasp/桌面/smart-cane/install/ydlidar_sdk/lib/cmake/ydlidar_sdk/ydlidar_sdkConfig.cmake
[2.129s] -- Up-to-date: /home/rasp/桌面/smart-cane/install/ydlidar_sdk/lib/cmake/ydlidar_sdk/ydlidar_sdkTargets.cmake
[2.133s] -- Up-to-date: /home/rasp/桌面/smart-cane/install/ydlidar_sdk/lib/cmake/ydlidar_sdk/ydlidar_sdkConfigVersion.cmake
[2.133s] -- Up-to-date: /home/rasp/桌面/smart-cane/install/ydlidar_sdk/share/YDLIDAR_SDK/FindYDLIDAR_SDK.cmake
[2.134s] -- Up-to-date: /home/rasp/桌面/smart-cane/install/ydlidar_sdk/share/YDLIDAR_SDK
[2.135s] -- Up-to-date: /home/rasp/桌面/smart-cane/install/ydlidar_sdk/share/YDLIDAR_SDK/cmake_uninstall.cmake.in
[2.135s] -- Up-to-date: /home/rasp/桌面/smart-cane/install/ydlidar_sdk/share/YDLIDAR_SDK/FindPackage.cmake.in
[2.136s] -- Up-to-date: /home/rasp/桌面/smart-cane/install/ydlidar_sdk/share/YDLIDAR_SDK/PackageConfigVersion.cmake.in
[2.137s] -- Up-to-date: /home/rasp/桌面/smart-cane/install/ydlidar_sdk/share/YDLIDAR_SDK/script_show_final_summary.cmake
[2.137s] -- Up-to-date: /home/rasp/桌面/smart-cane/install/ydlidar_sdk/share/YDLIDAR_SDK/PackageConfig.cmake.in
[2.149s] -- Up-to-date: /home/rasp/桌面/smart-cane/install/ydlidar_sdk/share/YDLIDAR_SDK/common
[2.170s] -- Up-to-date: /home/rasp/桌面/smart-cane/install/ydlidar_sdk/share/YDLIDAR_SDK/common/ydlidar_parse.cmake
[2.170s] -- Up-to-date: /home/rasp/桌面/smart-cane/install/ydlidar_sdk/share/YDLIDAR_SDK/common/ydlidar_base.cmake
[2.171s] -- Up-to-date: /home/rasp/桌面/smart-cane/install/ydlidar_sdk/share/YDLIDAR_SDK/install_package.cmake
[2.172s] -- Up-to-date: /home/rasp/桌面/smart-cane/install/ydlidar_sdk/share/YDLIDAR_SDK/PkgConfig.pc.in
[2.172s] -- Up-to-date: /home/rasp/桌面/smart-cane/install/ydlidar_sdk/share/YDLIDAR_SDK/LICENSE.txt
[2.172s] -- Up-to-date: /home/rasp/桌面/smart-cane/install/ydlidar_sdk/share/YDLIDAR_SDK/README.md
[2.173s] -- Up-to-date: /home/rasp/桌面/smart-cane/install/ydlidar_sdk/share/YDLIDAR_SDK/doc
[2.173s] -- Up-to-date: /home/rasp/桌面/smart-cane/install/ydlidar_sdk/share/YDLIDAR_SDK/doc/quickstart
[2.174s] -- Up-to-date: /home/rasp/桌面/smart-cane/install/ydlidar_sdk/share/YDLIDAR_SDK/doc/quickstart/ydlidar_sdk_software_installation_guide.md
[2.174s] -- Up-to-date: /home/rasp/桌面/smart-cane/install/ydlidar_sdk/share/YDLIDAR_SDK/doc/quickstart/README.md
[2.175s] -- Up-to-date: /home/rasp/桌面/smart-cane/install/ydlidar_sdk/share/YDLIDAR_SDK/doc/Dataset.md
[2.175s] -- Up-to-date: /home/rasp/桌面/smart-cane/install/ydlidar_sdk/share/YDLIDAR_SDK/doc/README.md
[2.178s] -- Up-to-date: /home/rasp/桌面/smart-cane/install/ydlidar_sdk/share/YDLIDAR_SDK/doc/YDLIDAR_SDK_API_for_Developers.md
[2.179s] -- Up-to-date: /home/rasp/桌面/smart-cane/install/ydlidar_sdk/share/YDLIDAR_SDK/doc/images
[2.180s] -- Up-to-date: /home/rasp/桌面/smart-cane/install/ydlidar_sdk/share/YDLIDAR_SDK/doc/images/FlowChart.png
[2.180s] -- Up-to-date: /home/rasp/桌面/smart-cane/install/ydlidar_sdk/share/YDLIDAR_SDK/doc/images/sdk_init.png
[2.181s] -- Up-to-date: /home/rasp/桌面/smart-cane/install/ydlidar_sdk/share/YDLIDAR_SDK/doc/images/sdk_architecture.png
[2.181s] -- Up-to-date: /home/rasp/桌面/smart-cane/install/ydlidar_sdk/share/YDLIDAR_SDK/doc/images/sequence.png
[2.194s] -- Up-to-date: /home/rasp/桌面/smart-cane/install/ydlidar_sdk/share/YDLIDAR_SDK/doc/images/frame.png
[2.195s] -- Up-to-date: /home/rasp/桌面/smart-cane/install/ydlidar_sdk/share/YDLIDAR_SDK/doc/images/angle_q2.png
[2.195s] -- Up-to-date: /home/rasp/桌面/smart-cane/install/ydlidar_sdk/share/YDLIDAR_SDK/doc/images/YDLidar.png
[2.196s] -- Up-to-date: /home/rasp/桌面/smart-cane/install/ydlidar_sdk/share/YDLIDAR_SDK/doc/images/communication_mechanism.png
[2.200s] -- Up-to-date: /home/rasp/桌面/smart-cane/install/ydlidar_sdk/share/YDLIDAR_SDK/doc/images/EAI.png
[2.200s] -- Up-to-date: /home/rasp/桌面/smart-cane/install/ydlidar_sdk/share/YDLIDAR_SDK/doc/images/frame_intensity.png
[2.201s] -- Up-to-date: /home/rasp/桌面/smart-cane/install/ydlidar_sdk/share/YDLIDAR_SDK/doc/images/system_workflow.png
[2.201s] -- Up-to-date: /home/rasp/桌面/smart-cane/install/ydlidar_sdk/share/YDLIDAR_SDK/doc/images/sdk_scanning.png
[2.205s] -- Up-to-date: /home/rasp/桌面/smart-cane/install/ydlidar_sdk/share/YDLIDAR_SDK/doc/images/YDLidar.jpg
[2.206s] -- Up-to-date: /home/rasp/桌面/smart-cane/install/ydlidar_sdk/share/YDLIDAR_SDK/doc/Diagram.md
[2.206s] -- Up-to-date: /home/rasp/桌面/smart-cane/install/ydlidar_sdk/share/YDLIDAR_SDK/doc/YDLidar-SDK-Communication-Protocol.pdf
[2.207s] -- Up-to-date: /home/rasp/桌面/smart-cane/install/ydlidar_sdk/share/YDLIDAR_SDK/doc/Tutorials.md
[2.207s] -- Up-to-date: /home/rasp/桌面/smart-cane/install/ydlidar_sdk/share/YDLIDAR_SDK/doc/YDLidar-SDK-Communication-Protocol.html
[2.208s] -- Up-to-date: /home/rasp/桌面/smart-cane/install/ydlidar_sdk/share/YDLIDAR_SDK/doc/YDLidar_SDK_Communication_Protocol.pdf
[2.208s] -- Up-to-date: /home/rasp/桌面/smart-cane/install/ydlidar_sdk/share/YDLIDAR_SDK/doc/YDLidar-SDK-Communication-Protocol.md
[2.240s] -- Up-to-date: /home/rasp/桌面/smart-cane/install/ydlidar_sdk/share/YDLIDAR_SDK/doc/tutorials
[2.251s] -- Up-to-date: /home/rasp/桌面/smart-cane/install/ydlidar_sdk/share/YDLIDAR_SDK/doc/tutorials/examine_the_simple_lidar_tutorial.md
[2.253s] -- Up-to-date: /home/rasp/桌面/smart-cane/install/ydlidar_sdk/share/YDLIDAR_SDK/doc/tutorials/writing_lidar_tutorial_c++.md
[2.253s] -- Up-to-date: /home/rasp/桌面/smart-cane/install/ydlidar_sdk/share/YDLIDAR_SDK/doc/tutorials/writing_lidar_tutorial_c.md
[2.254s] -- Up-to-date: /home/rasp/桌面/smart-cane/install/ydlidar_sdk/share/YDLIDAR_SDK/doc/tutorials/writing_lidar_tutorial_python.md
[2.255s] -- Up-to-date: /home/rasp/桌面/smart-cane/install/ydlidar_sdk/share/YDLIDAR_SDK/doc/tutorials/writing_lidar_network_adapter_tutorial_c++.md
[2.255s] -- Up-to-date: /home/rasp/桌面/smart-cane/install/ydlidar_sdk/share/YDLIDAR_SDK/doc/SDK.pdf
[2.256s] -- Up-to-date: /home/rasp/桌面/smart-cane/install/ydlidar_sdk/share/YDLIDAR_SDK/doc/FAQs
[2.257s] -- Up-to-date: /home/rasp/桌面/smart-cane/install/ydlidar_sdk/share/YDLIDAR_SDK/doc/FAQs/Hardware_FAQs_cn.md
[2.257s] -- Up-to-date: /home/rasp/桌面/smart-cane/install/ydlidar_sdk/share/YDLIDAR_SDK/doc/FAQs/Software_FAQs_cn.md
[2.258s] -- Up-to-date: /home/rasp/桌面/smart-cane/install/ydlidar_sdk/share/YDLIDAR_SDK/doc/FAQs/Hardware_FAQs.md
[2.258s] -- Up-to-date: /home/rasp/桌面/smart-cane/install/ydlidar_sdk/share/YDLIDAR_SDK/doc/FAQs/README.md
[2.259s] -- Up-to-date: /home/rasp/桌面/smart-cane/install/ydlidar_sdk/share/YDLIDAR_SDK/doc/FAQs/General_FAQs.md
[2.259s] -- Up-to-date: /home/rasp/桌面/smart-cane/install/ydlidar_sdk/share/YDLIDAR_SDK/doc/FAQs/Software_FAQs.md
[2.260s] -- Up-to-date: /home/rasp/桌面/smart-cane/install/ydlidar_sdk/share/YDLIDAR_SDK/doc/FAQs/General_FAQs_cn.md
[2.260s] -- Up-to-date: /home/rasp/桌面/smart-cane/install/ydlidar_sdk/share/YDLIDAR_SDK/doc/howto
[2.262s] -- Up-to-date: /home/rasp/桌面/smart-cane/install/ydlidar_sdk/share/YDLIDAR_SDK/doc/howto/how_to_build_and_debug_using_vscode.md
[2.262s] -- Up-to-date: /home/rasp/桌面/smart-cane/install/ydlidar_sdk/share/YDLIDAR_SDK/doc/howto/how_to_create_a_pull.md
[2.269s] -- Up-to-date: /home/rasp/桌面/smart-cane/install/ydlidar_sdk/share/YDLIDAR_SDK/doc/howto/how_to_create_a_udev_rules.md
[2.269s] -- Up-to-date: /home/rasp/桌面/smart-cane/install/ydlidar_sdk/share/YDLIDAR_SDK/doc/howto/how_to_build_and_install.md
[2.270s] -- Up-to-date: /home/rasp/桌面/smart-cane/install/ydlidar_sdk/share/YDLIDAR_SDK/doc/howto/README.md
[2.270s] -- Up-to-date: /home/rasp/桌面/smart-cane/install/ydlidar_sdk/share/YDLIDAR_SDK/doc/howto/images
[2.271s] -- Up-to-date: /home/rasp/桌面/smart-cane/install/ydlidar_sdk/share/YDLIDAR_SDK/doc/howto/images/vscode
[2.274s] -- Up-to-date: /home/rasp/桌面/smart-cane/install/ydlidar_sdk/share/YDLIDAR_SDK/doc/howto/images/vscode/tasks.png
[2.274s] -- Up-to-date: /home/rasp/桌面/smart-cane/install/ydlidar_sdk/share/YDLIDAR_SDK/doc/howto/images/vscode/run_tasks.jpg
[2.282s] -- Up-to-date: /home/rasp/桌面/smart-cane/install/ydlidar_sdk/share/YDLIDAR_SDK/doc/howto/images/sdk_init.png
[2.282s] -- Up-to-date: /home/rasp/桌面/smart-cane/install/ydlidar_sdk/share/YDLIDAR_SDK/doc/howto/images/csharp_build.png
[2.283s] -- Up-to-date: /home/rasp/桌面/smart-cane/install/ydlidar_sdk/share/YDLIDAR_SDK/doc/howto/images/ydlidar_lidar_monitor.png
[2.283s] -- Up-to-date: /home/rasp/桌面/smart-cane/install/ydlidar_sdk/share/YDLIDAR_SDK/doc/howto/images/sequence.png
[2.284s] -- Up-to-date: /home/rasp/桌面/smart-cane/install/ydlidar_sdk/share/YDLIDAR_SDK/doc/howto/images/csharp_project.png
[2.284s] -- Up-to-date: /home/rasp/桌面/smart-cane/install/ydlidar_sdk/share/YDLIDAR_SDK/doc/howto/images/csharp_exception.png
[2.285s] -- Up-to-date: /home/rasp/桌面/smart-cane/install/ydlidar_sdk/share/YDLIDAR_SDK/doc/howto/images/cpack.png
[2.285s] -- Up-to-date: /home/rasp/桌面/smart-cane/install/ydlidar_sdk/share/YDLIDAR_SDK/doc/howto/images/csharp_running.png
[2.286s] -- Up-to-date: /home/rasp/桌面/smart-cane/install/ydlidar_sdk/share/YDLIDAR_SDK/doc/howto/images/csharp_library.png
[2.286s] -- Up-to-date: /home/rasp/桌面/smart-cane/install/ydlidar_sdk/share/YDLIDAR_SDK/doc/howto/images/ttyUSB1.png
[2.289s] -- Up-to-date: /home/rasp/桌面/smart-cane/install/ydlidar_sdk/share/YDLIDAR_SDK/doc/howto/images/ttyUSB0.png
[2.289s] -- Up-to-date: /home/rasp/桌面/smart-cane/install/ydlidar_sdk/share/YDLIDAR_SDK/doc/howto/images/sdk_scanning.png
[2.290s] -- Up-to-date: /home/rasp/桌面/smart-cane/install/ydlidar_sdk/share/YDLIDAR_SDK/doc/howto/how_to_solve_slow_pull_from_cn.md
[2.290s] -- Up-to-date: /home/rasp/桌面/smart-cane/install/ydlidar_sdk/share/YDLIDAR_SDK/doc/howto/how_to_gerenrate_vs_project_by_cmake.md
[2.291s] -- Up-to-date: /home/rasp/桌面/smart-cane/install/ydlidar_sdk/share/YDLIDAR_SDK/doc/howto/how_to_create_a_csharp_project.md
[2.292s] -- Up-to-date: /home/rasp/桌面/smart-cane/install/ydlidar_sdk/startup/initenv.sh
[2.292s] -- Up-to-date: /home/rasp/桌面/smart-cane/install/ydlidar_sdk/bin/etlidar_test
[2.293s] -- Up-to-date: /home/rasp/桌面/smart-cane/install/ydlidar_sdk/bin/tof_test
[2.293s] -- Up-to-date: /home/rasp/桌面/smart-cane/install/ydlidar_sdk/bin/ydlidar_test
[2.294s] -- Up-to-date: /home/rasp/桌面/smart-cane/install/ydlidar_sdk/bin/lidar_c_api_test
[2.294s] Invoked command in '/home/rasp/桌面/smart-cane/build/ydlidar_sdk' returned '0': /usr/bin/cmake --install /home/rasp/桌面/smart-cane/build/ydlidar_sdk
