[0.702s] DEBUG:colcon:Command line arguments: ['/usr/bin/colcon', 'build', '--packages-select', 'pkg_helloworld_py']
[0.703s] DEBUG:colcon:Parsed command line arguments: Namespace(log_base=None, log_level=None, verb_name='build', build_base='build', install_base='install', merge_install=False, symlink_install=False, test_result_base=None, continue_on_error=False, executor='parallel', parallel_workers=4, event_handlers=None, ignore_user_meta=False, metas=['./colcon.meta'], base_paths=['.'], packages_ignore=None, packages_ignore_regex=None, paths=None, packages_up_to=None, packages_up_to_regex=None, packages_above=None, packages_above_and_dependencies=None, packages_above_depth=None, packages_select_by_dep=None, packages_skip_by_dep=None, packages_skip_up_to=None, packages_select_build_failed=False, packages_skip_build_finished=False, packages_select_test_failures=False, packages_skip_test_passed=False, packages_select=['pkg_helloworld_py'], packages_skip=None, packages_select_regex=None, packages_skip_regex=None, packages_start=None, packages_end=None, allow_overriding=[], cmake_args=None, cmake_target=None, cmake_target_skip_unavailable=False, cmake_clean_cache=False, cmake_clean_first=False, cmake_force_configure=False, ament_cmake_args=None, catkin_cmake_args=None, catkin_skip_building_tests=False, verb_parser=<colcon_defaults.argument_parser.defaults.DefaultArgumentsDecorator object at 0xffffa227e9b0>, verb_extension=<colcon_core.verb.build.BuildVerb object at 0xffffa236be20>, main=<bound method BuildVerb.main of <colcon_core.verb.build.BuildVerb object at 0xffffa236be20>>)
[2.499s] Level 1:colcon.colcon_core.package_discovery:discover_packages(colcon_meta) check parameters
[2.499s] Level 1:colcon.colcon_core.package_discovery:discover_packages(recursive) check parameters
[2.500s] Level 1:colcon.colcon_core.package_discovery:discover_packages(ignore) check parameters
[2.500s] Level 1:colcon.colcon_core.package_discovery:discover_packages(path) check parameters
[2.500s] Level 1:colcon.colcon_core.package_discovery:discover_packages(colcon_meta) discover
[2.500s] Level 1:colcon.colcon_core.package_discovery:discover_packages(recursive) discover
[2.500s] INFO:colcon.colcon_core.package_discovery:Crawling recursively for packages in '/home/rasp/桌面/smart-cane/src'
[2.501s] Level 1:colcon.colcon_core.package_identification:_identify(.) by extensions ['ignore', 'ignore_ament_install']
[2.501s] Level 1:colcon.colcon_core.package_identification:_identify(.) by extension 'ignore'
[2.501s] Level 1:colcon.colcon_core.package_identification:_identify(.) by extension 'ignore_ament_install'
[2.502s] Level 1:colcon.colcon_core.package_identification:_identify(.) by extensions ['colcon_pkg']
[2.502s] Level 1:colcon.colcon_core.package_identification:_identify(.) by extension 'colcon_pkg'
[2.502s] Level 1:colcon.colcon_core.package_identification:_identify(.) by extensions ['colcon_meta']
[2.502s] Level 1:colcon.colcon_core.package_identification:_identify(.) by extension 'colcon_meta'
[2.502s] Level 1:colcon.colcon_core.package_identification:_identify(.) by extensions ['ros']
[2.503s] Level 1:colcon.colcon_core.package_identification:_identify(.) by extension 'ros'
[2.569s] Level 1:colcon.colcon_core.package_identification:_identify(.) by extensions ['cmake', 'python']
[2.570s] Level 1:colcon.colcon_core.package_identification:_identify(.) by extension 'cmake'
[2.570s] Level 1:colcon.colcon_core.package_identification:_identify(.) by extension 'python'
[2.570s] Level 1:colcon.colcon_core.package_identification:_identify(.) by extensions ['python_setup_py']
[2.570s] Level 1:colcon.colcon_core.package_identification:_identify(.) by extension 'python_setup_py'
[2.571s] Level 1:colcon.colcon_core.package_identification:_identify(build) by extensions ['ignore', 'ignore_ament_install']
[2.571s] Level 1:colcon.colcon_core.package_identification:_identify(build) by extension 'ignore'
[2.571s] Level 1:colcon.colcon_core.package_identification:_identify(build) ignored
[2.572s] Level 1:colcon.colcon_core.package_identification:_identify(install) by extensions ['ignore', 'ignore_ament_install']
[2.572s] Level 1:colcon.colcon_core.package_identification:_identify(install) by extension 'ignore'
[2.572s] Level 1:colcon.colcon_core.package_identification:_identify(install) ignored
[2.573s] Level 1:colcon.colcon_core.package_identification:_identify(log) by extensions ['ignore', 'ignore_ament_install']
[2.573s] Level 1:colcon.colcon_core.package_identification:_identify(log) by extension 'ignore'
[2.573s] Level 1:colcon.colcon_core.package_identification:_identify(log) ignored
[2.573s] Level 1:colcon.colcon_core.package_identification:_identify(pkg_helloworld_py) by extensions ['ignore', 'ignore_ament_install']
[2.574s] Level 1:colcon.colcon_core.package_identification:_identify(pkg_helloworld_py) by extension 'ignore'
[2.574s] Level 1:colcon.colcon_core.package_identification:_identify(pkg_helloworld_py) by extension 'ignore_ament_install'
[2.574s] Level 1:colcon.colcon_core.package_identification:_identify(pkg_helloworld_py) by extensions ['colcon_pkg']
[2.574s] Level 1:colcon.colcon_core.package_identification:_identify(pkg_helloworld_py) by extension 'colcon_pkg'
[2.574s] Level 1:colcon.colcon_core.package_identification:_identify(pkg_helloworld_py) by extensions ['colcon_meta']
[2.575s] Level 1:colcon.colcon_core.package_identification:_identify(pkg_helloworld_py) by extension 'colcon_meta'
[2.575s] Level 1:colcon.colcon_core.package_identification:_identify(pkg_helloworld_py) by extensions ['ros']
[2.575s] Level 1:colcon.colcon_core.package_identification:_identify(pkg_helloworld_py) by extension 'ros'
[2.589s] DEBUG:colcon.colcon_core.package_identification:Package 'pkg_helloworld_py' with type 'ros.ament_python' and name 'pkg_helloworld_py'
[2.590s] Level 1:colcon.colcon_core.package_discovery:discover_packages(recursive) using defaults
[2.590s] Level 1:colcon.colcon_core.package_discovery:discover_packages(ignore) discover
[2.590s] Level 1:colcon.colcon_core.package_discovery:discover_packages(ignore) using defaults
[2.590s] Level 1:colcon.colcon_core.package_discovery:discover_packages(path) discover
[2.590s] Level 1:colcon.colcon_core.package_discovery:discover_packages(path) using defaults
[2.703s] Level 1:colcon.colcon_core.package_discovery:discover_packages(prefix_path) check parameters
[2.703s] Level 1:colcon.colcon_core.package_discovery:discover_packages(prefix_path) discover
[2.721s] DEBUG:colcon.colcon_installed_package_information.package_discovery:Found 0 installed packages in /home/rasp/桌面/smart-cane/install
[2.731s] DEBUG:colcon.colcon_installed_package_information.package_discovery:Found 270 installed packages in /opt/ros/humble
[2.773s] Level 1:colcon.colcon_core.package_discovery:discover_packages(prefix_path) using defaults
[2.941s] Level 5:colcon.colcon_core.verb:set package 'pkg_helloworld_py' build argument 'cmake_args' from command line to 'None'
[2.942s] Level 5:colcon.colcon_core.verb:set package 'pkg_helloworld_py' build argument 'cmake_target' from command line to 'None'
[2.942s] Level 5:colcon.colcon_core.verb:set package 'pkg_helloworld_py' build argument 'cmake_target_skip_unavailable' from command line to 'False'
[2.942s] Level 5:colcon.colcon_core.verb:set package 'pkg_helloworld_py' build argument 'cmake_clean_cache' from command line to 'False'
[2.942s] Level 5:colcon.colcon_core.verb:set package 'pkg_helloworld_py' build argument 'cmake_clean_first' from command line to 'False'
[2.942s] Level 5:colcon.colcon_core.verb:set package 'pkg_helloworld_py' build argument 'cmake_force_configure' from command line to 'False'
[2.942s] Level 5:colcon.colcon_core.verb:set package 'pkg_helloworld_py' build argument 'ament_cmake_args' from command line to 'None'
[2.942s] Level 5:colcon.colcon_core.verb:set package 'pkg_helloworld_py' build argument 'catkin_cmake_args' from command line to 'None'
[2.942s] Level 5:colcon.colcon_core.verb:set package 'pkg_helloworld_py' build argument 'catkin_skip_building_tests' from command line to 'False'
[2.943s] DEBUG:colcon.colcon_core.verb:Building package 'pkg_helloworld_py' with the following arguments: {'ament_cmake_args': None, 'build_base': '/home/rasp/桌面/smart-cane/src/build/pkg_helloworld_py', 'catkin_cmake_args': None, 'catkin_skip_building_tests': False, 'cmake_args': None, 'cmake_clean_cache': False, 'cmake_clean_first': False, 'cmake_force_configure': False, 'cmake_target': None, 'cmake_target_skip_unavailable': False, 'install_base': '/home/rasp/桌面/smart-cane/src/install/pkg_helloworld_py', 'merge_install': False, 'path': '/home/rasp/桌面/smart-cane/src/pkg_helloworld_py', 'symlink_install': False, 'test_result_base': None}
[2.943s] INFO:colcon.colcon_core.executor:Executing jobs using 'parallel' executor
[2.946s] DEBUG:colcon.colcon_parallel_executor.executor.parallel:run_until_complete
[2.947s] INFO:colcon.colcon_ros.task.ament_python.build:Building ROS package in '/home/rasp/桌面/smart-cane/src/pkg_helloworld_py' with build type 'ament_python'
[2.948s] Level 1:colcon.colcon_core.shell:create_environment_hook('pkg_helloworld_py', 'ament_prefix_path')
[2.963s] INFO:colcon.colcon_core.plugin_system:Skipping extension 'colcon_core.shell.bat': Not used on non-Windows systems
[2.964s] INFO:colcon.colcon_core.shell:Creating environment hook '/home/rasp/桌面/smart-cane/src/install/pkg_helloworld_py/share/pkg_helloworld_py/hook/ament_prefix_path.ps1'
[2.968s] INFO:colcon.colcon_core.shell:Creating environment descriptor '/home/rasp/桌面/smart-cane/src/install/pkg_helloworld_py/share/pkg_helloworld_py/hook/ament_prefix_path.dsv'
[2.972s] INFO:colcon.colcon_core.shell:Creating environment hook '/home/rasp/桌面/smart-cane/src/install/pkg_helloworld_py/share/pkg_helloworld_py/hook/ament_prefix_path.sh'
[2.976s] INFO:colcon.colcon_core.shell:Skip shell extension 'powershell' for command environment: Not usable outside of PowerShell
[2.977s] DEBUG:colcon.colcon_core.shell:Skip shell extension 'dsv' for command environment
[4.206s] INFO:colcon.colcon_core.task.python.build:Building Python package in '/home/rasp/桌面/smart-cane/src/pkg_helloworld_py'
[4.207s] INFO:colcon.colcon_core.shell:Skip shell extension 'powershell' for command environment: Not usable outside of PowerShell
[4.207s] DEBUG:colcon.colcon_core.shell:Skip shell extension 'dsv' for command environment
[5.912s] DEBUG:colcon.colcon_core.event_handler.log_command:Invoking command in '/home/rasp/桌面/smart-cane/src/pkg_helloworld_py': PYTHONPATH=/home/rasp/桌面/smart-cane/src/build/pkg_helloworld_py/prefix_override:/usr/lib/python3/dist-packages/colcon_core/task/python/colcon_distutils_commands:/home/rasp/桌面/smart-cane/src/install/pkg_helloworld_py/lib/python3.10/site-packages:${PYTHONPATH} /usr/bin/python3 -W ignore:setup.py install is deprecated -W ignore:easy_install command is deprecated setup.py egg_info --egg-base ../build/pkg_helloworld_py build --build-base /home/rasp/桌面/smart-cane/src/build/pkg_helloworld_py/build install --record /home/rasp/桌面/smart-cane/src/build/pkg_helloworld_py/install.log --single-version-externally-managed install_data
[7.366s] DEBUG:colcon.colcon_core.event_handler.log_command:Invoked command in '/home/rasp/桌面/smart-cane/src/pkg_helloworld_py' returned '0': PYTHONPATH=/home/rasp/桌面/smart-cane/src/build/pkg_helloworld_py/prefix_override:/usr/lib/python3/dist-packages/colcon_core/task/python/colcon_distutils_commands:/home/rasp/桌面/smart-cane/src/install/pkg_helloworld_py/lib/python3.10/site-packages:${PYTHONPATH} /usr/bin/python3 -W ignore:setup.py install is deprecated -W ignore:easy_install command is deprecated setup.py egg_info --egg-base ../build/pkg_helloworld_py build --build-base /home/rasp/桌面/smart-cane/src/build/pkg_helloworld_py/build install --record /home/rasp/桌面/smart-cane/src/build/pkg_helloworld_py/install.log --single-version-externally-managed install_data
[7.429s] Level 1:colcon.colcon_core.environment:checking '/home/rasp/桌面/smart-cane/src/install/pkg_helloworld_py' for CMake module files
[7.433s] Level 1:colcon.colcon_core.environment:checking '/home/rasp/桌面/smart-cane/src/install/pkg_helloworld_py' for CMake config files
[7.440s] Level 1:colcon.colcon_core.environment:checking '/home/rasp/桌面/smart-cane/src/install/pkg_helloworld_py/lib'
[7.442s] Level 1:colcon.colcon_core.environment:checking '/home/rasp/桌面/smart-cane/src/install/pkg_helloworld_py/bin'
[7.442s] Level 1:colcon.colcon_core.environment:checking '/home/rasp/桌面/smart-cane/src/install/pkg_helloworld_py/lib/pkgconfig/pkg_helloworld_py.pc'
[7.446s] Level 1:colcon.colcon_core.environment:checking '/home/rasp/桌面/smart-cane/src/install/pkg_helloworld_py/lib/python3.10/site-packages'
[7.447s] Level 1:colcon.colcon_core.shell:create_environment_hook('pkg_helloworld_py', 'pythonpath')
[7.449s] INFO:colcon.colcon_core.shell:Creating environment hook '/home/rasp/桌面/smart-cane/src/install/pkg_helloworld_py/share/pkg_helloworld_py/hook/pythonpath.ps1'
[7.452s] INFO:colcon.colcon_core.shell:Creating environment descriptor '/home/rasp/桌面/smart-cane/src/install/pkg_helloworld_py/share/pkg_helloworld_py/hook/pythonpath.dsv'
[7.455s] INFO:colcon.colcon_core.shell:Creating environment hook '/home/rasp/桌面/smart-cane/src/install/pkg_helloworld_py/share/pkg_helloworld_py/hook/pythonpath.sh'
[7.461s] Level 1:colcon.colcon_core.environment:checking '/home/rasp/桌面/smart-cane/src/install/pkg_helloworld_py/bin'
[7.464s] Level 1:colcon.colcon_core.environment:create_environment_scripts_only(pkg_helloworld_py)
[7.467s] INFO:colcon.colcon_core.shell:Creating package script '/home/rasp/桌面/smart-cane/src/install/pkg_helloworld_py/share/pkg_helloworld_py/package.ps1'
[7.474s] INFO:colcon.colcon_core.shell:Creating package descriptor '/home/rasp/桌面/smart-cane/src/install/pkg_helloworld_py/share/pkg_helloworld_py/package.dsv'
[7.481s] INFO:colcon.colcon_core.shell:Creating package script '/home/rasp/桌面/smart-cane/src/install/pkg_helloworld_py/share/pkg_helloworld_py/package.sh'
[7.492s] INFO:colcon.colcon_core.shell:Creating package script '/home/rasp/桌面/smart-cane/src/install/pkg_helloworld_py/share/pkg_helloworld_py/package.bash'
[7.501s] INFO:colcon.colcon_core.shell:Creating package script '/home/rasp/桌面/smart-cane/src/install/pkg_helloworld_py/share/pkg_helloworld_py/package.zsh'
[7.512s] Level 1:colcon.colcon_core.environment:create_file_with_runtime_dependencies(/home/rasp/桌面/smart-cane/src/install/pkg_helloworld_py/share/colcon-core/packages/pkg_helloworld_py)
[7.515s] DEBUG:colcon.colcon_parallel_executor.executor.parallel:closing loop
[7.518s] DEBUG:colcon.colcon_parallel_executor.executor.parallel:loop closed
[7.518s] DEBUG:colcon.colcon_parallel_executor.executor.parallel:run_until_complete finished with '0'
[7.518s] DEBUG:colcon.colcon_core.event_reactor:joining thread
[7.570s] INFO:colcon.colcon_core.plugin_system:Skipping extension 'colcon_notification.desktop_notification.terminal_notifier': Not used on non-Darwin systems
[7.571s] INFO:colcon.colcon_core.plugin_system:Skipping extension 'colcon_notification.desktop_notification.win32': Not used on non-Windows systems
[7.571s] INFO:colcon.colcon_notification.desktop_notification:Sending desktop notification using 'notify2'
[7.729s] DEBUG:colcon.colcon_core.event_reactor:joined thread
[7.731s] INFO:colcon.colcon_core.shell:Creating prefix script '/home/rasp/桌面/smart-cane/src/install/local_setup.ps1'
[7.741s] INFO:colcon.colcon_core.shell:Creating prefix util module '/home/rasp/桌面/smart-cane/src/install/_local_setup_util_ps1.py'
[7.755s] INFO:colcon.colcon_core.shell:Creating prefix chain script '/home/rasp/桌面/smart-cane/src/install/setup.ps1'
[7.762s] INFO:colcon.colcon_core.shell:Creating prefix script '/home/rasp/桌面/smart-cane/src/install/local_setup.sh'
[7.767s] INFO:colcon.colcon_core.shell:Creating prefix util module '/home/rasp/桌面/smart-cane/src/install/_local_setup_util_sh.py'
[7.772s] INFO:colcon.colcon_core.shell:Creating prefix chain script '/home/rasp/桌面/smart-cane/src/install/setup.sh'
[7.779s] INFO:colcon.colcon_core.shell:Creating prefix script '/home/rasp/桌面/smart-cane/src/install/local_setup.bash'
[7.783s] INFO:colcon.colcon_core.shell:Creating prefix chain script '/home/rasp/桌面/smart-cane/src/install/setup.bash'
[7.788s] INFO:colcon.colcon_core.shell:Creating prefix script '/home/rasp/桌面/smart-cane/src/install/local_setup.zsh'
[7.793s] INFO:colcon.colcon_core.shell:Creating prefix chain script '/home/rasp/桌面/smart-cane/src/install/setup.zsh'
