[3.173s] Invoking command in '/home/rasp/桌面/smart-cane/src/pkg_helloworld_py': PYTHONPATH=/home/rasp/桌面/smart-cane/build/pkg_helloworld_py/prefix_override:/usr/lib/python3/dist-packages/colcon_core/task/python/colcon_distutils_commands:/home/rasp/桌面/smart-cane/install/pkg_helloworld_py/lib/python3.10/site-packages:${PYTHONPATH} /usr/bin/python3 -W ignore:setup.py install is deprecated -W ignore:easy_install command is deprecated setup.py egg_info --egg-base ../../build/pkg_helloworld_py build --build-base /home/rasp/桌面/smart-cane/build/pkg_helloworld_py/build install --record /home/rasp/桌面/smart-cane/build/pkg_helloworld_py/install.log --single-version-externally-managed install_data
[4.334s] running egg_info
[4.337s] writing ../../build/pkg_helloworld_py/pkg_helloworld_py.egg-info/PKG-INFO
[4.338s] writing dependency_links to ../../build/pkg_helloworld_py/pkg_helloworld_py.egg-info/dependency_links.txt
[4.340s] writing entry points to ../../build/pkg_helloworld_py/pkg_helloworld_py.egg-info/entry_points.txt
[4.341s] writing requirements to ../../build/pkg_helloworld_py/pkg_helloworld_py.egg-info/requires.txt
[4.342s] writing top-level names to ../../build/pkg_helloworld_py/pkg_helloworld_py.egg-info/top_level.txt
[4.347s] reading manifest file '../../build/pkg_helloworld_py/pkg_helloworld_py.egg-info/SOURCES.txt'
[4.351s] writing manifest file '../../build/pkg_helloworld_py/pkg_helloworld_py.egg-info/SOURCES.txt'
[4.352s] running build
[4.353s] running install
[4.353s] running install_data
[4.354s] creating /home/rasp/桌面/smart-cane/install/pkg_helloworld_py/share/pkg_helloworld_py/launch
[4.355s] copying launch/single_node_launch.py -> /home/rasp/桌面/smart-cane/install/pkg_helloworld_py/share/pkg_helloworld_py/launch
[4.356s] running install_egg_info
[4.367s] removing '/home/rasp/桌面/smart-cane/install/pkg_helloworld_py/lib/python3.10/site-packages/pkg_helloworld_py-0.0.0-py3.10.egg-info' (and everything under it)
[4.369s] Copying ../../build/pkg_helloworld_py/pkg_helloworld_py.egg-info to /home/rasp/桌面/smart-cane/install/pkg_helloworld_py/lib/python3.10/site-packages/pkg_helloworld_py-0.0.0-py3.10.egg-info
[4.382s] running install_scripts
[4.475s] Installing helloworld script to /home/rasp/桌面/smart-cane/install/pkg_helloworld_py/lib/pkg_helloworld_py
[4.476s] writing list of installed files to '/home/rasp/桌面/smart-cane/build/pkg_helloworld_py/install.log'
[4.616s] Invoked command in '/home/rasp/桌面/smart-cane/src/pkg_helloworld_py' returned '0': PYTHONPATH=/home/rasp/桌面/smart-cane/build/pkg_helloworld_py/prefix_override:/usr/lib/python3/dist-packages/colcon_core/task/python/colcon_distutils_commands:/home/rasp/桌面/smart-cane/install/pkg_helloworld_py/lib/python3.10/site-packages:${PYTHONPATH} /usr/bin/python3 -W ignore:setup.py install is deprecated -W ignore:easy_install command is deprecated setup.py egg_info --egg-base ../../build/pkg_helloworld_py build --build-base /home/rasp/桌面/smart-cane/build/pkg_helloworld_py/build install --record /home/rasp/桌面/smart-cane/build/pkg_helloworld_py/install.log --single-version-externally-managed install_data
