[0.484s] DEBUG:colcon:Command line arguments: ['/usr/bin/colcon', 'build', '--symlink-install']
[0.485s] DEBUG:colcon:Parsed command line arguments: Namespace(log_base=None, log_level=None, verb_name='build', build_base='build', install_base='install', merge_install=False, symlink_install=True, test_result_base=None, continue_on_error=False, executor='parallel', parallel_workers=4, event_handlers=None, ignore_user_meta=False, metas=['./colcon.meta'], base_paths=['.'], packages_ignore=None, packages_ignore_regex=None, paths=None, packages_up_to=None, packages_up_to_regex=None, packages_above=None, packages_above_and_dependencies=None, packages_above_depth=None, packages_select_by_dep=None, packages_skip_by_dep=None, packages_skip_up_to=None, packages_select_build_failed=False, packages_skip_build_finished=False, packages_select_test_failures=False, packages_skip_test_passed=False, packages_select=None, packages_skip=None, packages_select_regex=None, packages_skip_regex=None, packages_start=None, packages_end=None, allow_overriding=[], cmake_args=None, cmake_target=None, cmake_target_skip_unavailable=False, cmake_clean_cache=False, cmake_clean_first=False, cmake_force_configure=False, ament_cmake_args=None, catkin_cmake_args=None, catkin_skip_building_tests=False, verb_parser=<colcon_defaults.argument_parser.defaults.DefaultArgumentsDecorator object at 0xffffaf91ece0>, verb_extension=<colcon_core.verb.build.BuildVerb object at 0xffffafb08190>, main=<bound method BuildVerb.main of <colcon_core.verb.build.BuildVerb object at 0xffffafb08190>>)
[1.338s] Level 1:colcon.colcon_core.package_discovery:discover_packages(colcon_meta) check parameters
[1.339s] Level 1:colcon.colcon_core.package_discovery:discover_packages(recursive) check parameters
[1.339s] Level 1:colcon.colcon_core.package_discovery:discover_packages(ignore) check parameters
[1.339s] Level 1:colcon.colcon_core.package_discovery:discover_packages(path) check parameters
[1.339s] Level 1:colcon.colcon_core.package_discovery:discover_packages(colcon_meta) discover
[1.339s] Level 1:colcon.colcon_core.package_discovery:discover_packages(recursive) discover
[1.340s] INFO:colcon.colcon_core.package_discovery:Crawling recursively for packages in '/home/rasp/桌面/smart-cane'
[1.340s] Level 1:colcon.colcon_core.package_identification:_identify(.) by extensions ['ignore', 'ignore_ament_install']
[1.341s] Level 1:colcon.colcon_core.package_identification:_identify(.) by extension 'ignore'
[1.341s] Level 1:colcon.colcon_core.package_identification:_identify(.) by extension 'ignore_ament_install'
[1.341s] Level 1:colcon.colcon_core.package_identification:_identify(.) by extensions ['colcon_pkg']
[1.341s] Level 1:colcon.colcon_core.package_identification:_identify(.) by extension 'colcon_pkg'
[1.342s] Level 1:colcon.colcon_core.package_identification:_identify(.) by extensions ['colcon_meta']
[1.342s] Level 1:colcon.colcon_core.package_identification:_identify(.) by extension 'colcon_meta'
[1.342s] Level 1:colcon.colcon_core.package_identification:_identify(.) by extensions ['ros']
[1.342s] Level 1:colcon.colcon_core.package_identification:_identify(.) by extension 'ros'
[1.387s] Level 1:colcon.colcon_core.package_identification:_identify(.) by extensions ['cmake', 'python']
[1.388s] Level 1:colcon.colcon_core.package_identification:_identify(.) by extension 'cmake'
[1.388s] Level 1:colcon.colcon_core.package_identification:_identify(.) by extension 'python'
[1.388s] Level 1:colcon.colcon_core.package_identification:_identify(.) by extensions ['python_setup_py']
[1.388s] Level 1:colcon.colcon_core.package_identification:_identify(.) by extension 'python_setup_py'
[1.389s] Level 1:colcon.colcon_core.package_identification:_identify(3D模型技术规格) by extensions ['ignore', 'ignore_ament_install']
[1.389s] Level 1:colcon.colcon_core.package_identification:_identify(3D模型技术规格) by extension 'ignore'
[1.390s] Level 1:colcon.colcon_core.package_identification:_identify(3D模型技术规格) by extension 'ignore_ament_install'
[1.390s] Level 1:colcon.colcon_core.package_identification:_identify(3D模型技术规格) by extensions ['colcon_pkg']
[1.390s] Level 1:colcon.colcon_core.package_identification:_identify(3D模型技术规格) by extension 'colcon_pkg'
[1.390s] Level 1:colcon.colcon_core.package_identification:_identify(3D模型技术规格) by extensions ['colcon_meta']
[1.390s] Level 1:colcon.colcon_core.package_identification:_identify(3D模型技术规格) by extension 'colcon_meta'
[1.391s] Level 1:colcon.colcon_core.package_identification:_identify(3D模型技术规格) by extensions ['ros']
[1.391s] Level 1:colcon.colcon_core.package_identification:_identify(3D模型技术规格) by extension 'ros'
[1.391s] Level 1:colcon.colcon_core.package_identification:_identify(3D模型技术规格) by extensions ['cmake', 'python']
[1.391s] Level 1:colcon.colcon_core.package_identification:_identify(3D模型技术规格) by extension 'cmake'
[1.391s] Level 1:colcon.colcon_core.package_identification:_identify(3D模型技术规格) by extension 'python'
[1.392s] Level 1:colcon.colcon_core.package_identification:_identify(3D模型技术规格) by extensions ['python_setup_py']
[1.392s] Level 1:colcon.colcon_core.package_identification:_identify(3D模型技术规格) by extension 'python_setup_py'
[1.392s] Level 1:colcon.colcon_core.package_identification:_identify(YDLidar-SDK-master) by extensions ['ignore', 'ignore_ament_install']
[1.393s] Level 1:colcon.colcon_core.package_identification:_identify(YDLidar-SDK-master) by extension 'ignore'
[1.393s] Level 1:colcon.colcon_core.package_identification:_identify(YDLidar-SDK-master) by extension 'ignore_ament_install'
[1.393s] Level 1:colcon.colcon_core.package_identification:_identify(YDLidar-SDK-master) by extensions ['colcon_pkg']
[1.394s] Level 1:colcon.colcon_core.package_identification:_identify(YDLidar-SDK-master) by extension 'colcon_pkg'
[1.394s] Level 1:colcon.colcon_core.package_identification:_identify(YDLidar-SDK-master) by extensions ['colcon_meta']
[1.394s] Level 1:colcon.colcon_core.package_identification:_identify(YDLidar-SDK-master) by extension 'colcon_meta'
[1.394s] Level 1:colcon.colcon_core.package_identification:_identify(YDLidar-SDK-master) by extensions ['ros']
[1.394s] Level 1:colcon.colcon_core.package_identification:_identify(YDLidar-SDK-master) by extension 'ros'
[1.395s] Level 1:colcon.colcon_core.package_identification:_identify(YDLidar-SDK-master) by extensions ['cmake', 'python']
[1.395s] Level 1:colcon.colcon_core.package_identification:_identify(YDLidar-SDK-master) by extension 'cmake'
[1.469s] Level 1:colcon.colcon_core.package_identification:_identify(YDLidar-SDK-master) by extension 'python'
[1.470s] DEBUG:colcon.colcon_core.package_identification:Package 'YDLidar-SDK-master' with type 'cmake' and name 'ydlidar_sdk'
[1.470s] Level 1:colcon.colcon_core.package_identification:_identify(build) by extensions ['ignore', 'ignore_ament_install']
[1.471s] Level 1:colcon.colcon_core.package_identification:_identify(build) by extension 'ignore'
[1.471s] Level 1:colcon.colcon_core.package_identification:_identify(build) ignored
[1.472s] Level 1:colcon.colcon_core.package_identification:_identify(install) by extensions ['ignore', 'ignore_ament_install']
[1.472s] Level 1:colcon.colcon_core.package_identification:_identify(install) by extension 'ignore'
[1.472s] Level 1:colcon.colcon_core.package_identification:_identify(install) ignored
[1.473s] Level 1:colcon.colcon_core.package_identification:_identify(log) by extensions ['ignore', 'ignore_ament_install']
[1.473s] Level 1:colcon.colcon_core.package_identification:_identify(log) by extension 'ignore'
[1.474s] Level 1:colcon.colcon_core.package_identification:_identify(log) ignored
[1.474s] Level 1:colcon.colcon_core.package_identification:_identify(src) by extensions ['ignore', 'ignore_ament_install']
[1.474s] Level 1:colcon.colcon_core.package_identification:_identify(src) by extension 'ignore'
[1.474s] Level 1:colcon.colcon_core.package_identification:_identify(src) by extension 'ignore_ament_install'
[1.475s] Level 1:colcon.colcon_core.package_identification:_identify(src) by extensions ['colcon_pkg']
[1.475s] Level 1:colcon.colcon_core.package_identification:_identify(src) by extension 'colcon_pkg'
[1.475s] Level 1:colcon.colcon_core.package_identification:_identify(src) by extensions ['colcon_meta']
[1.475s] Level 1:colcon.colcon_core.package_identification:_identify(src) by extension 'colcon_meta'
[1.475s] Level 1:colcon.colcon_core.package_identification:_identify(src) by extensions ['ros']
[1.476s] Level 1:colcon.colcon_core.package_identification:_identify(src) by extension 'ros'
[1.476s] Level 1:colcon.colcon_core.package_identification:_identify(src) by extensions ['cmake', 'python']
[1.476s] Level 1:colcon.colcon_core.package_identification:_identify(src) by extension 'cmake'
[1.476s] Level 1:colcon.colcon_core.package_identification:_identify(src) by extension 'python'
[1.476s] Level 1:colcon.colcon_core.package_identification:_identify(src) by extensions ['python_setup_py']
[1.477s] Level 1:colcon.colcon_core.package_identification:_identify(src) by extension 'python_setup_py'
[1.477s] Level 1:colcon.colcon_core.package_identification:_identify(src/pkg_helloworld_py) by extensions ['ignore', 'ignore_ament_install']
[1.478s] Level 1:colcon.colcon_core.package_identification:_identify(src/pkg_helloworld_py) by extension 'ignore'
[1.478s] Level 1:colcon.colcon_core.package_identification:_identify(src/pkg_helloworld_py) by extension 'ignore_ament_install'
[1.478s] Level 1:colcon.colcon_core.package_identification:_identify(src/pkg_helloworld_py) by extensions ['colcon_pkg']
[1.478s] Level 1:colcon.colcon_core.package_identification:_identify(src/pkg_helloworld_py) by extension 'colcon_pkg'
[1.478s] Level 1:colcon.colcon_core.package_identification:_identify(src/pkg_helloworld_py) by extensions ['colcon_meta']
[1.478s] Level 1:colcon.colcon_core.package_identification:_identify(src/pkg_helloworld_py) by extension 'colcon_meta'
[1.479s] Level 1:colcon.colcon_core.package_identification:_identify(src/pkg_helloworld_py) by extensions ['ros']
[1.479s] Level 1:colcon.colcon_core.package_identification:_identify(src/pkg_helloworld_py) by extension 'ros'
[1.487s] DEBUG:colcon.colcon_core.package_identification:Package 'src/pkg_helloworld_py' with type 'ros.ament_python' and name 'pkg_helloworld_py'
[1.488s] Level 1:colcon.colcon_core.package_identification:_identify(src/ydlidar_ros2_driver-master) by extensions ['ignore', 'ignore_ament_install']
[1.489s] Level 1:colcon.colcon_core.package_identification:_identify(src/ydlidar_ros2_driver-master) by extension 'ignore'
[1.489s] Level 1:colcon.colcon_core.package_identification:_identify(src/ydlidar_ros2_driver-master) by extension 'ignore_ament_install'
[1.489s] Level 1:colcon.colcon_core.package_identification:_identify(src/ydlidar_ros2_driver-master) by extensions ['colcon_pkg']
[1.489s] Level 1:colcon.colcon_core.package_identification:_identify(src/ydlidar_ros2_driver-master) by extension 'colcon_pkg'
[1.490s] Level 1:colcon.colcon_core.package_identification:_identify(src/ydlidar_ros2_driver-master) by extensions ['colcon_meta']
[1.490s] Level 1:colcon.colcon_core.package_identification:_identify(src/ydlidar_ros2_driver-master) by extension 'colcon_meta'
[1.490s] Level 1:colcon.colcon_core.package_identification:_identify(src/ydlidar_ros2_driver-master) by extensions ['ros']
[1.490s] Level 1:colcon.colcon_core.package_identification:_identify(src/ydlidar_ros2_driver-master) by extension 'ros'
[1.493s] DEBUG:colcon.colcon_core.package_identification:Package 'src/ydlidar_ros2_driver-master' with type 'ros.ament_cmake' and name 'ydlidar_ros2_driver'
[1.493s] Level 1:colcon.colcon_core.package_discovery:discover_packages(recursive) using defaults
[1.494s] Level 1:colcon.colcon_core.package_discovery:discover_packages(ignore) discover
[1.494s] Level 1:colcon.colcon_core.package_discovery:discover_packages(ignore) using defaults
[1.494s] Level 1:colcon.colcon_core.package_discovery:discover_packages(path) discover
[1.494s] Level 1:colcon.colcon_core.package_discovery:discover_packages(path) using defaults
[1.575s] Level 1:colcon.colcon_core.package_discovery:discover_packages(prefix_path) check parameters
[1.575s] Level 1:colcon.colcon_core.package_discovery:discover_packages(prefix_path) discover
[1.584s] DEBUG:colcon.colcon_installed_package_information.package_discovery:Found 3 installed packages in /home/rasp/桌面/smart-cane/install
[1.593s] DEBUG:colcon.colcon_installed_package_information.package_discovery:Found 271 installed packages in /opt/ros/humble
[1.635s] Level 1:colcon.colcon_core.package_discovery:discover_packages(prefix_path) using defaults
[1.797s] Level 5:colcon.colcon_core.verb:set package 'pkg_helloworld_py' build argument 'cmake_args' from command line to 'None'
[1.798s] Level 5:colcon.colcon_core.verb:set package 'pkg_helloworld_py' build argument 'cmake_target' from command line to 'None'
[1.798s] Level 5:colcon.colcon_core.verb:set package 'pkg_helloworld_py' build argument 'cmake_target_skip_unavailable' from command line to 'False'
[1.798s] Level 5:colcon.colcon_core.verb:set package 'pkg_helloworld_py' build argument 'cmake_clean_cache' from command line to 'False'
[1.798s] Level 5:colcon.colcon_core.verb:set package 'pkg_helloworld_py' build argument 'cmake_clean_first' from command line to 'False'
[1.798s] Level 5:colcon.colcon_core.verb:set package 'pkg_helloworld_py' build argument 'cmake_force_configure' from command line to 'False'
[1.798s] Level 5:colcon.colcon_core.verb:set package 'pkg_helloworld_py' build argument 'ament_cmake_args' from command line to 'None'
[1.798s] Level 5:colcon.colcon_core.verb:set package 'pkg_helloworld_py' build argument 'catkin_cmake_args' from command line to 'None'
[1.798s] Level 5:colcon.colcon_core.verb:set package 'pkg_helloworld_py' build argument 'catkin_skip_building_tests' from command line to 'False'
[1.799s] DEBUG:colcon.colcon_core.verb:Building package 'pkg_helloworld_py' with the following arguments: {'ament_cmake_args': None, 'build_base': '/home/rasp/桌面/smart-cane/build/pkg_helloworld_py', 'catkin_cmake_args': None, 'catkin_skip_building_tests': False, 'cmake_args': None, 'cmake_clean_cache': False, 'cmake_clean_first': False, 'cmake_force_configure': False, 'cmake_target': None, 'cmake_target_skip_unavailable': False, 'install_base': '/home/rasp/桌面/smart-cane/install/pkg_helloworld_py', 'merge_install': False, 'path': '/home/rasp/桌面/smart-cane/src/pkg_helloworld_py', 'symlink_install': True, 'test_result_base': None}
[1.800s] Level 5:colcon.colcon_core.verb:set package 'ydlidar_ros2_driver' build argument 'cmake_args' from command line to 'None'
[1.800s] Level 5:colcon.colcon_core.verb:set package 'ydlidar_ros2_driver' build argument 'cmake_target' from command line to 'None'
[1.800s] Level 5:colcon.colcon_core.verb:set package 'ydlidar_ros2_driver' build argument 'cmake_target_skip_unavailable' from command line to 'False'
[1.801s] Level 5:colcon.colcon_core.verb:set package 'ydlidar_ros2_driver' build argument 'cmake_clean_cache' from command line to 'False'
[1.801s] Level 5:colcon.colcon_core.verb:set package 'ydlidar_ros2_driver' build argument 'cmake_clean_first' from command line to 'False'
[1.801s] Level 5:colcon.colcon_core.verb:set package 'ydlidar_ros2_driver' build argument 'cmake_force_configure' from command line to 'False'
[1.801s] Level 5:colcon.colcon_core.verb:set package 'ydlidar_ros2_driver' build argument 'ament_cmake_args' from command line to 'None'
[1.801s] Level 5:colcon.colcon_core.verb:set package 'ydlidar_ros2_driver' build argument 'catkin_cmake_args' from command line to 'None'
[1.801s] Level 5:colcon.colcon_core.verb:set package 'ydlidar_ros2_driver' build argument 'catkin_skip_building_tests' from command line to 'False'
[1.801s] DEBUG:colcon.colcon_core.verb:Building package 'ydlidar_ros2_driver' with the following arguments: {'ament_cmake_args': None, 'build_base': '/home/rasp/桌面/smart-cane/build/ydlidar_ros2_driver', 'catkin_cmake_args': None, 'catkin_skip_building_tests': False, 'cmake_args': None, 'cmake_clean_cache': False, 'cmake_clean_first': False, 'cmake_force_configure': False, 'cmake_target': None, 'cmake_target_skip_unavailable': False, 'install_base': '/home/rasp/桌面/smart-cane/install/ydlidar_ros2_driver', 'merge_install': False, 'path': '/home/rasp/桌面/smart-cane/src/ydlidar_ros2_driver-master', 'symlink_install': True, 'test_result_base': None}
[1.803s] Level 5:colcon.colcon_core.verb:set package 'ydlidar_sdk' build argument 'cmake_args' from command line to 'None'
[1.803s] Level 5:colcon.colcon_core.verb:set package 'ydlidar_sdk' build argument 'cmake_target' from command line to 'None'
[1.803s] Level 5:colcon.colcon_core.verb:set package 'ydlidar_sdk' build argument 'cmake_target_skip_unavailable' from command line to 'False'
[1.803s] Level 5:colcon.colcon_core.verb:set package 'ydlidar_sdk' build argument 'cmake_clean_cache' from command line to 'False'
[1.803s] Level 5:colcon.colcon_core.verb:set package 'ydlidar_sdk' build argument 'cmake_clean_first' from command line to 'False'
[1.803s] Level 5:colcon.colcon_core.verb:set package 'ydlidar_sdk' build argument 'cmake_force_configure' from command line to 'False'
[1.804s] Level 5:colcon.colcon_core.verb:set package 'ydlidar_sdk' build argument 'ament_cmake_args' from command line to 'None'
[1.804s] Level 5:colcon.colcon_core.verb:set package 'ydlidar_sdk' build argument 'catkin_cmake_args' from command line to 'None'
[1.804s] Level 5:colcon.colcon_core.verb:set package 'ydlidar_sdk' build argument 'catkin_skip_building_tests' from command line to 'False'
[1.804s] DEBUG:colcon.colcon_core.verb:Building package 'ydlidar_sdk' with the following arguments: {'ament_cmake_args': None, 'build_base': '/home/rasp/桌面/smart-cane/build/ydlidar_sdk', 'catkin_cmake_args': None, 'catkin_skip_building_tests': False, 'cmake_args': None, 'cmake_clean_cache': False, 'cmake_clean_first': False, 'cmake_force_configure': False, 'cmake_target': None, 'cmake_target_skip_unavailable': False, 'install_base': '/home/rasp/桌面/smart-cane/install/ydlidar_sdk', 'merge_install': False, 'path': '/home/rasp/桌面/smart-cane/YDLidar-SDK-master', 'symlink_install': True, 'test_result_base': None}
[1.804s] INFO:colcon.colcon_core.executor:Executing jobs using 'parallel' executor
[1.808s] DEBUG:colcon.colcon_parallel_executor.executor.parallel:run_until_complete
[1.809s] INFO:colcon.colcon_ros.task.ament_python.build:Building ROS package in '/home/rasp/桌面/smart-cane/src/pkg_helloworld_py' with build type 'ament_python'
[1.810s] Level 1:colcon.colcon_core.shell:create_environment_hook('pkg_helloworld_py', 'ament_prefix_path')
[1.820s] INFO:colcon.colcon_core.plugin_system:Skipping extension 'colcon_core.shell.bat': Not used on non-Windows systems
[1.822s] INFO:colcon.colcon_core.shell:Creating environment hook '/home/rasp/桌面/smart-cane/install/pkg_helloworld_py/share/pkg_helloworld_py/hook/ament_prefix_path.ps1'
[1.825s] INFO:colcon.colcon_core.shell:Creating environment descriptor '/home/rasp/桌面/smart-cane/install/pkg_helloworld_py/share/pkg_helloworld_py/hook/ament_prefix_path.dsv'
[1.828s] INFO:colcon.colcon_core.shell:Creating environment hook '/home/rasp/桌面/smart-cane/install/pkg_helloworld_py/share/pkg_helloworld_py/hook/ament_prefix_path.sh'
[1.833s] INFO:colcon.colcon_core.shell:Skip shell extension 'powershell' for command environment: Not usable outside of PowerShell
[1.834s] DEBUG:colcon.colcon_core.shell:Skip shell extension 'dsv' for command environment
[1.854s] INFO:colcon.colcon_ros.task.ament_cmake.build:Building ROS package in '/home/rasp/桌面/smart-cane/src/ydlidar_ros2_driver-master' with build type 'ament_cmake'
[1.855s] INFO:colcon.colcon_cmake.task.cmake.build:Building CMake package in '/home/rasp/桌面/smart-cane/src/ydlidar_ros2_driver-master'
[1.857s] INFO:colcon.colcon_core.shell:Skip shell extension 'powershell' for command environment: Not usable outside of PowerShell
[1.857s] DEBUG:colcon.colcon_core.shell:Skip shell extension 'dsv' for command environment
[1.878s] INFO:colcon.colcon_cmake.task.cmake.build:Building CMake package in '/home/rasp/桌面/smart-cane/YDLidar-SDK-master'
[1.879s] INFO:colcon.colcon_core.shell:Skip shell extension 'powershell' for command environment: Not usable outside of PowerShell
[1.880s] DEBUG:colcon.colcon_core.shell:Skip shell extension 'dsv' for command environment
[3.107s] INFO:colcon.colcon_core.task.python.build:Building Python package in '/home/rasp/桌面/smart-cane/src/pkg_helloworld_py'
[3.108s] INFO:colcon.colcon_core.shell:Skip shell extension 'powershell' for command environment: Not usable outside of PowerShell
[3.108s] DEBUG:colcon.colcon_core.shell:Skip shell extension 'dsv' for command environment
[3.140s] DEBUG:colcon.colcon_core.event_handler.log_command:Invoking command in '/home/rasp/桌面/smart-cane/build/ydlidar_ros2_driver': CMAKE_PREFIX_PATH=${CMAKE_PREFIX_PATH}:/home/rasp/桌面/smart-cane/install/pkg_helloworld_py:/opt/ros/humble /usr/bin/cmake --build /home/rasp/桌面/smart-cane/build/ydlidar_ros2_driver -- -j4 -l4
[3.170s] DEBUG:colcon.colcon_core.event_handler.log_command:Invoking command in '/home/rasp/桌面/smart-cane/build/ydlidar_sdk': /usr/bin/cmake --build /home/rasp/桌面/smart-cane/build/ydlidar_sdk -- -j4 -l4
[3.854s] DEBUG:colcon.colcon_core.event_handler.log_command:Invoked command in '/home/rasp/桌面/smart-cane/build/ydlidar_sdk' returned '0': /usr/bin/cmake --build /home/rasp/桌面/smart-cane/build/ydlidar_sdk -- -j4 -l4
[3.904s] DEBUG:colcon.colcon_core.event_handler.log_command:Invoking command in '/home/rasp/桌面/smart-cane/build/ydlidar_sdk': /usr/bin/cmake --install /home/rasp/桌面/smart-cane/build/ydlidar_sdk
[4.032s] Level 1:colcon.colcon_core.environment:create_environment_scripts_only(ydlidar_sdk)
[4.048s] Level 1:colcon.colcon_core.environment:checking '/home/rasp/桌面/smart-cane/install/ydlidar_sdk' for CMake module files
[4.067s] Level 1:colcon.colcon_core.environment:checking '/home/rasp/桌面/smart-cane/install/ydlidar_sdk' for CMake config files
[4.069s] Level 1:colcon.colcon_core.shell:create_environment_hook('ydlidar_sdk', 'cmake_prefix_path')
[4.070s] INFO:colcon.colcon_core.shell:Creating environment hook '/home/rasp/桌面/smart-cane/install/ydlidar_sdk/share/ydlidar_sdk/hook/cmake_prefix_path.ps1'
[4.113s] INFO:colcon.colcon_core.shell:Creating environment descriptor '/home/rasp/桌面/smart-cane/install/ydlidar_sdk/share/ydlidar_sdk/hook/cmake_prefix_path.dsv'
[4.116s] INFO:colcon.colcon_core.shell:Creating environment hook '/home/rasp/桌面/smart-cane/install/ydlidar_sdk/share/ydlidar_sdk/hook/cmake_prefix_path.sh'
[4.121s] Level 1:colcon.colcon_core.environment:checking '/home/rasp/桌面/smart-cane/install/ydlidar_sdk/lib'
[4.123s] Level 1:colcon.colcon_core.environment:checking '/home/rasp/桌面/smart-cane/install/ydlidar_sdk/bin'
[4.123s] Level 1:colcon.colcon_core.shell:create_environment_hook('ydlidar_sdk', 'path')
[4.124s] INFO:colcon.colcon_core.shell:Creating environment hook '/home/rasp/桌面/smart-cane/install/ydlidar_sdk/share/ydlidar_sdk/hook/path.ps1'
[4.145s] INFO:colcon.colcon_core.shell:Creating environment descriptor '/home/rasp/桌面/smart-cane/install/ydlidar_sdk/share/ydlidar_sdk/hook/path.dsv'
[4.150s] INFO:colcon.colcon_core.shell:Creating environment hook '/home/rasp/桌面/smart-cane/install/ydlidar_sdk/share/ydlidar_sdk/hook/path.sh'
[4.154s] Level 1:colcon.colcon_core.environment:checking '/home/rasp/桌面/smart-cane/install/ydlidar_sdk/lib/pkgconfig/ydlidar_sdk.pc'
[4.156s] Level 1:colcon.colcon_core.environment:checking '/home/rasp/桌面/smart-cane/install/ydlidar_sdk/lib/python3.10/site-packages'
[4.158s] Level 1:colcon.colcon_core.environment:checking '/home/rasp/桌面/smart-cane/install/ydlidar_sdk/bin'
[4.158s] Level 1:colcon.colcon_core.shell:create_environment_hook('ydlidar_sdk', 'pythonscriptspath')
[4.160s] INFO:colcon.colcon_core.shell:Creating environment hook '/home/rasp/桌面/smart-cane/install/ydlidar_sdk/share/ydlidar_sdk/hook/pythonscriptspath.ps1'
[4.174s] DEBUG:colcon.colcon_core.event_handler.log_command:Invoked command in '/home/rasp/桌面/smart-cane/build/ydlidar_sdk' returned '0': /usr/bin/cmake --install /home/rasp/桌面/smart-cane/build/ydlidar_sdk
[4.175s] INFO:colcon.colcon_core.shell:Creating environment descriptor '/home/rasp/桌面/smart-cane/install/ydlidar_sdk/share/ydlidar_sdk/hook/pythonscriptspath.dsv'
[4.177s] INFO:colcon.colcon_core.shell:Creating environment hook '/home/rasp/桌面/smart-cane/install/ydlidar_sdk/share/ydlidar_sdk/hook/pythonscriptspath.sh'
[4.182s] INFO:colcon.colcon_core.shell:Creating package script '/home/rasp/桌面/smart-cane/install/ydlidar_sdk/share/ydlidar_sdk/package.ps1'
[4.186s] INFO:colcon.colcon_core.shell:Creating package descriptor '/home/rasp/桌面/smart-cane/install/ydlidar_sdk/share/ydlidar_sdk/package.dsv'
[4.190s] INFO:colcon.colcon_core.shell:Creating package script '/home/rasp/桌面/smart-cane/install/ydlidar_sdk/share/ydlidar_sdk/package.sh'
[4.195s] INFO:colcon.colcon_core.shell:Creating package script '/home/rasp/桌面/smart-cane/install/ydlidar_sdk/share/ydlidar_sdk/package.bash'
[4.199s] INFO:colcon.colcon_core.shell:Creating package script '/home/rasp/桌面/smart-cane/install/ydlidar_sdk/share/ydlidar_sdk/package.zsh'
[4.203s] Level 1:colcon.colcon_core.environment:create_file_with_runtime_dependencies(/home/rasp/桌面/smart-cane/install/ydlidar_sdk/share/colcon-core/packages/ydlidar_sdk)
[5.137s] DEBUG:colcon.colcon_core.event_handler.log_command:Invoking command in '/home/rasp/桌面/smart-cane/build/pkg_helloworld_py': PYTHONPATH=/home/rasp/桌面/smart-cane/build/pkg_helloworld_py/prefix_override:/usr/lib/python3/dist-packages/colcon_core/task/python/colcon_distutils_commands:/home/rasp/桌面/smart-cane/install/pkg_helloworld_py/lib/python3.10/site-packages:${PYTHONPATH} /usr/bin/python3 -W ignore:setup.py install is deprecated -W ignore:easy_install command is deprecated setup.py develop --editable --build-directory /home/rasp/桌面/smart-cane/build/pkg_helloworld_py/build --no-deps symlink_data
[8.281s] Level 1:colcon.colcon_core.shell:create_environment_hook('pkg_helloworld_py', 'pythonpath_develop')
[8.282s] INFO:colcon.colcon_core.shell:Creating environment hook '/home/rasp/桌面/smart-cane/build/pkg_helloworld_py/share/pkg_helloworld_py/hook/pythonpath_develop.ps1'
[8.285s] INFO:colcon.colcon_core.shell:Creating environment descriptor '/home/rasp/桌面/smart-cane/build/pkg_helloworld_py/share/pkg_helloworld_py/hook/pythonpath_develop.dsv'
[8.287s] INFO:colcon.colcon_core.shell:Creating environment hook '/home/rasp/桌面/smart-cane/build/pkg_helloworld_py/share/pkg_helloworld_py/hook/pythonpath_develop.sh'
[8.291s] DEBUG:colcon.colcon_core.event_handler.log_command:Invoked command in '/home/rasp/桌面/smart-cane/build/pkg_helloworld_py' returned '0': PYTHONPATH=/home/rasp/桌面/smart-cane/build/pkg_helloworld_py/prefix_override:/usr/lib/python3/dist-packages/colcon_core/task/python/colcon_distutils_commands:/home/rasp/桌面/smart-cane/install/pkg_helloworld_py/lib/python3.10/site-packages:${PYTHONPATH} /usr/bin/python3 -W ignore:setup.py install is deprecated -W ignore:easy_install command is deprecated setup.py develop --editable --build-directory /home/rasp/桌面/smart-cane/build/pkg_helloworld_py/build --no-deps symlink_data
[8.293s] Level 1:colcon.colcon_core.environment:checking '/home/rasp/桌面/smart-cane/install/pkg_helloworld_py' for CMake module files
[8.296s] Level 1:colcon.colcon_core.environment:checking '/home/rasp/桌面/smart-cane/install/pkg_helloworld_py' for CMake config files
[8.301s] Level 1:colcon.colcon_core.environment:checking '/home/rasp/桌面/smart-cane/install/pkg_helloworld_py/lib'
[8.302s] Level 1:colcon.colcon_core.environment:checking '/home/rasp/桌面/smart-cane/install/pkg_helloworld_py/bin'
[8.302s] Level 1:colcon.colcon_core.environment:checking '/home/rasp/桌面/smart-cane/install/pkg_helloworld_py/lib/pkgconfig/pkg_helloworld_py.pc'
[8.304s] Level 1:colcon.colcon_core.environment:checking '/home/rasp/桌面/smart-cane/install/pkg_helloworld_py/lib/python3.10/site-packages'
[8.304s] Level 1:colcon.colcon_core.shell:create_environment_hook('pkg_helloworld_py', 'pythonpath')
[8.306s] INFO:colcon.colcon_core.shell:Creating environment hook '/home/rasp/桌面/smart-cane/install/pkg_helloworld_py/share/pkg_helloworld_py/hook/pythonpath.ps1'
[8.310s] INFO:colcon.colcon_core.shell:Creating environment descriptor '/home/rasp/桌面/smart-cane/install/pkg_helloworld_py/share/pkg_helloworld_py/hook/pythonpath.dsv'
[8.315s] INFO:colcon.colcon_core.shell:Creating environment hook '/home/rasp/桌面/smart-cane/install/pkg_helloworld_py/share/pkg_helloworld_py/hook/pythonpath.sh'
[8.319s] Level 1:colcon.colcon_core.environment:checking '/home/rasp/桌面/smart-cane/install/pkg_helloworld_py/bin'
[8.320s] Level 1:colcon.colcon_core.environment:create_environment_scripts_only(pkg_helloworld_py)
[8.322s] INFO:colcon.colcon_core.shell:Creating package script '/home/rasp/桌面/smart-cane/install/pkg_helloworld_py/share/pkg_helloworld_py/package.ps1'
[8.325s] INFO:colcon.colcon_core.shell:Creating package descriptor '/home/rasp/桌面/smart-cane/install/pkg_helloworld_py/share/pkg_helloworld_py/package.dsv'
[8.328s] INFO:colcon.colcon_core.shell:Creating package script '/home/rasp/桌面/smart-cane/install/pkg_helloworld_py/share/pkg_helloworld_py/package.sh'
[8.331s] INFO:colcon.colcon_core.shell:Creating package script '/home/rasp/桌面/smart-cane/install/pkg_helloworld_py/share/pkg_helloworld_py/package.bash'
[8.334s] INFO:colcon.colcon_core.shell:Creating package script '/home/rasp/桌面/smart-cane/install/pkg_helloworld_py/share/pkg_helloworld_py/package.zsh'
[8.337s] Level 1:colcon.colcon_core.environment:create_file_with_runtime_dependencies(/home/rasp/桌面/smart-cane/install/pkg_helloworld_py/share/colcon-core/packages/pkg_helloworld_py)
[20.550s] DEBUG:colcon.colcon_core.event_handler.log_command:Invoked command in '/home/rasp/桌面/smart-cane/build/ydlidar_ros2_driver' returned '2': CMAKE_PREFIX_PATH=${CMAKE_PREFIX_PATH}:/home/rasp/桌面/smart-cane/install/pkg_helloworld_py:/opt/ros/humble /usr/bin/cmake --build /home/rasp/桌面/smart-cane/build/ydlidar_ros2_driver -- -j4 -l4
[20.555s] Level 1:colcon.colcon_core.environment:create_environment_scripts_only(ydlidar_ros2_driver)
[20.556s] Level 1:colcon.colcon_core.environment:checking '/home/rasp/桌面/smart-cane/install/ydlidar_ros2_driver' for CMake module files
[20.559s] Level 1:colcon.colcon_core.environment:checking '/home/rasp/桌面/smart-cane/install/ydlidar_ros2_driver' for CMake config files
[20.563s] Level 1:colcon.colcon_core.environment:checking '/home/rasp/桌面/smart-cane/install/ydlidar_ros2_driver/bin'
[20.563s] Level 1:colcon.colcon_core.environment:checking '/home/rasp/桌面/smart-cane/install/ydlidar_ros2_driver/lib/pkgconfig/ydlidar_ros2_driver.pc'
[20.565s] Level 1:colcon.colcon_core.environment:checking '/home/rasp/桌面/smart-cane/install/ydlidar_ros2_driver/lib/python3.10/site-packages'
[20.566s] Level 1:colcon.colcon_core.environment:checking '/home/rasp/桌面/smart-cane/install/ydlidar_ros2_driver/bin'
[20.567s] INFO:colcon.colcon_core.shell:Creating package script '/home/rasp/桌面/smart-cane/install/ydlidar_ros2_driver/share/ydlidar_ros2_driver/package.ps1'
[20.570s] INFO:colcon.colcon_core.shell:Creating package descriptor '/home/rasp/桌面/smart-cane/install/ydlidar_ros2_driver/share/ydlidar_ros2_driver/package.dsv'
[20.574s] INFO:colcon.colcon_core.shell:Creating package script '/home/rasp/桌面/smart-cane/install/ydlidar_ros2_driver/share/ydlidar_ros2_driver/package.sh'
[20.576s] INFO:colcon.colcon_core.shell:Creating package script '/home/rasp/桌面/smart-cane/install/ydlidar_ros2_driver/share/ydlidar_ros2_driver/package.bash'
[20.579s] INFO:colcon.colcon_core.shell:Creating package script '/home/rasp/桌面/smart-cane/install/ydlidar_ros2_driver/share/ydlidar_ros2_driver/package.zsh'
[20.581s] Level 1:colcon.colcon_core.environment:create_file_with_runtime_dependencies(/home/rasp/桌面/smart-cane/install/ydlidar_ros2_driver/share/colcon-core/packages/ydlidar_ros2_driver)
[20.598s] DEBUG:colcon.colcon_parallel_executor.executor.parallel:closing loop
[20.602s] DEBUG:colcon.colcon_parallel_executor.executor.parallel:loop closed
[20.603s] DEBUG:colcon.colcon_parallel_executor.executor.parallel:run_until_complete finished with '2'
[20.604s] DEBUG:colcon.colcon_core.event_reactor:joining thread
[20.640s] INFO:colcon.colcon_core.plugin_system:Skipping extension 'colcon_notification.desktop_notification.terminal_notifier': Not used on non-Darwin systems
[20.640s] INFO:colcon.colcon_core.plugin_system:Skipping extension 'colcon_notification.desktop_notification.win32': Not used on non-Windows systems
[20.641s] INFO:colcon.colcon_notification.desktop_notification:Sending desktop notification using 'notify2'
[20.642s] DEBUG:colcon.colcon_notification.desktop_notification.notify2:Failed to initialize notify2: org.freedesktop.DBus.Error.NotSupported: Unable to autolaunch a dbus-daemon without a $DISPLAY for X11
[20.642s] DEBUG:colcon.colcon_core.event_reactor:joined thread
[20.644s] INFO:colcon.colcon_core.shell:Creating prefix script '/home/rasp/桌面/smart-cane/install/local_setup.ps1'
[20.653s] INFO:colcon.colcon_core.shell:Creating prefix util module '/home/rasp/桌面/smart-cane/install/_local_setup_util_ps1.py'
[20.661s] INFO:colcon.colcon_core.shell:Creating prefix chain script '/home/rasp/桌面/smart-cane/install/setup.ps1'
[20.668s] INFO:colcon.colcon_core.shell:Creating prefix script '/home/rasp/桌面/smart-cane/install/local_setup.sh'
[20.670s] INFO:colcon.colcon_core.shell:Creating prefix util module '/home/rasp/桌面/smart-cane/install/_local_setup_util_sh.py'
[20.673s] INFO:colcon.colcon_core.shell:Creating prefix chain script '/home/rasp/桌面/smart-cane/install/setup.sh'
[20.678s] INFO:colcon.colcon_core.shell:Creating prefix script '/home/rasp/桌面/smart-cane/install/local_setup.bash'
[20.681s] INFO:colcon.colcon_core.shell:Creating prefix chain script '/home/rasp/桌面/smart-cane/install/setup.bash'
[20.693s] INFO:colcon.colcon_core.shell:Creating prefix script '/home/rasp/桌面/smart-cane/install/local_setup.zsh'
[20.698s] INFO:colcon.colcon_core.shell:Creating prefix chain script '/home/rasp/桌面/smart-cane/install/setup.zsh'
