[4.878s] Invoking command in '/home/rasp/桌面/smart-cane/build/ydlidar_sdk': /usr/bin/cmake --build /home/rasp/桌面/smart-cane/build/ydlidar_sdk -- -j4 -l4
[5.820s] [ 60%] Built target ydlidar_sdk
[5.972s] [ 68%] Built target etlidar_test
[6.373s] [ 76%] Built target lidar_c_api_test
[6.691s] [ 84%] Built target lidar_test
[7.193s] [ 92%] Built target ydlidar_test
[7.623s] [100%] Built target tof_test
[7.786s] Invoked command in '/home/rasp/桌面/smart-cane/build/ydlidar_sdk' returned '0': /usr/bin/cmake --build /home/rasp/桌面/smart-cane/build/ydlidar_sdk -- -j4 -l4
[7.978s] Invoking command in '/home/rasp/桌面/smart-cane/build/ydlidar_sdk': /usr/bin/cmake --install /home/rasp/桌面/smart-cane/build/ydlidar_sdk
[8.162s] -- Install configuration: ""
[8.163s] -- Up-to-date: /home/rasp/桌面/smart-cane/install/ydlidar_sdk/include/core/base/datatype.h
[8.164s] -- Up-to-date: /home/rasp/桌面/smart-cane/install/ydlidar_sdk/include/core/base/locker.h
[8.174s] -- Up-to-date: /home/rasp/桌面/smart-cane/install/ydlidar_sdk/include/core/base/thread.h
[8.178s] -- Up-to-date: /home/rasp/桌面/smart-cane/install/ydlidar_sdk/include/core/base/timer.h
[8.196s] -- Up-to-date: /home/rasp/桌面/smart-cane/install/ydlidar_sdk/include/core/base/typedef.h
[8.205s] -- Up-to-date: /home/rasp/桌面/smart-cane/install/ydlidar_sdk/include/core/base/utils.h
[8.205s] -- Up-to-date: /home/rasp/桌面/smart-cane/install/ydlidar_sdk/include/core/base/v8stdint.h
[8.209s] -- Up-to-date: /home/rasp/桌面/smart-cane/install/ydlidar_sdk/include/core/base/ydlidar.h
[8.211s] -- Up-to-date: /home/rasp/桌面/smart-cane/install/ydlidar_sdk/include/core/common/ChannelDevice.h
[8.219s] -- Up-to-date: /home/rasp/桌面/smart-cane/install/ydlidar_sdk/include/core/common/DriverInterface.h
[8.222s] -- Up-to-date: /home/rasp/桌面/smart-cane/install/ydlidar_sdk/include/core/common/ydlidar_datatype.h
[8.224s] -- Up-to-date: /home/rasp/桌面/smart-cane/install/ydlidar_sdk/include/core/common/ydlidar_def.h
[8.250s] -- Up-to-date: /home/rasp/桌面/smart-cane/install/ydlidar_sdk/include/core/common/ydlidar_help.h
[8.275s] -- Up-to-date: /home/rasp/桌面/smart-cane/install/ydlidar_sdk/include/core/common/ydlidar_protocol.h
[8.280s] -- Up-to-date: /home/rasp/桌面/smart-cane/install/ydlidar_sdk/include/core/math/angles.h
[8.289s] -- Up-to-date: /home/rasp/桌面/smart-cane/install/ydlidar_sdk/include/core/network/ActiveSocket.h
[8.296s] -- Up-to-date: /home/rasp/桌面/smart-cane/install/ydlidar_sdk/include/core/network/PassiveSocket.h
[8.305s] -- Up-to-date: /home/rasp/桌面/smart-cane/install/ydlidar_sdk/include/core/network/SimpleSocket.h
[8.306s] -- Up-to-date: /home/rasp/桌面/smart-cane/install/ydlidar_sdk/include/core/network/StatTimer.h
[8.332s] -- Up-to-date: /home/rasp/桌面/smart-cane/install/ydlidar_sdk/include/core/serial/common.h
[8.336s] -- Up-to-date: /home/rasp/桌面/smart-cane/install/ydlidar_sdk/include/core/serial/serial.h
[8.354s] -- Up-to-date: /home/rasp/桌面/smart-cane/install/ydlidar_sdk/include/core/serial/impl/unix/lock.h
[8.377s] -- Up-to-date: /home/rasp/桌面/smart-cane/install/ydlidar_sdk/include/core/serial/impl/unix/unix.h
[8.378s] -- Up-to-date: /home/rasp/桌面/smart-cane/install/ydlidar_sdk/include/core/serial/impl/unix/unix_serial.h
[8.389s] -- Up-to-date: /home/rasp/桌面/smart-cane/install/ydlidar_sdk/include/src/CYdLidar.h
[8.395s] -- Up-to-date: /home/rasp/桌面/smart-cane/install/ydlidar_sdk/include/src/ETLidarDriver.h
[8.396s] -- Up-to-date: /home/rasp/桌面/smart-cane/install/ydlidar_sdk/include/src/ydlidar_driver.h
[8.397s] -- Up-to-date: /home/rasp/桌面/smart-cane/install/ydlidar_sdk/include/src/ydlidar_sdk.h
[8.398s] -- Up-to-date: /home/rasp/桌面/smart-cane/install/ydlidar_sdk/include/src/filters/FilterInterface.h
[8.406s] -- Up-to-date: /home/rasp/桌面/smart-cane/install/ydlidar_sdk/include/src/filters/NoiseFilter.h
[8.407s] -- Up-to-date: /home/rasp/桌面/smart-cane/install/ydlidar_sdk/include/ydlidar_config.h
[8.411s] -- Up-to-date: /home/rasp/桌面/smart-cane/install/ydlidar_sdk/lib/libydlidar_sdk.a
[8.412s] -- Up-to-date: /home/rasp/桌面/smart-cane/install/ydlidar_sdk/lib/pkgconfig/YDLIDAR_SDK.pc
[8.423s] -- Up-to-date: /home/rasp/桌面/smart-cane/install/ydlidar_sdk/lib/cmake/ydlidar_sdk/ydlidar_sdkConfig.cmake
[8.424s] -- Up-to-date: /home/rasp/桌面/smart-cane/install/ydlidar_sdk/lib/cmake/ydlidar_sdk/ydlidar_sdkTargets.cmake
[8.425s] -- Up-to-date: /home/rasp/桌面/smart-cane/install/ydlidar_sdk/lib/cmake/ydlidar_sdk/ydlidar_sdkConfigVersion.cmake
[8.426s] -- Up-to-date: /home/rasp/桌面/smart-cane/install/ydlidar_sdk/share/YDLIDAR_SDK/FindYDLIDAR_SDK.cmake
[8.442s] -- Up-to-date: /home/rasp/桌面/smart-cane/install/ydlidar_sdk/share/YDLIDAR_SDK
[8.449s] -- Up-to-date: /home/rasp/桌面/smart-cane/install/ydlidar_sdk/share/YDLIDAR_SDK/cmake_uninstall.cmake.in
[8.453s] -- Up-to-date: /home/rasp/桌面/smart-cane/install/ydlidar_sdk/share/YDLIDAR_SDK/FindPackage.cmake.in
[8.456s] -- Up-to-date: /home/rasp/桌面/smart-cane/install/ydlidar_sdk/share/YDLIDAR_SDK/PackageConfigVersion.cmake.in
[8.467s] -- Up-to-date: /home/rasp/桌面/smart-cane/install/ydlidar_sdk/share/YDLIDAR_SDK/script_show_final_summary.cmake
[8.478s] -- Up-to-date: /home/rasp/桌面/smart-cane/install/ydlidar_sdk/share/YDLIDAR_SDK/PackageConfig.cmake.in
[8.479s] -- Up-to-date: /home/rasp/桌面/smart-cane/install/ydlidar_sdk/share/YDLIDAR_SDK/common
[8.480s] -- Up-to-date: /home/rasp/桌面/smart-cane/install/ydlidar_sdk/share/YDLIDAR_SDK/common/ydlidar_parse.cmake
[8.481s] -- Up-to-date: /home/rasp/桌面/smart-cane/install/ydlidar_sdk/share/YDLIDAR_SDK/common/ydlidar_base.cmake
[8.489s] -- Up-to-date: /home/rasp/桌面/smart-cane/install/ydlidar_sdk/share/YDLIDAR_SDK/install_package.cmake
[8.492s] -- Up-to-date: /home/rasp/桌面/smart-cane/install/ydlidar_sdk/share/YDLIDAR_SDK/PkgConfig.pc.in
[8.493s] -- Up-to-date: /home/rasp/桌面/smart-cane/install/ydlidar_sdk/share/YDLIDAR_SDK/LICENSE.txt
[8.494s] -- Up-to-date: /home/rasp/桌面/smart-cane/install/ydlidar_sdk/share/YDLIDAR_SDK/README.md
[8.495s] -- Up-to-date: /home/rasp/桌面/smart-cane/install/ydlidar_sdk/share/YDLIDAR_SDK/doc
[8.495s] -- Up-to-date: /home/rasp/桌面/smart-cane/install/ydlidar_sdk/share/YDLIDAR_SDK/doc/quickstart
[8.499s] -- Up-to-date: /home/rasp/桌面/smart-cane/install/ydlidar_sdk/share/YDLIDAR_SDK/doc/quickstart/ydlidar_sdk_software_installation_guide.md
[8.510s] -- Up-to-date: /home/rasp/桌面/smart-cane/install/ydlidar_sdk/share/YDLIDAR_SDK/doc/quickstart/README.md
[8.514s] -- Up-to-date: /home/rasp/桌面/smart-cane/install/ydlidar_sdk/share/YDLIDAR_SDK/doc/Dataset.md
[8.529s] -- Up-to-date: /home/rasp/桌面/smart-cane/install/ydlidar_sdk/share/YDLIDAR_SDK/doc/README.md
[8.532s] -- Up-to-date: /home/rasp/桌面/smart-cane/install/ydlidar_sdk/share/YDLIDAR_SDK/doc/YDLIDAR_SDK_API_for_Developers.md
[8.535s] -- Up-to-date: /home/rasp/桌面/smart-cane/install/ydlidar_sdk/share/YDLIDAR_SDK/doc/images
[8.536s] -- Up-to-date: /home/rasp/桌面/smart-cane/install/ydlidar_sdk/share/YDLIDAR_SDK/doc/images/FlowChart.png
[8.536s] -- Up-to-date: /home/rasp/桌面/smart-cane/install/ydlidar_sdk/share/YDLIDAR_SDK/doc/images/sdk_init.png
[8.537s] -- Up-to-date: /home/rasp/桌面/smart-cane/install/ydlidar_sdk/share/YDLIDAR_SDK/doc/images/sdk_architecture.png
[8.538s] -- Up-to-date: /home/rasp/桌面/smart-cane/install/ydlidar_sdk/share/YDLIDAR_SDK/doc/images/sequence.png
[8.542s] -- Up-to-date: /home/rasp/桌面/smart-cane/install/ydlidar_sdk/share/YDLIDAR_SDK/doc/images/frame.png
[8.544s] -- Up-to-date: /home/rasp/桌面/smart-cane/install/ydlidar_sdk/share/YDLIDAR_SDK/doc/images/angle_q2.png
[8.545s] -- Up-to-date: /home/rasp/桌面/smart-cane/install/ydlidar_sdk/share/YDLIDAR_SDK/doc/images/YDLidar.png
[8.560s] -- Up-to-date: /home/rasp/桌面/smart-cane/install/ydlidar_sdk/share/YDLIDAR_SDK/doc/images/communication_mechanism.png
[8.566s] -- Up-to-date: /home/rasp/桌面/smart-cane/install/ydlidar_sdk/share/YDLIDAR_SDK/doc/images/EAI.png
[8.611s] -- Up-to-date: /home/rasp/桌面/smart-cane/install/ydlidar_sdk/share/YDLIDAR_SDK/doc/images/frame_intensity.png
[8.630s] -- Up-to-date: /home/rasp/桌面/smart-cane/install/ydlidar_sdk/share/YDLIDAR_SDK/doc/images/system_workflow.png
[8.634s] -- Up-to-date: /home/rasp/桌面/smart-cane/install/ydlidar_sdk/share/YDLIDAR_SDK/doc/images/sdk_scanning.png
[8.647s] -- Up-to-date: /home/rasp/桌面/smart-cane/install/ydlidar_sdk/share/YDLIDAR_SDK/doc/images/YDLidar.jpg
[8.655s] -- Up-to-date: /home/rasp/桌面/smart-cane/install/ydlidar_sdk/share/YDLIDAR_SDK/doc/Diagram.md
[8.659s] -- Up-to-date: /home/rasp/桌面/smart-cane/install/ydlidar_sdk/share/YDLIDAR_SDK/doc/YDLidar-SDK-Communication-Protocol.pdf
[8.665s] -- Up-to-date: /home/rasp/桌面/smart-cane/install/ydlidar_sdk/share/YDLIDAR_SDK/doc/Tutorials.md
[8.672s] -- Up-to-date: /home/rasp/桌面/smart-cane/install/ydlidar_sdk/share/YDLIDAR_SDK/doc/YDLidar-SDK-Communication-Protocol.html
[8.679s] -- Up-to-date: /home/rasp/桌面/smart-cane/install/ydlidar_sdk/share/YDLIDAR_SDK/doc/YDLidar_SDK_Communication_Protocol.pdf
[8.686s] -- Up-to-date: /home/rasp/桌面/smart-cane/install/ydlidar_sdk/share/YDLIDAR_SDK/doc/YDLidar-SDK-Communication-Protocol.md
[8.694s] -- Up-to-date: /home/rasp/桌面/smart-cane/install/ydlidar_sdk/share/YDLIDAR_SDK/doc/tutorials
[8.698s] -- Up-to-date: /home/rasp/桌面/smart-cane/install/ydlidar_sdk/share/YDLIDAR_SDK/doc/tutorials/examine_the_simple_lidar_tutorial.md
[8.706s] -- Up-to-date: /home/rasp/桌面/smart-cane/install/ydlidar_sdk/share/YDLIDAR_SDK/doc/tutorials/writing_lidar_tutorial_c++.md
[8.713s] -- Up-to-date: /home/rasp/桌面/smart-cane/install/ydlidar_sdk/share/YDLIDAR_SDK/doc/tutorials/writing_lidar_tutorial_c.md
[8.720s] -- Up-to-date: /home/rasp/桌面/smart-cane/install/ydlidar_sdk/share/YDLIDAR_SDK/doc/tutorials/writing_lidar_tutorial_python.md
[8.729s] -- Up-to-date: /home/rasp/桌面/smart-cane/install/ydlidar_sdk/share/YDLIDAR_SDK/doc/tutorials/writing_lidar_network_adapter_tutorial_c++.md
[8.737s] -- Up-to-date: /home/rasp/桌面/smart-cane/install/ydlidar_sdk/share/YDLIDAR_SDK/doc/SDK.pdf
[8.746s] -- Up-to-date: /home/rasp/桌面/smart-cane/install/ydlidar_sdk/share/YDLIDAR_SDK/doc/FAQs
[8.749s] -- Up-to-date: /home/rasp/桌面/smart-cane/install/ydlidar_sdk/share/YDLIDAR_SDK/doc/FAQs/Hardware_FAQs_cn.md
[8.755s] -- Up-to-date: /home/rasp/桌面/smart-cane/install/ydlidar_sdk/share/YDLIDAR_SDK/doc/FAQs/Software_FAQs_cn.md
[8.763s] -- Up-to-date: /home/rasp/桌面/smart-cane/install/ydlidar_sdk/share/YDLIDAR_SDK/doc/FAQs/Hardware_FAQs.md
[8.770s] -- Up-to-date: /home/rasp/桌面/smart-cane/install/ydlidar_sdk/share/YDLIDAR_SDK/doc/FAQs/README.md
[8.775s] -- Up-to-date: /home/rasp/桌面/smart-cane/install/ydlidar_sdk/share/YDLIDAR_SDK/doc/FAQs/General_FAQs.md
[8.786s] -- Up-to-date: /home/rasp/桌面/smart-cane/install/ydlidar_sdk/share/YDLIDAR_SDK/doc/FAQs/Software_FAQs.md
[8.795s] -- Up-to-date: /home/rasp/桌面/smart-cane/install/ydlidar_sdk/share/YDLIDAR_SDK/doc/FAQs/General_FAQs_cn.md
[8.805s] -- Up-to-date: /home/rasp/桌面/smart-cane/install/ydlidar_sdk/share/YDLIDAR_SDK/doc/howto
[8.813s] -- Up-to-date: /home/rasp/桌面/smart-cane/install/ydlidar_sdk/share/YDLIDAR_SDK/doc/howto/how_to_build_and_debug_using_vscode.md
[8.823s] -- Up-to-date: /home/rasp/桌面/smart-cane/install/ydlidar_sdk/share/YDLIDAR_SDK/doc/howto/how_to_create_a_pull.md
[8.826s] -- Up-to-date: /home/rasp/桌面/smart-cane/install/ydlidar_sdk/share/YDLIDAR_SDK/doc/howto/how_to_create_a_udev_rules.md
[8.832s] -- Up-to-date: /home/rasp/桌面/smart-cane/install/ydlidar_sdk/share/YDLIDAR_SDK/doc/howto/how_to_build_and_install.md
[8.833s] -- Up-to-date: /home/rasp/桌面/smart-cane/install/ydlidar_sdk/share/YDLIDAR_SDK/doc/howto/README.md
[8.834s] -- Up-to-date: /home/rasp/桌面/smart-cane/install/ydlidar_sdk/share/YDLIDAR_SDK/doc/howto/images
[8.836s] -- Up-to-date: /home/rasp/桌面/smart-cane/install/ydlidar_sdk/share/YDLIDAR_SDK/doc/howto/images/vscode
[8.858s] -- Up-to-date: /home/rasp/桌面/smart-cane/install/ydlidar_sdk/share/YDLIDAR_SDK/doc/howto/images/vscode/tasks.png
[8.861s] -- Up-to-date: /home/rasp/桌面/smart-cane/install/ydlidar_sdk/share/YDLIDAR_SDK/doc/howto/images/vscode/run_tasks.jpg
[8.867s] -- Up-to-date: /home/rasp/桌面/smart-cane/install/ydlidar_sdk/share/YDLIDAR_SDK/doc/howto/images/sdk_init.png
[8.872s] -- Up-to-date: /home/rasp/桌面/smart-cane/install/ydlidar_sdk/share/YDLIDAR_SDK/doc/howto/images/csharp_build.png
[8.874s] -- Up-to-date: /home/rasp/桌面/smart-cane/install/ydlidar_sdk/share/YDLIDAR_SDK/doc/howto/images/ydlidar_lidar_monitor.png
[8.875s] -- Up-to-date: /home/rasp/桌面/smart-cane/install/ydlidar_sdk/share/YDLIDAR_SDK/doc/howto/images/sequence.png
[8.876s] -- Up-to-date: /home/rasp/桌面/smart-cane/install/ydlidar_sdk/share/YDLIDAR_SDK/doc/howto/images/csharp_project.png
[8.877s] -- Up-to-date: /home/rasp/桌面/smart-cane/install/ydlidar_sdk/share/YDLIDAR_SDK/doc/howto/images/csharp_exception.png
[8.891s] -- Up-to-date: /home/rasp/桌面/smart-cane/install/ydlidar_sdk/share/YDLIDAR_SDK/doc/howto/images/cpack.png
[8.894s] -- Up-to-date: /home/rasp/桌面/smart-cane/install/ydlidar_sdk/share/YDLIDAR_SDK/doc/howto/images/csharp_running.png
[8.898s] -- Up-to-date: /home/rasp/桌面/smart-cane/install/ydlidar_sdk/share/YDLIDAR_SDK/doc/howto/images/csharp_library.png
[8.900s] -- Up-to-date: /home/rasp/桌面/smart-cane/install/ydlidar_sdk/share/YDLIDAR_SDK/doc/howto/images/ttyUSB1.png
[8.901s] -- Up-to-date: /home/rasp/桌面/smart-cane/install/ydlidar_sdk/share/YDLIDAR_SDK/doc/howto/images/ttyUSB0.png
[8.913s] -- Up-to-date: /home/rasp/桌面/smart-cane/install/ydlidar_sdk/share/YDLIDAR_SDK/doc/howto/images/sdk_scanning.png
[8.918s] -- Up-to-date: /home/rasp/桌面/smart-cane/install/ydlidar_sdk/share/YDLIDAR_SDK/doc/howto/how_to_solve_slow_pull_from_cn.md
[8.926s] -- Up-to-date: /home/rasp/桌面/smart-cane/install/ydlidar_sdk/share/YDLIDAR_SDK/doc/howto/how_to_gerenrate_vs_project_by_cmake.md
[8.942s] -- Up-to-date: /home/rasp/桌面/smart-cane/install/ydlidar_sdk/share/YDLIDAR_SDK/doc/howto/how_to_create_a_csharp_project.md
[8.943s] -- Up-to-date: /home/rasp/桌面/smart-cane/install/ydlidar_sdk/startup/initenv.sh
[8.944s] -- Up-to-date: /home/rasp/桌面/smart-cane/install/ydlidar_sdk/bin/etlidar_test
[8.957s] -- Up-to-date: /home/rasp/桌面/smart-cane/install/ydlidar_sdk/bin/tof_test
[8.965s] -- Up-to-date: /home/rasp/桌面/smart-cane/install/ydlidar_sdk/bin/ydlidar_test
[8.973s] -- Up-to-date: /home/rasp/桌面/smart-cane/install/ydlidar_sdk/bin/lidar_c_api_test
[8.978s] Invoked command in '/home/rasp/桌面/smart-cane/build/ydlidar_sdk' returned '0': /usr/bin/cmake --install /home/rasp/桌面/smart-cane/build/ydlidar_sdk
