[8.981s] Invoking command in '/home/rasp/桌面/smart-cane/build/pkg_helloworld_py': PYTHONPATH=/home/rasp/桌面/smart-cane/build/pkg_helloworld_py/prefix_override:/usr/lib/python3/dist-packages/colcon_core/task/python/colcon_distutils_commands:/home/rasp/桌面/smart-cane/install/pkg_helloworld_py/lib/python3.10/site-packages:${PYTHONPATH} /usr/bin/python3 -W ignore:setup.py install is deprecated -W ignore:easy_install command is deprecated setup.py develop --editable --build-directory /home/rasp/桌面/smart-cane/build/pkg_helloworld_py/build --no-deps symlink_data --force
[16.012s] running develop
[20.087s] running egg_info
[20.104s] writing pkg_helloworld_py.egg-info/PKG-INFO
[20.111s] writing dependency_links to pkg_helloworld_py.egg-info/dependency_links.txt
[20.117s] writing entry points to pkg_helloworld_py.egg-info/entry_points.txt
[20.118s] writing requirements to pkg_helloworld_py.egg-info/requires.txt
[20.122s] writing top-level names to pkg_helloworld_py.egg-info/top_level.txt
[20.183s] reading manifest file 'pkg_helloworld_py.egg-info/SOURCES.txt'
[20.203s] writing manifest file 'pkg_helloworld_py.egg-info/SOURCES.txt'
[20.233s] running build_ext
[20.236s] Creating /home/rasp/桌面/smart-cane/install/pkg_helloworld_py/lib/python3.10/site-packages/pkg-helloworld-py.egg-link (link to .)
[20.250s] Installing helloworld script to /home/rasp/桌面/smart-cane/install/pkg_helloworld_py/lib/pkg_helloworld_py
[20.258s] 
[20.259s] Installed /home/rasp/桌面/smart-cane/build/pkg_helloworld_py
[20.261s] running symlink_data
[20.263s] symbolically linking /home/rasp/桌面/smart-cane/build/pkg_helloworld_py/resource/pkg_helloworld_py -> /home/rasp/桌面/smart-cane/install/pkg_helloworld_py/share/ament_index/resource_index/packages
[20.267s] symbolically linking /home/rasp/桌面/smart-cane/build/pkg_helloworld_py/package.xml -> /home/rasp/桌面/smart-cane/install/pkg_helloworld_py/share/pkg_helloworld_py
[20.270s] symbolically linking /home/rasp/桌面/smart-cane/build/pkg_helloworld_py/launch/single_node_launch.py -> /home/rasp/桌面/smart-cane/install/pkg_helloworld_py/share/pkg_helloworld_py/launch
[20.743s] Invoked command in '/home/rasp/桌面/smart-cane/build/pkg_helloworld_py' returned '0': PYTHONPATH=/home/rasp/桌面/smart-cane/build/pkg_helloworld_py/prefix_override:/usr/lib/python3/dist-packages/colcon_core/task/python/colcon_distutils_commands:/home/rasp/桌面/smart-cane/install/pkg_helloworld_py/lib/python3.10/site-packages:${PYTHONPATH} /usr/bin/python3 -W ignore:setup.py install is deprecated -W ignore:easy_install command is deprecated setup.py develop --editable --build-directory /home/rasp/桌面/smart-cane/build/pkg_helloworld_py/build --no-deps symlink_data --force
