running egg_info
creating ../build/pkg_helloworld_py/pkg_helloworld_py.egg-info
writing ../build/pkg_helloworld_py/pkg_helloworld_py.egg-info/PKG-INFO
writing dependency_links to ../build/pkg_helloworld_py/pkg_helloworld_py.egg-info/dependency_links.txt
writing entry points to ../build/pkg_helloworld_py/pkg_helloworld_py.egg-info/entry_points.txt
writing requirements to ../build/pkg_helloworld_py/pkg_helloworld_py.egg-info/requires.txt
writing top-level names to ../build/pkg_helloworld_py/pkg_helloworld_py.egg-info/top_level.txt
writing manifest file '../build/pkg_helloworld_py/pkg_helloworld_py.egg-info/SOURCES.txt'
reading manifest file '../build/pkg_helloworld_py/pkg_helloworld_py.egg-info/SOURCES.txt'
writing manifest file '../build/pkg_helloworld_py/pkg_helloworld_py.egg-info/SOURCES.txt'
running build
running build_py
creating /home/rasp/桌面/smart-cane/src/build/pkg_helloworld_py/build
creating /home/rasp/桌面/smart-cane/src/build/pkg_helloworld_py/build/lib
creating /home/rasp/桌面/smart-cane/src/build/pkg_helloworld_py/build/lib/pkg_helloworld_py
copying pkg_helloworld_py/helloworld.py -> /home/rasp/桌面/smart-cane/src/build/pkg_helloworld_py/build/lib/pkg_helloworld_py
copying pkg_helloworld_py/__init__.py -> /home/rasp/桌面/smart-cane/src/build/pkg_helloworld_py/build/lib/pkg_helloworld_py
running install
running install_lib
creating /home/rasp/桌面/smart-cane/src/install/pkg_helloworld_py/lib/python3.10/site-packages/pkg_helloworld_py
copying /home/rasp/桌面/smart-cane/src/build/pkg_helloworld_py/build/lib/pkg_helloworld_py/helloworld.py -> /home/rasp/桌面/smart-cane/src/install/pkg_helloworld_py/lib/python3.10/site-packages/pkg_helloworld_py
copying /home/rasp/桌面/smart-cane/src/build/pkg_helloworld_py/build/lib/pkg_helloworld_py/__init__.py -> /home/rasp/桌面/smart-cane/src/install/pkg_helloworld_py/lib/python3.10/site-packages/pkg_helloworld_py
byte-compiling /home/rasp/桌面/smart-cane/src/install/pkg_helloworld_py/lib/python3.10/site-packages/pkg_helloworld_py/helloworld.py to helloworld.cpython-310.pyc
byte-compiling /home/rasp/桌面/smart-cane/src/install/pkg_helloworld_py/lib/python3.10/site-packages/pkg_helloworld_py/__init__.py to __init__.cpython-310.pyc
running install_data
creating /home/rasp/桌面/smart-cane/src/install/pkg_helloworld_py/share/ament_index
creating /home/rasp/桌面/smart-cane/src/install/pkg_helloworld_py/share/ament_index/resource_index
creating /home/rasp/桌面/smart-cane/src/install/pkg_helloworld_py/share/ament_index/resource_index/packages
copying resource/pkg_helloworld_py -> /home/rasp/桌面/smart-cane/src/install/pkg_helloworld_py/share/ament_index/resource_index/packages
copying package.xml -> /home/rasp/桌面/smart-cane/src/install/pkg_helloworld_py/share/pkg_helloworld_py
running install_egg_info
Copying ../build/pkg_helloworld_py/pkg_helloworld_py.egg-info to /home/rasp/桌面/smart-cane/src/install/pkg_helloworld_py/lib/python3.10/site-packages/pkg_helloworld_py-0.0.0-py3.10.egg-info
running install_scripts
Installing helloworld script to /home/rasp/桌面/smart-cane/src/install/pkg_helloworld_py/lib/pkg_helloworld_py
writing list of installed files to '/home/rasp/桌面/smart-cane/src/build/pkg_helloworld_py/install.log'
