[2.962s] Invoking command in '/home/rasp/桌面/smart-cane/src/pkg_helloworld_py': PYTHONPATH=/home/rasp/桌面/smart-cane/src/build/pkg_helloworld_py/prefix_override:/usr/lib/python3/dist-packages/colcon_core/task/python/colcon_distutils_commands:/home/rasp/桌面/smart-cane/src/install/pkg_helloworld_py/lib/python3.10/site-packages:${PYTHONPATH} /usr/bin/python3 -W ignore:setup.py install is deprecated -W ignore:easy_install command is deprecated setup.py egg_info --egg-base ../build/pkg_helloworld_py build --build-base /home/rasp/桌面/smart-cane/src/build/pkg_helloworld_py/build install --record /home/rasp/桌面/smart-cane/src/build/pkg_helloworld_py/install.log --single-version-externally-managed install_data
[4.056s] running egg_info
[4.059s] creating ../build/pkg_helloworld_py/pkg_helloworld_py.egg-info
[4.061s] writing ../build/pkg_helloworld_py/pkg_helloworld_py.egg-info/PKG-INFO
[4.066s] writing dependency_links to ../build/pkg_helloworld_py/pkg_helloworld_py.egg-info/dependency_links.txt
[4.067s] writing entry points to ../build/pkg_helloworld_py/pkg_helloworld_py.egg-info/entry_points.txt
[4.068s] writing requirements to ../build/pkg_helloworld_py/pkg_helloworld_py.egg-info/requires.txt
[4.068s] writing top-level names to ../build/pkg_helloworld_py/pkg_helloworld_py.egg-info/top_level.txt
[4.068s] writing manifest file '../build/pkg_helloworld_py/pkg_helloworld_py.egg-info/SOURCES.txt'
[4.075s] reading manifest file '../build/pkg_helloworld_py/pkg_helloworld_py.egg-info/SOURCES.txt'
[4.079s] writing manifest file '../build/pkg_helloworld_py/pkg_helloworld_py.egg-info/SOURCES.txt'
[4.080s] running build
[4.082s] running build_py
[4.082s] creating /home/rasp/桌面/smart-cane/src/build/pkg_helloworld_py/build
[4.083s] creating /home/rasp/桌面/smart-cane/src/build/pkg_helloworld_py/build/lib
[4.083s] creating /home/rasp/桌面/smart-cane/src/build/pkg_helloworld_py/build/lib/pkg_helloworld_py
[4.084s] copying pkg_helloworld_py/helloworld.py -> /home/rasp/桌面/smart-cane/src/build/pkg_helloworld_py/build/lib/pkg_helloworld_py
[4.084s] copying pkg_helloworld_py/__init__.py -> /home/rasp/桌面/smart-cane/src/build/pkg_helloworld_py/build/lib/pkg_helloworld_py
[4.086s] running install
[4.087s] running install_lib
[4.091s] creating /home/rasp/桌面/smart-cane/src/install/pkg_helloworld_py/lib/python3.10/site-packages/pkg_helloworld_py
[4.091s] copying /home/rasp/桌面/smart-cane/src/build/pkg_helloworld_py/build/lib/pkg_helloworld_py/helloworld.py -> /home/rasp/桌面/smart-cane/src/install/pkg_helloworld_py/lib/python3.10/site-packages/pkg_helloworld_py
[4.093s] copying /home/rasp/桌面/smart-cane/src/build/pkg_helloworld_py/build/lib/pkg_helloworld_py/__init__.py -> /home/rasp/桌面/smart-cane/src/install/pkg_helloworld_py/lib/python3.10/site-packages/pkg_helloworld_py
[4.096s] byte-compiling /home/rasp/桌面/smart-cane/src/install/pkg_helloworld_py/lib/python3.10/site-packages/pkg_helloworld_py/helloworld.py to helloworld.cpython-310.pyc
[4.098s] byte-compiling /home/rasp/桌面/smart-cane/src/install/pkg_helloworld_py/lib/python3.10/site-packages/pkg_helloworld_py/__init__.py to __init__.cpython-310.pyc
[4.100s] running install_data
[4.101s] creating /home/rasp/桌面/smart-cane/src/install/pkg_helloworld_py/share/ament_index
[4.102s] creating /home/rasp/桌面/smart-cane/src/install/pkg_helloworld_py/share/ament_index/resource_index
[4.102s] creating /home/rasp/桌面/smart-cane/src/install/pkg_helloworld_py/share/ament_index/resource_index/packages
[4.103s] copying resource/pkg_helloworld_py -> /home/rasp/桌面/smart-cane/src/install/pkg_helloworld_py/share/ament_index/resource_index/packages
[4.104s] copying package.xml -> /home/rasp/桌面/smart-cane/src/install/pkg_helloworld_py/share/pkg_helloworld_py
[4.104s] running install_egg_info
[4.113s] Copying ../build/pkg_helloworld_py/pkg_helloworld_py.egg-info to /home/rasp/桌面/smart-cane/src/install/pkg_helloworld_py/lib/python3.10/site-packages/pkg_helloworld_py-0.0.0-py3.10.egg-info
[4.121s] running install_scripts
[4.221s] Installing helloworld script to /home/rasp/桌面/smart-cane/src/install/pkg_helloworld_py/lib/pkg_helloworld_py
[4.225s] writing list of installed files to '/home/rasp/桌面/smart-cane/src/build/pkg_helloworld_py/install.log'
[4.416s] Invoked command in '/home/rasp/桌面/smart-cane/src/pkg_helloworld_py' returned '0': PYTHONPATH=/home/rasp/桌面/smart-cane/src/build/pkg_helloworld_py/prefix_override:/usr/lib/python3/dist-packages/colcon_core/task/python/colcon_distutils_commands:/home/rasp/桌面/smart-cane/src/install/pkg_helloworld_py/lib/python3.10/site-packages:${PYTHONPATH} /usr/bin/python3 -W ignore:setup.py install is deprecated -W ignore:easy_install command is deprecated setup.py egg_info --egg-base ../build/pkg_helloworld_py build --build-base /home/rasp/桌面/smart-cane/src/build/pkg_helloworld_py/build install --record /home/rasp/桌面/smart-cane/src/build/pkg_helloworld_py/install.log --single-version-externally-managed install_data
