[1.326s] Invoking command in '/home/rasp/桌面/smart-cane/build/ydlidar_sdk': /usr/bin/cmake --build /home/rasp/桌面/smart-cane/build/ydlidar_sdk -- -j4 -l4
[2.018s] [ 60%] Built target ydlidar_sdk
[2.234s] [ 68%] Built target etlidar_test
[2.274s] [ 76%] Built target lidar_c_api_test
[2.281s] [ 84%] Built target ydlidar_test
[2.300s] [ 92%] Built target tof_test
[2.417s] [100%] Built target lidar_test
[2.471s] Invoked command in '/home/rasp/桌面/smart-cane/build/ydlidar_sdk' returned '0': /usr/bin/cmake --build /home/rasp/桌面/smart-cane/build/ydlidar_sdk -- -j4 -l4
[2.527s] Invoking command in '/home/rasp/桌面/smart-cane/build/ydlidar_sdk': /usr/bin/cmake --install /home/rasp/桌面/smart-cane/build/ydlidar_sdk
[2.565s] -- Install configuration: ""
[2.569s] -- Up-to-date: /home/rasp/桌面/smart-cane/install/ydlidar_sdk/include/core/base/datatype.h
[2.570s] -- Up-to-date: /home/rasp/桌面/smart-cane/install/ydlidar_sdk/include/core/base/locker.h
[2.571s] -- Up-to-date: /home/rasp/桌面/smart-cane/install/ydlidar_sdk/include/core/base/thread.h
[2.572s] -- Up-to-date: /home/rasp/桌面/smart-cane/install/ydlidar_sdk/include/core/base/timer.h
[2.574s] -- Up-to-date: /home/rasp/桌面/smart-cane/install/ydlidar_sdk/include/core/base/typedef.h
[2.575s] -- Up-to-date: /home/rasp/桌面/smart-cane/install/ydlidar_sdk/include/core/base/utils.h
[2.576s] -- Up-to-date: /home/rasp/桌面/smart-cane/install/ydlidar_sdk/include/core/base/v8stdint.h
[2.577s] -- Up-to-date: /home/rasp/桌面/smart-cane/install/ydlidar_sdk/include/core/base/ydlidar.h
[2.578s] -- Up-to-date: /home/rasp/桌面/smart-cane/install/ydlidar_sdk/include/core/common/ChannelDevice.h
[2.580s] -- Up-to-date: /home/rasp/桌面/smart-cane/install/ydlidar_sdk/include/core/common/DriverInterface.h
[2.581s] -- Up-to-date: /home/rasp/桌面/smart-cane/install/ydlidar_sdk/include/core/common/ydlidar_datatype.h
[2.582s] -- Up-to-date: /home/rasp/桌面/smart-cane/install/ydlidar_sdk/include/core/common/ydlidar_def.h
[2.583s] -- Up-to-date: /home/rasp/桌面/smart-cane/install/ydlidar_sdk/include/core/common/ydlidar_help.h
[2.584s] -- Up-to-date: /home/rasp/桌面/smart-cane/install/ydlidar_sdk/include/core/common/ydlidar_protocol.h
[2.586s] -- Up-to-date: /home/rasp/桌面/smart-cane/install/ydlidar_sdk/include/core/math/angles.h
[2.587s] -- Up-to-date: /home/rasp/桌面/smart-cane/install/ydlidar_sdk/include/core/network/ActiveSocket.h
[2.588s] -- Up-to-date: /home/rasp/桌面/smart-cane/install/ydlidar_sdk/include/core/network/PassiveSocket.h
[2.589s] -- Up-to-date: /home/rasp/桌面/smart-cane/install/ydlidar_sdk/include/core/network/SimpleSocket.h
[2.591s] -- Up-to-date: /home/rasp/桌面/smart-cane/install/ydlidar_sdk/include/core/network/StatTimer.h
[2.592s] -- Up-to-date: /home/rasp/桌面/smart-cane/install/ydlidar_sdk/include/core/serial/common.h
[2.593s] -- Up-to-date: /home/rasp/桌面/smart-cane/install/ydlidar_sdk/include/core/serial/serial.h
[2.594s] -- Up-to-date: /home/rasp/桌面/smart-cane/install/ydlidar_sdk/include/core/serial/impl/unix/lock.h
[2.595s] -- Up-to-date: /home/rasp/桌面/smart-cane/install/ydlidar_sdk/include/core/serial/impl/unix/unix.h
[2.597s] -- Up-to-date: /home/rasp/桌面/smart-cane/install/ydlidar_sdk/include/core/serial/impl/unix/unix_serial.h
[2.598s] -- Up-to-date: /home/rasp/桌面/smart-cane/install/ydlidar_sdk/include/src/CYdLidar.h
[2.599s] -- Up-to-date: /home/rasp/桌面/smart-cane/install/ydlidar_sdk/include/src/ETLidarDriver.h
[2.600s] -- Up-to-date: /home/rasp/桌面/smart-cane/install/ydlidar_sdk/include/src/ydlidar_driver.h
[2.601s] -- Up-to-date: /home/rasp/桌面/smart-cane/install/ydlidar_sdk/include/src/ydlidar_sdk.h
[2.603s] -- Up-to-date: /home/rasp/桌面/smart-cane/install/ydlidar_sdk/include/src/filters/FilterInterface.h
[2.604s] -- Up-to-date: /home/rasp/桌面/smart-cane/install/ydlidar_sdk/include/src/filters/NoiseFilter.h
[2.605s] -- Up-to-date: /home/rasp/桌面/smart-cane/install/ydlidar_sdk/include/ydlidar_config.h
[2.606s] -- Up-to-date: /home/rasp/桌面/smart-cane/install/ydlidar_sdk/lib/libydlidar_sdk.a
[2.607s] -- Up-to-date: /home/rasp/桌面/smart-cane/install/ydlidar_sdk/lib/pkgconfig/YDLIDAR_SDK.pc
[2.609s] -- Up-to-date: /home/rasp/桌面/smart-cane/install/ydlidar_sdk/lib/cmake/ydlidar_sdk/ydlidar_sdkConfig.cmake
[2.609s] -- Up-to-date: /home/rasp/桌面/smart-cane/install/ydlidar_sdk/lib/cmake/ydlidar_sdk/ydlidar_sdkTargets.cmake
[2.611s] -- Up-to-date: /home/rasp/桌面/smart-cane/install/ydlidar_sdk/lib/cmake/ydlidar_sdk/ydlidar_sdkConfigVersion.cmake
[2.612s] -- Up-to-date: /home/rasp/桌面/smart-cane/install/ydlidar_sdk/share/YDLIDAR_SDK/FindYDLIDAR_SDK.cmake
[2.613s] -- Up-to-date: /home/rasp/桌面/smart-cane/install/ydlidar_sdk/share/YDLIDAR_SDK
[2.614s] -- Up-to-date: /home/rasp/桌面/smart-cane/install/ydlidar_sdk/share/YDLIDAR_SDK/cmake_uninstall.cmake.in
[2.617s] -- Up-to-date: /home/rasp/桌面/smart-cane/install/ydlidar_sdk/share/YDLIDAR_SDK/FindPackage.cmake.in
[2.618s] -- Up-to-date: /home/rasp/桌面/smart-cane/install/ydlidar_sdk/share/YDLIDAR_SDK/PackageConfigVersion.cmake.in
[2.619s] -- Up-to-date: /home/rasp/桌面/smart-cane/install/ydlidar_sdk/share/YDLIDAR_SDK/script_show_final_summary.cmake
[2.620s] -- Up-to-date: /home/rasp/桌面/smart-cane/install/ydlidar_sdk/share/YDLIDAR_SDK/PackageConfig.cmake.in
[2.621s] -- Up-to-date: /home/rasp/桌面/smart-cane/install/ydlidar_sdk/share/YDLIDAR_SDK/common
[2.631s] -- Up-to-date: /home/rasp/桌面/smart-cane/install/ydlidar_sdk/share/YDLIDAR_SDK/common/ydlidar_parse.cmake
[2.632s] -- Up-to-date: /home/rasp/桌面/smart-cane/install/ydlidar_sdk/share/YDLIDAR_SDK/common/ydlidar_base.cmake
[2.632s] -- Up-to-date: /home/rasp/桌面/smart-cane/install/ydlidar_sdk/share/YDLIDAR_SDK/install_package.cmake
[2.633s] -- Up-to-date: /home/rasp/桌面/smart-cane/install/ydlidar_sdk/share/YDLIDAR_SDK/PkgConfig.pc.in
[2.633s] -- Up-to-date: /home/rasp/桌面/smart-cane/install/ydlidar_sdk/share/YDLIDAR_SDK/LICENSE.txt
[2.634s] -- Up-to-date: /home/rasp/桌面/smart-cane/install/ydlidar_sdk/share/YDLIDAR_SDK/README.md
[2.634s] -- Up-to-date: /home/rasp/桌面/smart-cane/install/ydlidar_sdk/share/YDLIDAR_SDK/doc
[2.635s] -- Up-to-date: /home/rasp/桌面/smart-cane/install/ydlidar_sdk/share/YDLIDAR_SDK/doc/quickstart
[2.635s] -- Up-to-date: /home/rasp/桌面/smart-cane/install/ydlidar_sdk/share/YDLIDAR_SDK/doc/quickstart/ydlidar_sdk_software_installation_guide.md
[2.635s] -- Up-to-date: /home/rasp/桌面/smart-cane/install/ydlidar_sdk/share/YDLIDAR_SDK/doc/quickstart/README.md
[2.636s] -- Up-to-date: /home/rasp/桌面/smart-cane/install/ydlidar_sdk/share/YDLIDAR_SDK/doc/Dataset.md
[2.637s] -- Up-to-date: /home/rasp/桌面/smart-cane/install/ydlidar_sdk/share/YDLIDAR_SDK/doc/README.md
[2.637s] -- Up-to-date: /home/rasp/桌面/smart-cane/install/ydlidar_sdk/share/YDLIDAR_SDK/doc/YDLIDAR_SDK_API_for_Developers.md
[2.638s] -- Up-to-date: /home/rasp/桌面/smart-cane/install/ydlidar_sdk/share/YDLIDAR_SDK/doc/images
[2.638s] -- Up-to-date: /home/rasp/桌面/smart-cane/install/ydlidar_sdk/share/YDLIDAR_SDK/doc/images/FlowChart.png
[2.639s] -- Up-to-date: /home/rasp/桌面/smart-cane/install/ydlidar_sdk/share/YDLIDAR_SDK/doc/images/sdk_init.png
[2.639s] -- Up-to-date: /home/rasp/桌面/smart-cane/install/ydlidar_sdk/share/YDLIDAR_SDK/doc/images/sdk_architecture.png
[2.639s] -- Up-to-date: /home/rasp/桌面/smart-cane/install/ydlidar_sdk/share/YDLIDAR_SDK/doc/images/sequence.png
[2.640s] -- Up-to-date: /home/rasp/桌面/smart-cane/install/ydlidar_sdk/share/YDLIDAR_SDK/doc/images/frame.png
[2.640s] -- Up-to-date: /home/rasp/桌面/smart-cane/install/ydlidar_sdk/share/YDLIDAR_SDK/doc/images/angle_q2.png
[2.642s] -- Up-to-date: /home/rasp/桌面/smart-cane/install/ydlidar_sdk/share/YDLIDAR_SDK/doc/images/YDLidar.png
[2.642s] -- Up-to-date: /home/rasp/桌面/smart-cane/install/ydlidar_sdk/share/YDLIDAR_SDK/doc/images/communication_mechanism.png
[2.643s] -- Up-to-date: /home/rasp/桌面/smart-cane/install/ydlidar_sdk/share/YDLIDAR_SDK/doc/images/EAI.png
[2.643s] -- Up-to-date: /home/rasp/桌面/smart-cane/install/ydlidar_sdk/share/YDLIDAR_SDK/doc/images/frame_intensity.png
[2.644s] -- Up-to-date: /home/rasp/桌面/smart-cane/install/ydlidar_sdk/share/YDLIDAR_SDK/doc/images/system_workflow.png
[2.644s] -- Up-to-date: /home/rasp/桌面/smart-cane/install/ydlidar_sdk/share/YDLIDAR_SDK/doc/images/sdk_scanning.png
[2.644s] -- Up-to-date: /home/rasp/桌面/smart-cane/install/ydlidar_sdk/share/YDLIDAR_SDK/doc/images/YDLidar.jpg
[2.645s] -- Up-to-date: /home/rasp/桌面/smart-cane/install/ydlidar_sdk/share/YDLIDAR_SDK/doc/Diagram.md
[2.645s] -- Up-to-date: /home/rasp/桌面/smart-cane/install/ydlidar_sdk/share/YDLIDAR_SDK/doc/YDLidar-SDK-Communication-Protocol.pdf
[2.646s] -- Up-to-date: /home/rasp/桌面/smart-cane/install/ydlidar_sdk/share/YDLIDAR_SDK/doc/Tutorials.md
[2.646s] -- Up-to-date: /home/rasp/桌面/smart-cane/install/ydlidar_sdk/share/YDLIDAR_SDK/doc/YDLidar-SDK-Communication-Protocol.html
[2.647s] -- Up-to-date: /home/rasp/桌面/smart-cane/install/ydlidar_sdk/share/YDLIDAR_SDK/doc/YDLidar_SDK_Communication_Protocol.pdf
[2.647s] -- Up-to-date: /home/rasp/桌面/smart-cane/install/ydlidar_sdk/share/YDLIDAR_SDK/doc/YDLidar-SDK-Communication-Protocol.md
[2.648s] -- Up-to-date: /home/rasp/桌面/smart-cane/install/ydlidar_sdk/share/YDLIDAR_SDK/doc/tutorials
[2.649s] -- Up-to-date: /home/rasp/桌面/smart-cane/install/ydlidar_sdk/share/YDLIDAR_SDK/doc/tutorials/examine_the_simple_lidar_tutorial.md
[2.652s] -- Up-to-date: /home/rasp/桌面/smart-cane/install/ydlidar_sdk/share/YDLIDAR_SDK/doc/tutorials/writing_lidar_tutorial_c++.md
[2.652s] -- Up-to-date: /home/rasp/桌面/smart-cane/install/ydlidar_sdk/share/YDLIDAR_SDK/doc/tutorials/writing_lidar_tutorial_c.md
[2.653s] -- Up-to-date: /home/rasp/桌面/smart-cane/install/ydlidar_sdk/share/YDLIDAR_SDK/doc/tutorials/writing_lidar_tutorial_python.md
[2.662s] -- Up-to-date: /home/rasp/桌面/smart-cane/install/ydlidar_sdk/share/YDLIDAR_SDK/doc/tutorials/writing_lidar_network_adapter_tutorial_c++.md
[2.662s] -- Up-to-date: /home/rasp/桌面/smart-cane/install/ydlidar_sdk/share/YDLIDAR_SDK/doc/SDK.pdf
[2.663s] -- Up-to-date: /home/rasp/桌面/smart-cane/install/ydlidar_sdk/share/YDLIDAR_SDK/doc/FAQs
[2.664s] -- Up-to-date: /home/rasp/桌面/smart-cane/install/ydlidar_sdk/share/YDLIDAR_SDK/doc/FAQs/Hardware_FAQs_cn.md
[2.664s] -- Up-to-date: /home/rasp/桌面/smart-cane/install/ydlidar_sdk/share/YDLIDAR_SDK/doc/FAQs/Software_FAQs_cn.md
[2.665s] -- Up-to-date: /home/rasp/桌面/smart-cane/install/ydlidar_sdk/share/YDLIDAR_SDK/doc/FAQs/Hardware_FAQs.md
[2.665s] -- Up-to-date: /home/rasp/桌面/smart-cane/install/ydlidar_sdk/share/YDLIDAR_SDK/doc/FAQs/README.md
[2.666s] -- Up-to-date: /home/rasp/桌面/smart-cane/install/ydlidar_sdk/share/YDLIDAR_SDK/doc/FAQs/General_FAQs.md
[2.666s] -- Up-to-date: /home/rasp/桌面/smart-cane/install/ydlidar_sdk/share/YDLIDAR_SDK/doc/FAQs/Software_FAQs.md
[2.667s] -- Up-to-date: /home/rasp/桌面/smart-cane/install/ydlidar_sdk/share/YDLIDAR_SDK/doc/FAQs/General_FAQs_cn.md
[2.667s] -- Up-to-date: /home/rasp/桌面/smart-cane/install/ydlidar_sdk/share/YDLIDAR_SDK/doc/howto
[2.668s] -- Up-to-date: /home/rasp/桌面/smart-cane/install/ydlidar_sdk/share/YDLIDAR_SDK/doc/howto/how_to_build_and_debug_using_vscode.md
[2.668s] -- Up-to-date: /home/rasp/桌面/smart-cane/install/ydlidar_sdk/share/YDLIDAR_SDK/doc/howto/how_to_create_a_pull.md
[2.670s] -- Up-to-date: /home/rasp/桌面/smart-cane/install/ydlidar_sdk/share/YDLIDAR_SDK/doc/howto/how_to_create_a_udev_rules.md
[2.671s] -- Up-to-date: /home/rasp/桌面/smart-cane/install/ydlidar_sdk/share/YDLIDAR_SDK/doc/howto/how_to_build_and_install.md
[2.671s] -- Up-to-date: /home/rasp/桌面/smart-cane/install/ydlidar_sdk/share/YDLIDAR_SDK/doc/howto/README.md
[2.672s] -- Up-to-date: /home/rasp/桌面/smart-cane/install/ydlidar_sdk/share/YDLIDAR_SDK/doc/howto/images
[2.672s] -- Up-to-date: /home/rasp/桌面/smart-cane/install/ydlidar_sdk/share/YDLIDAR_SDK/doc/howto/images/vscode
[2.673s] -- Up-to-date: /home/rasp/桌面/smart-cane/install/ydlidar_sdk/share/YDLIDAR_SDK/doc/howto/images/vscode/tasks.png
[2.673s] -- Up-to-date: /home/rasp/桌面/smart-cane/install/ydlidar_sdk/share/YDLIDAR_SDK/doc/howto/images/vscode/run_tasks.jpg
[2.674s] -- Up-to-date: /home/rasp/桌面/smart-cane/install/ydlidar_sdk/share/YDLIDAR_SDK/doc/howto/images/sdk_init.png
[2.674s] -- Up-to-date: /home/rasp/桌面/smart-cane/install/ydlidar_sdk/share/YDLIDAR_SDK/doc/howto/images/csharp_build.png
[2.674s] -- Up-to-date: /home/rasp/桌面/smart-cane/install/ydlidar_sdk/share/YDLIDAR_SDK/doc/howto/images/ydlidar_lidar_monitor.png
[2.675s] -- Up-to-date: /home/rasp/桌面/smart-cane/install/ydlidar_sdk/share/YDLIDAR_SDK/doc/howto/images/sequence.png
[2.675s] -- Up-to-date: /home/rasp/桌面/smart-cane/install/ydlidar_sdk/share/YDLIDAR_SDK/doc/howto/images/csharp_project.png
[2.676s] -- Up-to-date: /home/rasp/桌面/smart-cane/install/ydlidar_sdk/share/YDLIDAR_SDK/doc/howto/images/csharp_exception.png
[2.676s] -- Up-to-date: /home/rasp/桌面/smart-cane/install/ydlidar_sdk/share/YDLIDAR_SDK/doc/howto/images/cpack.png
[2.680s] -- Up-to-date: /home/rasp/桌面/smart-cane/install/ydlidar_sdk/share/YDLIDAR_SDK/doc/howto/images/csharp_running.png
[2.681s] -- Up-to-date: /home/rasp/桌面/smart-cane/install/ydlidar_sdk/share/YDLIDAR_SDK/doc/howto/images/csharp_library.png
[2.682s] -- Up-to-date: /home/rasp/桌面/smart-cane/install/ydlidar_sdk/share/YDLIDAR_SDK/doc/howto/images/ttyUSB1.png
[2.684s] -- Up-to-date: /home/rasp/桌面/smart-cane/install/ydlidar_sdk/share/YDLIDAR_SDK/doc/howto/images/ttyUSB0.png
[2.686s] -- Up-to-date: /home/rasp/桌面/smart-cane/install/ydlidar_sdk/share/YDLIDAR_SDK/doc/howto/images/sdk_scanning.png
[2.689s] -- Up-to-date: /home/rasp/桌面/smart-cane/install/ydlidar_sdk/share/YDLIDAR_SDK/doc/howto/how_to_solve_slow_pull_from_cn.md
[2.691s] -- Up-to-date: /home/rasp/桌面/smart-cane/install/ydlidar_sdk/share/YDLIDAR_SDK/doc/howto/how_to_gerenrate_vs_project_by_cmake.md
[2.692s] -- Up-to-date: /home/rasp/桌面/smart-cane/install/ydlidar_sdk/share/YDLIDAR_SDK/doc/howto/how_to_create_a_csharp_project.md
[2.693s] -- Up-to-date: /home/rasp/桌面/smart-cane/install/ydlidar_sdk/startup/initenv.sh
[2.704s] -- Up-to-date: /home/rasp/桌面/smart-cane/install/ydlidar_sdk/bin/etlidar_test
[2.706s] -- Up-to-date: /home/rasp/桌面/smart-cane/install/ydlidar_sdk/bin/tof_test
[2.712s] -- Up-to-date: /home/rasp/桌面/smart-cane/install/ydlidar_sdk/bin/ydlidar_test
[2.715s] -- Up-to-date: /home/rasp/桌面/smart-cane/install/ydlidar_sdk/bin/lidar_c_api_test
[2.734s] Invoked command in '/home/rasp/桌面/smart-cane/build/ydlidar_sdk' returned '0': /usr/bin/cmake --install /home/rasp/桌面/smart-cane/build/ydlidar_sdk
