[0.522s] DEBUG:colcon:Command line arguments: ['/usr/bin/colcon', 'build', '--symlink-install']
[0.522s] DEBUG:colcon:Parsed command line arguments: Namespace(log_base=None, log_level=None, verb_name='build', build_base='build', install_base='install', merge_install=False, symlink_install=True, test_result_base=None, continue_on_error=False, executor='parallel', parallel_workers=4, event_handlers=None, ignore_user_meta=False, metas=['./colcon.meta'], base_paths=['.'], packages_ignore=None, packages_ignore_regex=None, paths=None, packages_up_to=None, packages_up_to_regex=None, packages_above=None, packages_above_and_dependencies=None, packages_above_depth=None, packages_select_by_dep=None, packages_skip_by_dep=None, packages_skip_up_to=None, packages_select_build_failed=False, packages_skip_build_finished=False, packages_select_test_failures=False, packages_skip_test_passed=False, packages_select=None, packages_skip=None, packages_select_regex=None, packages_skip_regex=None, packages_start=None, packages_end=None, allow_overriding=[], cmake_args=None, cmake_target=None, cmake_target_skip_unavailable=False, cmake_clean_cache=False, cmake_clean_first=False, cmake_force_configure=False, ament_cmake_args=None, catkin_cmake_args=None, catkin_skip_building_tests=False, verb_parser=<colcon_defaults.argument_parser.defaults.DefaultArgumentsDecorator object at 0xffffb908ac50>, verb_extension=<colcon_core.verb.build.BuildVerb object at 0xffffb9278100>, main=<bound method BuildVerb.main of <colcon_core.verb.build.BuildVerb object at 0xffffb9278100>>)
[2.744s] Level 1:colcon.colcon_core.package_discovery:discover_packages(colcon_meta) check parameters
[2.747s] Level 1:colcon.colcon_core.package_discovery:discover_packages(recursive) check parameters
[2.747s] Level 1:colcon.colcon_core.package_discovery:discover_packages(ignore) check parameters
[2.747s] Level 1:colcon.colcon_core.package_discovery:discover_packages(path) check parameters
[2.748s] Level 1:colcon.colcon_core.package_discovery:discover_packages(colcon_meta) discover
[2.748s] Level 1:colcon.colcon_core.package_discovery:discover_packages(recursive) discover
[2.749s] INFO:colcon.colcon_core.package_discovery:Crawling recursively for packages in '/home/rasp/桌面/smart-cane'
[2.750s] Level 1:colcon.colcon_core.package_identification:_identify(.) by extensions ['ignore', 'ignore_ament_install']
[2.751s] Level 1:colcon.colcon_core.package_identification:_identify(.) by extension 'ignore'
[2.752s] Level 1:colcon.colcon_core.package_identification:_identify(.) by extension 'ignore_ament_install'
[2.753s] Level 1:colcon.colcon_core.package_identification:_identify(.) by extensions ['colcon_pkg']
[2.755s] Level 1:colcon.colcon_core.package_identification:_identify(.) by extension 'colcon_pkg'
[2.755s] Level 1:colcon.colcon_core.package_identification:_identify(.) by extensions ['colcon_meta']
[2.756s] Level 1:colcon.colcon_core.package_identification:_identify(.) by extension 'colcon_meta'
[2.756s] Level 1:colcon.colcon_core.package_identification:_identify(.) by extensions ['ros']
[2.756s] Level 1:colcon.colcon_core.package_identification:_identify(.) by extension 'ros'
[2.865s] Level 1:colcon.colcon_core.package_identification:_identify(.) by extensions ['cmake', 'python']
[2.866s] Level 1:colcon.colcon_core.package_identification:_identify(.) by extension 'cmake'
[2.867s] Level 1:colcon.colcon_core.package_identification:_identify(.) by extension 'python'
[2.868s] Level 1:colcon.colcon_core.package_identification:_identify(.) by extensions ['python_setup_py']
[2.868s] Level 1:colcon.colcon_core.package_identification:_identify(.) by extension 'python_setup_py'
[2.870s] Level 1:colcon.colcon_core.package_identification:_identify(3D模型技术规格) by extensions ['ignore', 'ignore_ament_install']
[2.871s] Level 1:colcon.colcon_core.package_identification:_identify(3D模型技术规格) by extension 'ignore'
[2.871s] Level 1:colcon.colcon_core.package_identification:_identify(3D模型技术规格) by extension 'ignore_ament_install'
[2.872s] Level 1:colcon.colcon_core.package_identification:_identify(3D模型技术规格) by extensions ['colcon_pkg']
[2.873s] Level 1:colcon.colcon_core.package_identification:_identify(3D模型技术规格) by extension 'colcon_pkg'
[2.874s] Level 1:colcon.colcon_core.package_identification:_identify(3D模型技术规格) by extensions ['colcon_meta']
[2.874s] Level 1:colcon.colcon_core.package_identification:_identify(3D模型技术规格) by extension 'colcon_meta'
[2.875s] Level 1:colcon.colcon_core.package_identification:_identify(3D模型技术规格) by extensions ['ros']
[2.875s] Level 1:colcon.colcon_core.package_identification:_identify(3D模型技术规格) by extension 'ros'
[2.876s] Level 1:colcon.colcon_core.package_identification:_identify(3D模型技术规格) by extensions ['cmake', 'python']
[2.877s] Level 1:colcon.colcon_core.package_identification:_identify(3D模型技术规格) by extension 'cmake'
[2.878s] Level 1:colcon.colcon_core.package_identification:_identify(3D模型技术规格) by extension 'python'
[2.879s] Level 1:colcon.colcon_core.package_identification:_identify(3D模型技术规格) by extensions ['python_setup_py']
[2.879s] Level 1:colcon.colcon_core.package_identification:_identify(3D模型技术规格) by extension 'python_setup_py'
[2.881s] Level 1:colcon.colcon_core.package_identification:_identify(YDLidar-SDK-master) by extensions ['ignore', 'ignore_ament_install']
[2.882s] Level 1:colcon.colcon_core.package_identification:_identify(YDLidar-SDK-master) by extension 'ignore'
[2.883s] Level 1:colcon.colcon_core.package_identification:_identify(YDLidar-SDK-master) by extension 'ignore_ament_install'
[2.884s] Level 1:colcon.colcon_core.package_identification:_identify(YDLidar-SDK-master) by extensions ['colcon_pkg']
[2.885s] Level 1:colcon.colcon_core.package_identification:_identify(YDLidar-SDK-master) by extension 'colcon_pkg'
[2.885s] Level 1:colcon.colcon_core.package_identification:_identify(YDLidar-SDK-master) by extensions ['colcon_meta']
[2.886s] Level 1:colcon.colcon_core.package_identification:_identify(YDLidar-SDK-master) by extension 'colcon_meta'
[2.886s] Level 1:colcon.colcon_core.package_identification:_identify(YDLidar-SDK-master) by extensions ['ros']
[2.887s] Level 1:colcon.colcon_core.package_identification:_identify(YDLidar-SDK-master) by extension 'ros'
[2.887s] Level 1:colcon.colcon_core.package_identification:_identify(YDLidar-SDK-master) by extensions ['cmake', 'python']
[2.888s] Level 1:colcon.colcon_core.package_identification:_identify(YDLidar-SDK-master) by extension 'cmake'
[3.121s] Level 1:colcon.colcon_core.package_identification:_identify(YDLidar-SDK-master) by extension 'python'
[3.122s] DEBUG:colcon.colcon_core.package_identification:Package 'YDLidar-SDK-master' with type 'cmake' and name 'ydlidar_sdk'
[3.125s] Level 1:colcon.colcon_core.package_identification:_identify(build) by extensions ['ignore', 'ignore_ament_install']
[3.126s] Level 1:colcon.colcon_core.package_identification:_identify(build) by extension 'ignore'
[3.128s] Level 1:colcon.colcon_core.package_identification:_identify(build) ignored
[3.130s] Level 1:colcon.colcon_core.package_identification:_identify(install) by extensions ['ignore', 'ignore_ament_install']
[3.131s] Level 1:colcon.colcon_core.package_identification:_identify(install) by extension 'ignore'
[3.132s] Level 1:colcon.colcon_core.package_identification:_identify(install) ignored
[3.137s] Level 1:colcon.colcon_core.package_identification:_identify(log) by extensions ['ignore', 'ignore_ament_install']
[3.139s] Level 1:colcon.colcon_core.package_identification:_identify(log) by extension 'ignore'
[3.140s] Level 1:colcon.colcon_core.package_identification:_identify(log) ignored
[3.143s] Level 1:colcon.colcon_core.package_identification:_identify(src) by extensions ['ignore', 'ignore_ament_install']
[3.144s] Level 1:colcon.colcon_core.package_identification:_identify(src) by extension 'ignore'
[3.146s] Level 1:colcon.colcon_core.package_identification:_identify(src) by extension 'ignore_ament_install'
[3.147s] Level 1:colcon.colcon_core.package_identification:_identify(src) by extensions ['colcon_pkg']
[3.148s] Level 1:colcon.colcon_core.package_identification:_identify(src) by extension 'colcon_pkg'
[3.150s] Level 1:colcon.colcon_core.package_identification:_identify(src) by extensions ['colcon_meta']
[3.151s] Level 1:colcon.colcon_core.package_identification:_identify(src) by extension 'colcon_meta'
[3.152s] Level 1:colcon.colcon_core.package_identification:_identify(src) by extensions ['ros']
[3.153s] Level 1:colcon.colcon_core.package_identification:_identify(src) by extension 'ros'
[3.154s] Level 1:colcon.colcon_core.package_identification:_identify(src) by extensions ['cmake', 'python']
[3.155s] Level 1:colcon.colcon_core.package_identification:_identify(src) by extension 'cmake'
[3.156s] Level 1:colcon.colcon_core.package_identification:_identify(src) by extension 'python'
[3.157s] Level 1:colcon.colcon_core.package_identification:_identify(src) by extensions ['python_setup_py']
[3.158s] Level 1:colcon.colcon_core.package_identification:_identify(src) by extension 'python_setup_py'
[3.161s] Level 1:colcon.colcon_core.package_identification:_identify(src/pkg_helloworld_py) by extensions ['ignore', 'ignore_ament_install']
[3.164s] Level 1:colcon.colcon_core.package_identification:_identify(src/pkg_helloworld_py) by extension 'ignore'
[3.167s] Level 1:colcon.colcon_core.package_identification:_identify(src/pkg_helloworld_py) by extension 'ignore_ament_install'
[3.169s] Level 1:colcon.colcon_core.package_identification:_identify(src/pkg_helloworld_py) by extensions ['colcon_pkg']
[3.170s] Level 1:colcon.colcon_core.package_identification:_identify(src/pkg_helloworld_py) by extension 'colcon_pkg'
[3.172s] Level 1:colcon.colcon_core.package_identification:_identify(src/pkg_helloworld_py) by extensions ['colcon_meta']
[3.173s] Level 1:colcon.colcon_core.package_identification:_identify(src/pkg_helloworld_py) by extension 'colcon_meta'
[3.174s] Level 1:colcon.colcon_core.package_identification:_identify(src/pkg_helloworld_py) by extensions ['ros']
[3.175s] Level 1:colcon.colcon_core.package_identification:_identify(src/pkg_helloworld_py) by extension 'ros'
[3.204s] DEBUG:colcon.colcon_core.package_identification:Package 'src/pkg_helloworld_py' with type 'ros.ament_python' and name 'pkg_helloworld_py'
[3.206s] Level 1:colcon.colcon_core.package_identification:_identify(src/ydlidar_ros2_driver-master) by extensions ['ignore', 'ignore_ament_install']
[3.207s] Level 1:colcon.colcon_core.package_identification:_identify(src/ydlidar_ros2_driver-master) by extension 'ignore'
[3.209s] Level 1:colcon.colcon_core.package_identification:_identify(src/ydlidar_ros2_driver-master) by extension 'ignore_ament_install'
[3.211s] Level 1:colcon.colcon_core.package_identification:_identify(src/ydlidar_ros2_driver-master) by extensions ['colcon_pkg']
[3.212s] Level 1:colcon.colcon_core.package_identification:_identify(src/ydlidar_ros2_driver-master) by extension 'colcon_pkg'
[3.213s] Level 1:colcon.colcon_core.package_identification:_identify(src/ydlidar_ros2_driver-master) by extensions ['colcon_meta']
[3.214s] Level 1:colcon.colcon_core.package_identification:_identify(src/ydlidar_ros2_driver-master) by extension 'colcon_meta'
[3.215s] Level 1:colcon.colcon_core.package_identification:_identify(src/ydlidar_ros2_driver-master) by extensions ['ros']
[3.215s] Level 1:colcon.colcon_core.package_identification:_identify(src/ydlidar_ros2_driver-master) by extension 'ros'
[3.224s] DEBUG:colcon.colcon_core.package_identification:Package 'src/ydlidar_ros2_driver-master' with type 'ros.ament_cmake' and name 'ydlidar_ros2_driver'
[3.225s] Level 1:colcon.colcon_core.package_discovery:discover_packages(recursive) using defaults
[3.225s] Level 1:colcon.colcon_core.package_discovery:discover_packages(ignore) discover
[3.226s] Level 1:colcon.colcon_core.package_discovery:discover_packages(ignore) using defaults
[3.226s] Level 1:colcon.colcon_core.package_discovery:discover_packages(path) discover
[3.227s] Level 1:colcon.colcon_core.package_discovery:discover_packages(path) using defaults
[3.485s] Level 1:colcon.colcon_core.package_discovery:discover_packages(prefix_path) check parameters
[3.486s] Level 1:colcon.colcon_core.package_discovery:discover_packages(prefix_path) discover
[3.514s] DEBUG:colcon.colcon_installed_package_information.package_discovery:Found 1 installed packages in /home/rasp/桌面/smart-cane/install
[3.536s] DEBUG:colcon.colcon_installed_package_information.package_discovery:Found 271 installed packages in /opt/ros/humble
[3.781s] Level 1:colcon.colcon_core.package_discovery:discover_packages(prefix_path) using defaults
[4.645s] Level 5:colcon.colcon_core.verb:set package 'pkg_helloworld_py' build argument 'cmake_args' from command line to 'None'
[4.646s] Level 5:colcon.colcon_core.verb:set package 'pkg_helloworld_py' build argument 'cmake_target' from command line to 'None'
[4.648s] Level 5:colcon.colcon_core.verb:set package 'pkg_helloworld_py' build argument 'cmake_target_skip_unavailable' from command line to 'False'
[4.651s] Level 5:colcon.colcon_core.verb:set package 'pkg_helloworld_py' build argument 'cmake_clean_cache' from command line to 'False'
[4.651s] Level 5:colcon.colcon_core.verb:set package 'pkg_helloworld_py' build argument 'cmake_clean_first' from command line to 'False'
[4.653s] Level 5:colcon.colcon_core.verb:set package 'pkg_helloworld_py' build argument 'cmake_force_configure' from command line to 'False'
[4.653s] Level 5:colcon.colcon_core.verb:set package 'pkg_helloworld_py' build argument 'ament_cmake_args' from command line to 'None'
[4.654s] Level 5:colcon.colcon_core.verb:set package 'pkg_helloworld_py' build argument 'catkin_cmake_args' from command line to 'None'
[4.654s] Level 5:colcon.colcon_core.verb:set package 'pkg_helloworld_py' build argument 'catkin_skip_building_tests' from command line to 'False'
[4.655s] DEBUG:colcon.colcon_core.verb:Building package 'pkg_helloworld_py' with the following arguments: {'ament_cmake_args': None, 'build_base': '/home/rasp/桌面/smart-cane/build/pkg_helloworld_py', 'catkin_cmake_args': None, 'catkin_skip_building_tests': False, 'cmake_args': None, 'cmake_clean_cache': False, 'cmake_clean_first': False, 'cmake_force_configure': False, 'cmake_target': None, 'cmake_target_skip_unavailable': False, 'install_base': '/home/rasp/桌面/smart-cane/install/pkg_helloworld_py', 'merge_install': False, 'path': '/home/rasp/桌面/smart-cane/src/pkg_helloworld_py', 'symlink_install': True, 'test_result_base': None}
[4.657s] Level 5:colcon.colcon_core.verb:set package 'ydlidar_ros2_driver' build argument 'cmake_args' from command line to 'None'
[4.658s] Level 5:colcon.colcon_core.verb:set package 'ydlidar_ros2_driver' build argument 'cmake_target' from command line to 'None'
[4.659s] Level 5:colcon.colcon_core.verb:set package 'ydlidar_ros2_driver' build argument 'cmake_target_skip_unavailable' from command line to 'False'
[4.659s] Level 5:colcon.colcon_core.verb:set package 'ydlidar_ros2_driver' build argument 'cmake_clean_cache' from command line to 'False'
[4.660s] Level 5:colcon.colcon_core.verb:set package 'ydlidar_ros2_driver' build argument 'cmake_clean_first' from command line to 'False'
[4.661s] Level 5:colcon.colcon_core.verb:set package 'ydlidar_ros2_driver' build argument 'cmake_force_configure' from command line to 'False'
[4.662s] Level 5:colcon.colcon_core.verb:set package 'ydlidar_ros2_driver' build argument 'ament_cmake_args' from command line to 'None'
[4.663s] Level 5:colcon.colcon_core.verb:set package 'ydlidar_ros2_driver' build argument 'catkin_cmake_args' from command line to 'None'
[4.664s] Level 5:colcon.colcon_core.verb:set package 'ydlidar_ros2_driver' build argument 'catkin_skip_building_tests' from command line to 'False'
[4.664s] DEBUG:colcon.colcon_core.verb:Building package 'ydlidar_ros2_driver' with the following arguments: {'ament_cmake_args': None, 'build_base': '/home/rasp/桌面/smart-cane/build/ydlidar_ros2_driver', 'catkin_cmake_args': None, 'catkin_skip_building_tests': False, 'cmake_args': None, 'cmake_clean_cache': False, 'cmake_clean_first': False, 'cmake_force_configure': False, 'cmake_target': None, 'cmake_target_skip_unavailable': False, 'install_base': '/home/rasp/桌面/smart-cane/install/ydlidar_ros2_driver', 'merge_install': False, 'path': '/home/rasp/桌面/smart-cane/src/ydlidar_ros2_driver-master', 'symlink_install': True, 'test_result_base': None}
[4.668s] Level 5:colcon.colcon_core.verb:set package 'ydlidar_sdk' build argument 'cmake_args' from command line to 'None'
[4.669s] Level 5:colcon.colcon_core.verb:set package 'ydlidar_sdk' build argument 'cmake_target' from command line to 'None'
[4.670s] Level 5:colcon.colcon_core.verb:set package 'ydlidar_sdk' build argument 'cmake_target_skip_unavailable' from command line to 'False'
[4.670s] Level 5:colcon.colcon_core.verb:set package 'ydlidar_sdk' build argument 'cmake_clean_cache' from command line to 'False'
[4.671s] Level 5:colcon.colcon_core.verb:set package 'ydlidar_sdk' build argument 'cmake_clean_first' from command line to 'False'
[4.671s] Level 5:colcon.colcon_core.verb:set package 'ydlidar_sdk' build argument 'cmake_force_configure' from command line to 'False'
[4.672s] Level 5:colcon.colcon_core.verb:set package 'ydlidar_sdk' build argument 'ament_cmake_args' from command line to 'None'
[4.673s] Level 5:colcon.colcon_core.verb:set package 'ydlidar_sdk' build argument 'catkin_cmake_args' from command line to 'None'
[4.675s] Level 5:colcon.colcon_core.verb:set package 'ydlidar_sdk' build argument 'catkin_skip_building_tests' from command line to 'False'
[4.676s] DEBUG:colcon.colcon_core.verb:Building package 'ydlidar_sdk' with the following arguments: {'ament_cmake_args': None, 'build_base': '/home/rasp/桌面/smart-cane/build/ydlidar_sdk', 'catkin_cmake_args': None, 'catkin_skip_building_tests': False, 'cmake_args': None, 'cmake_clean_cache': False, 'cmake_clean_first': False, 'cmake_force_configure': False, 'cmake_target': None, 'cmake_target_skip_unavailable': False, 'install_base': '/home/rasp/桌面/smart-cane/install/ydlidar_sdk', 'merge_install': False, 'path': '/home/rasp/桌面/smart-cane/YDLidar-SDK-master', 'symlink_install': True, 'test_result_base': None}
[4.684s] INFO:colcon.colcon_core.executor:Executing jobs using 'parallel' executor
[4.707s] DEBUG:colcon.colcon_parallel_executor.executor.parallel:run_until_complete
[4.710s] INFO:colcon.colcon_ros.task.ament_python.build:Building ROS package in '/home/rasp/桌面/smart-cane/src/pkg_helloworld_py' with build type 'ament_python'
[4.712s] Level 1:colcon.colcon_core.shell:create_environment_hook('pkg_helloworld_py', 'ament_prefix_path')
[4.781s] INFO:colcon.colcon_core.plugin_system:Skipping extension 'colcon_core.shell.bat': Not used on non-Windows systems
[4.784s] INFO:colcon.colcon_core.shell:Creating environment hook '/home/rasp/桌面/smart-cane/install/pkg_helloworld_py/share/pkg_helloworld_py/hook/ament_prefix_path.ps1'
[4.812s] INFO:colcon.colcon_core.shell:Creating environment descriptor '/home/rasp/桌面/smart-cane/install/pkg_helloworld_py/share/pkg_helloworld_py/hook/ament_prefix_path.dsv'
[4.825s] INFO:colcon.colcon_core.shell:Creating environment hook '/home/rasp/桌面/smart-cane/install/pkg_helloworld_py/share/pkg_helloworld_py/hook/ament_prefix_path.sh'
[4.836s] INFO:colcon.colcon_core.shell:Skip shell extension 'powershell' for command environment: Not usable outside of PowerShell
[4.837s] DEBUG:colcon.colcon_core.shell:Skip shell extension 'dsv' for command environment
[4.899s] INFO:colcon.colcon_ros.task.ament_cmake.build:Building ROS package in '/home/rasp/桌面/smart-cane/src/ydlidar_ros2_driver-master' with build type 'ament_cmake'
[4.900s] INFO:colcon.colcon_cmake.task.cmake.build:Building CMake package in '/home/rasp/桌面/smart-cane/src/ydlidar_ros2_driver-master'
[4.903s] INFO:colcon.colcon_core.shell:Skip shell extension 'powershell' for command environment: Not usable outside of PowerShell
[4.906s] DEBUG:colcon.colcon_core.shell:Skip shell extension 'dsv' for command environment
[4.987s] INFO:colcon.colcon_cmake.task.cmake.build:Building CMake package in '/home/rasp/桌面/smart-cane/YDLidar-SDK-master'
[4.989s] INFO:colcon.colcon_core.shell:Skip shell extension 'powershell' for command environment: Not usable outside of PowerShell
[4.990s] DEBUG:colcon.colcon_core.shell:Skip shell extension 'dsv' for command environment
[7.502s] INFO:colcon.colcon_core.task.python.build:Building Python package in '/home/rasp/桌面/smart-cane/src/pkg_helloworld_py'
[7.503s] INFO:colcon.colcon_core.shell:Skip shell extension 'powershell' for command environment: Not usable outside of PowerShell
[7.503s] DEBUG:colcon.colcon_core.shell:Skip shell extension 'dsv' for command environment
[7.530s] DEBUG:colcon.colcon_core.event_handler.log_command:Invoking command in '/home/rasp/桌面/smart-cane/build/ydlidar_ros2_driver': CMAKE_PREFIX_PATH=/home/rasp/桌面/smart-cane/install/pkg_helloworld_py:/opt/ros/humble /usr/bin/cmake /home/rasp/桌面/smart-cane/src/ydlidar_ros2_driver-master -DAMENT_CMAKE_SYMLINK_INSTALL=1 -DCMAKE_INSTALL_PREFIX=/home/rasp/桌面/smart-cane/install/ydlidar_ros2_driver
[7.561s] DEBUG:colcon.colcon_core.event_handler.log_command:Invoking command in '/home/rasp/桌面/smart-cane/build/ydlidar_sdk': /usr/bin/cmake /home/rasp/桌面/smart-cane/YDLidar-SDK-master -DCMAKE_INSTALL_PREFIX=/home/rasp/桌面/smart-cane/install/ydlidar_sdk
[13.646s] DEBUG:colcon.colcon_core.task.python.build:While undoing a previous installation files outside the Python library path are being ignored: /home/rasp/桌面/smart-cane/install/pkg_helloworld_py/share/ament_index/resource_index/packages/pkg_helloworld_py
[13.647s] DEBUG:colcon.colcon_core.task.python.build:While undoing a previous installation files outside the Python library path are being ignored: /home/rasp/桌面/smart-cane/install/pkg_helloworld_py/share/pkg_helloworld_py/package.xml
[13.649s] DEBUG:colcon.colcon_core.task.python.build:While undoing a previous installation files outside the Python library path are being ignored: /home/rasp/桌面/smart-cane/install/pkg_helloworld_py/share/pkg_helloworld_py/launch/single_node_launch.py
[13.654s] DEBUG:colcon.colcon_core.task.python.build:While undoing a previous installation files outside the Python library path are being ignored: /home/rasp/桌面/smart-cane/install/pkg_helloworld_py/lib/pkg_helloworld_py/helloworld
[13.697s] DEBUG:colcon.colcon_core.event_handler.log_command:Invoking command in '/home/rasp/桌面/smart-cane/build/pkg_helloworld_py': PYTHONPATH=/home/rasp/桌面/smart-cane/build/pkg_helloworld_py/prefix_override:/usr/lib/python3/dist-packages/colcon_core/task/python/colcon_distutils_commands:/home/rasp/桌面/smart-cane/install/pkg_helloworld_py/lib/python3.10/site-packages:${PYTHONPATH} /usr/bin/python3 -W ignore:setup.py install is deprecated -W ignore:easy_install command is deprecated setup.py develop --editable --build-directory /home/rasp/桌面/smart-cane/build/pkg_helloworld_py/build --no-deps symlink_data --force
[17.480s] DEBUG:colcon.colcon_core.event_handler.log_command:Invoked command in '/home/rasp/桌面/smart-cane/build/ydlidar_sdk' returned '0': /usr/bin/cmake /home/rasp/桌面/smart-cane/YDLidar-SDK-master -DCMAKE_INSTALL_PREFIX=/home/rasp/桌面/smart-cane/install/ydlidar_sdk
[17.486s] DEBUG:colcon.colcon_core.event_handler.log_command:Invoking command in '/home/rasp/桌面/smart-cane/build/ydlidar_sdk': /usr/bin/cmake --build /home/rasp/桌面/smart-cane/build/ydlidar_sdk -- -j4 -l4
[25.455s] Level 1:colcon.colcon_core.shell:create_environment_hook('pkg_helloworld_py', 'pythonpath_develop')
[25.458s] DEBUG:colcon.colcon_core.event_handler.log_command:Invoked command in '/home/rasp/桌面/smart-cane/build/pkg_helloworld_py' returned '0': PYTHONPATH=/home/rasp/桌面/smart-cane/build/pkg_helloworld_py/prefix_override:/usr/lib/python3/dist-packages/colcon_core/task/python/colcon_distutils_commands:/home/rasp/桌面/smart-cane/install/pkg_helloworld_py/lib/python3.10/site-packages:${PYTHONPATH} /usr/bin/python3 -W ignore:setup.py install is deprecated -W ignore:easy_install command is deprecated setup.py develop --editable --build-directory /home/rasp/桌面/smart-cane/build/pkg_helloworld_py/build --no-deps symlink_data --force
[25.462s] INFO:colcon.colcon_core.shell:Creating environment hook '/home/rasp/桌面/smart-cane/build/pkg_helloworld_py/share/pkg_helloworld_py/hook/pythonpath_develop.ps1'
[25.484s] INFO:colcon.colcon_core.shell:Creating environment descriptor '/home/rasp/桌面/smart-cane/build/pkg_helloworld_py/share/pkg_helloworld_py/hook/pythonpath_develop.dsv'
[25.516s] INFO:colcon.colcon_core.shell:Creating environment hook '/home/rasp/桌面/smart-cane/build/pkg_helloworld_py/share/pkg_helloworld_py/hook/pythonpath_develop.sh'
[25.809s] Level 1:colcon.colcon_core.environment:checking '/home/rasp/桌面/smart-cane/install/pkg_helloworld_py' for CMake module files
[25.850s] Level 1:colcon.colcon_core.environment:checking '/home/rasp/桌面/smart-cane/install/pkg_helloworld_py' for CMake config files
[25.919s] Level 1:colcon.colcon_core.environment:checking '/home/rasp/桌面/smart-cane/install/pkg_helloworld_py/lib'
[25.936s] Level 1:colcon.colcon_core.environment:checking '/home/rasp/桌面/smart-cane/install/pkg_helloworld_py/bin'
[25.937s] Level 1:colcon.colcon_core.environment:checking '/home/rasp/桌面/smart-cane/install/pkg_helloworld_py/lib/pkgconfig/pkg_helloworld_py.pc'
[25.938s] Level 1:colcon.colcon_core.environment:checking '/home/rasp/桌面/smart-cane/install/pkg_helloworld_py/lib/python3.10/site-packages'
[25.939s] Level 1:colcon.colcon_core.shell:create_environment_hook('pkg_helloworld_py', 'pythonpath')
[25.959s] INFO:colcon.colcon_core.shell:Creating environment hook '/home/rasp/桌面/smart-cane/install/pkg_helloworld_py/share/pkg_helloworld_py/hook/pythonpath.ps1'
[25.995s] INFO:colcon.colcon_core.shell:Creating environment descriptor '/home/rasp/桌面/smart-cane/install/pkg_helloworld_py/share/pkg_helloworld_py/hook/pythonpath.dsv'
[26.003s] INFO:colcon.colcon_core.shell:Creating environment hook '/home/rasp/桌面/smart-cane/install/pkg_helloworld_py/share/pkg_helloworld_py/hook/pythonpath.sh'
[26.046s] Level 1:colcon.colcon_core.environment:checking '/home/rasp/桌面/smart-cane/install/pkg_helloworld_py/bin'
[26.068s] Level 1:colcon.colcon_core.environment:create_environment_scripts_only(pkg_helloworld_py)
[26.087s] INFO:colcon.colcon_core.shell:Creating package script '/home/rasp/桌面/smart-cane/install/pkg_helloworld_py/share/pkg_helloworld_py/package.ps1'
[26.096s] INFO:colcon.colcon_core.shell:Creating package descriptor '/home/rasp/桌面/smart-cane/install/pkg_helloworld_py/share/pkg_helloworld_py/package.dsv'
[26.109s] INFO:colcon.colcon_core.shell:Creating package script '/home/rasp/桌面/smart-cane/install/pkg_helloworld_py/share/pkg_helloworld_py/package.sh'
[26.129s] INFO:colcon.colcon_core.shell:Creating package script '/home/rasp/桌面/smart-cane/install/pkg_helloworld_py/share/pkg_helloworld_py/package.bash'
[26.146s] INFO:colcon.colcon_core.shell:Creating package script '/home/rasp/桌面/smart-cane/install/pkg_helloworld_py/share/pkg_helloworld_py/package.zsh'
[26.162s] Level 1:colcon.colcon_core.environment:create_file_with_runtime_dependencies(/home/rasp/桌面/smart-cane/install/pkg_helloworld_py/share/colcon-core/packages/pkg_helloworld_py)
[38.036s] DEBUG:colcon.colcon_core.event_handler.log_command:Invoked command in '/home/rasp/桌面/smart-cane/build/ydlidar_ros2_driver' returned '0': CMAKE_PREFIX_PATH=/home/rasp/桌面/smart-cane/install/pkg_helloworld_py:/opt/ros/humble /usr/bin/cmake /home/rasp/桌面/smart-cane/src/ydlidar_ros2_driver-master -DAMENT_CMAKE_SYMLINK_INSTALL=1 -DCMAKE_INSTALL_PREFIX=/home/rasp/桌面/smart-cane/install/ydlidar_ros2_driver
[38.075s] DEBUG:colcon.colcon_core.event_handler.log_command:Invoking command in '/home/rasp/桌面/smart-cane/build/ydlidar_ros2_driver': CMAKE_PREFIX_PATH=/home/rasp/桌面/smart-cane/install/pkg_helloworld_py:/opt/ros/humble /usr/bin/cmake --build /home/rasp/桌面/smart-cane/build/ydlidar_ros2_driver -- -j4 -l4
[68.127s] DEBUG:colcon.colcon_core.event_handler.log_command:Invoked command in '/home/rasp/桌面/smart-cane/build/ydlidar_ros2_driver' returned '2': CMAKE_PREFIX_PATH=/home/rasp/桌面/smart-cane/install/pkg_helloworld_py:/opt/ros/humble /usr/bin/cmake --build /home/rasp/桌面/smart-cane/build/ydlidar_ros2_driver -- -j4 -l4
[68.131s] Level 1:colcon.colcon_core.environment:create_environment_scripts_only(ydlidar_ros2_driver)
[68.134s] Level 1:colcon.colcon_core.environment:checking '/home/rasp/桌面/smart-cane/install/ydlidar_ros2_driver' for CMake module files
[68.137s] Level 1:colcon.colcon_core.environment:checking '/home/rasp/桌面/smart-cane/install/ydlidar_ros2_driver' for CMake config files
[68.139s] Level 1:colcon.colcon_core.environment:checking '/home/rasp/桌面/smart-cane/install/ydlidar_ros2_driver/bin'
[68.139s] Level 1:colcon.colcon_core.environment:checking '/home/rasp/桌面/smart-cane/install/ydlidar_ros2_driver/lib/pkgconfig/ydlidar_ros2_driver.pc'
[68.141s] Level 1:colcon.colcon_core.environment:checking '/home/rasp/桌面/smart-cane/install/ydlidar_ros2_driver/lib/python3.10/site-packages'
[68.142s] Level 1:colcon.colcon_core.environment:checking '/home/rasp/桌面/smart-cane/install/ydlidar_ros2_driver/bin'
[68.144s] INFO:colcon.colcon_core.shell:Creating package script '/home/rasp/桌面/smart-cane/install/ydlidar_ros2_driver/share/ydlidar_ros2_driver/package.ps1'
[68.153s] INFO:colcon.colcon_core.shell:Creating package descriptor '/home/rasp/桌面/smart-cane/install/ydlidar_ros2_driver/share/ydlidar_ros2_driver/package.dsv'
[68.158s] INFO:colcon.colcon_core.shell:Creating package script '/home/rasp/桌面/smart-cane/install/ydlidar_ros2_driver/share/ydlidar_ros2_driver/package.sh'
[68.162s] INFO:colcon.colcon_core.shell:Creating package script '/home/rasp/桌面/smart-cane/install/ydlidar_ros2_driver/share/ydlidar_ros2_driver/package.bash'
[68.168s] INFO:colcon.colcon_core.shell:Creating package script '/home/rasp/桌面/smart-cane/install/ydlidar_ros2_driver/share/ydlidar_ros2_driver/package.zsh'
[68.175s] Level 1:colcon.colcon_core.environment:create_file_with_runtime_dependencies(/home/rasp/桌面/smart-cane/install/ydlidar_ros2_driver/share/colcon-core/packages/ydlidar_ros2_driver)
[79.156s] DEBUG:colcon.colcon_parallel_executor.executor.parallel:closing loop
[79.159s] DEBUG:colcon.colcon_parallel_executor.executor.parallel:loop closed
[79.160s] DEBUG:colcon.colcon_parallel_executor.executor.parallel:run_until_complete finished with '2'
[79.165s] DEBUG:colcon.colcon_core.event_reactor:joining thread
[79.282s] INFO:colcon.colcon_core.plugin_system:Skipping extension 'colcon_notification.desktop_notification.terminal_notifier': Not used on non-Darwin systems
[79.284s] INFO:colcon.colcon_core.plugin_system:Skipping extension 'colcon_notification.desktop_notification.win32': Not used on non-Windows systems
[79.284s] INFO:colcon.colcon_notification.desktop_notification:Sending desktop notification using 'notify2'
[79.740s] DEBUG:colcon.colcon_core.event_reactor:joined thread
[79.743s] INFO:colcon.colcon_core.shell:Creating prefix script '/home/rasp/桌面/smart-cane/install/local_setup.ps1'
[79.760s] INFO:colcon.colcon_core.shell:Creating prefix util module '/home/rasp/桌面/smart-cane/install/_local_setup_util_ps1.py'
[79.779s] INFO:colcon.colcon_core.shell:Creating prefix chain script '/home/rasp/桌面/smart-cane/install/setup.ps1'
[79.807s] INFO:colcon.colcon_core.shell:Creating prefix script '/home/rasp/桌面/smart-cane/install/local_setup.sh'
[79.848s] INFO:colcon.colcon_core.shell:Creating prefix util module '/home/rasp/桌面/smart-cane/install/_local_setup_util_sh.py'
[79.860s] INFO:colcon.colcon_core.shell:Creating prefix chain script '/home/rasp/桌面/smart-cane/install/setup.sh'
[79.878s] INFO:colcon.colcon_core.shell:Creating prefix script '/home/rasp/桌面/smart-cane/install/local_setup.bash'
[79.897s] INFO:colcon.colcon_core.shell:Creating prefix chain script '/home/rasp/桌面/smart-cane/install/setup.bash'
[79.922s] INFO:colcon.colcon_core.shell:Creating prefix script '/home/rasp/桌面/smart-cane/install/local_setup.zsh'
[79.941s] INFO:colcon.colcon_core.shell:Creating prefix chain script '/home/rasp/桌面/smart-cane/install/setup.zsh'
